2024-01-03 11:07:46.188 [info] Extension host with pid 1370 started
2024-01-03 11:07:46.259 [info] ExtensionService#_doActivateExtension vscode.git-base, startup: true, activationEvent: '*', root cause: vscode.git
2024-01-03 11:07:46.293 [info] ExtensionService#_doActivateExtension vscode.git, startup: true, activationEvent: '*'
2024-01-03 11:07:46.293 [info] ExtensionService#_doActivateExtension vscode.github, startup: true, activationEvent: '*'
2024-01-03 11:07:46.604 [info] Eager extensions activated
2024-01-03 11:07:46.604 [info] ExtensionService#_doActivateExtension vscode.debug-auto-launch, startup: false, activationEvent: 'onStartupFinished'
2024-01-03 11:07:46.605 [info] ExtensionService#_doActivateExtension vscode.merge-conflict, startup: false, activationEvent: 'onStartupFinished'
2024-01-03 11:07:53.919 [info] ExtensionService#_doActivateExtension ms-python.python, startup: false, activationEvent: 'onLanguage:python'
2024-01-03 11:07:53.922 [info] ExtensionService#_doActivateExtension vscode.emmet, startup: false, activationEvent: 'onLanguage'
2024-01-03 11:07:54.759 [info] ExtensionService#_doActivateExtension ms-python.vscode-pylance, startup: false, activationEvent: 'onLanguage:python'
2024-01-03 11:08:17.080 [info] ExtensionService#_doActivateExtension vscode.debug-server-ready, startup: false, activationEvent: 'onDebugResolve'
2024-01-03 11:08:26.102 [info] ExtensionService#_doActivateExtension vscode.json-language-features, startup: false, activationEvent: 'onLanguage:jsonc'
2024-01-03 11:08:26.102 [info] ExtensionService#_doActivateExtension vscode.typescript-language-features, startup: false, activationEvent: 'onLanguage:jsonc'
2024-01-03 11:08:34.002 [error] Error: Invalid debug adapter
    at v.m (vscode-file://vscode-app/private/var/folders/bf/pml82x852094bj08cg668w9w0000gn/T/AppTranslocation/9E17F54C-2671-462E-8E5E-1F9C8915F9D4/d/Visual%20Studio%20Code.app/Contents/Resources/app/out/vs/workbench/workbench.desktop.main.js:1552:95)
    at v.$acceptDAError (vscode-file://vscode-app/private/var/folders/bf/pml82x852094bj08cg668w9w0000gn/T/AppTranslocation/9E17F54C-2671-462E-8E5E-1F9C8915F9D4/d/Visual%20Studio%20Code.app/Contents/Resources/app/out/vs/workbench/workbench.desktop.main.js:1551:7629)
    at $.S (vscode-file://vscode-app/private/var/folders/bf/pml82x852094bj08cg668w9w0000gn/T/AppTranslocation/9E17F54C-2671-462E-8E5E-1F9C8915F9D4/d/Visual%20Studio%20Code.app/Contents/Resources/app/out/vs/workbench/workbench.desktop.main.js:1560:18856)
    at $.Q (vscode-file://vscode-app/private/var/folders/bf/pml82x852094bj08cg668w9w0000gn/T/AppTranslocation/9E17F54C-2671-462E-8E5E-1F9C8915F9D4/d/Visual%20Studio%20Code.app/Contents/Resources/app/out/vs/workbench/workbench.desktop.main.js:1560:18622)
    at $.M (vscode-file://vscode-app/private/var/folders/bf/pml82x852094bj08cg668w9w0000gn/T/AppTranslocation/9E17F54C-2671-462E-8E5E-1F9C8915F9D4/d/Visual%20Studio%20Code.app/Contents/Resources/app/out/vs/workbench/workbench.desktop.main.js:1560:17715)
    at $.L (vscode-file://vscode-app/private/var/folders/bf/pml82x852094bj08cg668w9w0000gn/T/AppTranslocation/9E17F54C-2671-462E-8E5E-1F9C8915F9D4/d/Visual%20Studio%20Code.app/Contents/Resources/app/out/vs/workbench/workbench.desktop.main.js:1560:16794)
    at u.value (vscode-file://vscode-app/private/var/folders/bf/pml82x852094bj08cg668w9w0000gn/T/AppTranslocation/9E17F54C-2671-462E-8E5E-1F9C8915F9D4/d/Visual%20Studio%20Code.app/Contents/Resources/app/out/vs/workbench/workbench.desktop.main.js:1560:15597)
    at f.y (vscode-file://vscode-app/private/var/folders/bf/pml82x852094bj08cg668w9w0000gn/T/AppTranslocation/9E17F54C-2671-462E-8E5E-1F9C8915F9D4/d/Visual%20Studio%20Code.app/Contents/Resources/app/out/vs/workbench/workbench.desktop.main.js:87:1902)
    at f.fire (vscode-file://vscode-app/private/var/folders/bf/pml82x852094bj08cg668w9w0000gn/T/AppTranslocation/9E17F54C-2671-462E-8E5E-1F9C8915F9D4/d/Visual%20Studio%20Code.app/Contents/Resources/app/out/vs/workbench/workbench.desktop.main.js:87:2119)
    at s.fire (vscode-file://vscode-app/private/var/folders/bf/pml82x852094bj08cg668w9w0000gn/T/AppTranslocation/9E17F54C-2671-462E-8E5E-1F9C8915F9D4/d/Visual%20Studio%20Code.app/Contents/Resources/app/out/vs/workbench/workbench.desktop.main.js:616:14396)
    at b.z (vscode-file://vscode-app/private/var/folders/bf/pml82x852094bj08cg668w9w0000gn/T/AppTranslocation/9E17F54C-2671-462E-8E5E-1F9C8915F9D4/d/Visual%20Studio%20Code.app/Contents/Resources/app/out/vs/workbench/workbench.desktop.main.js:616:17461)
    at u.value (vscode-file://vscode-app/private/var/folders/bf/pml82x852094bj08cg668w9w0000gn/T/AppTranslocation/9E17F54C-2671-462E-8E5E-1F9C8915F9D4/d/Visual%20Studio%20Code.app/Contents/Resources/app/out/vs/workbench/workbench.desktop.main.js:616:15913)
    at f.y (vscode-file://vscode-app/private/var/folders/bf/pml82x852094bj08cg668w9w0000gn/T/AppTranslocation/9E17F54C-2671-462E-8E5E-1F9C8915F9D4/d/Visual%20Studio%20Code.app/Contents/Resources/app/out/vs/workbench/workbench.desktop.main.js:87:1902)
    at f.fire (vscode-file://vscode-app/private/var/folders/bf/pml82x852094bj08cg668w9w0000gn/T/AppTranslocation/9E17F54C-2671-462E-8E5E-1F9C8915F9D4/d/Visual%20Studio%20Code.app/Contents/Resources/app/out/vs/workbench/workbench.desktop.main.js:87:2119)
    at u.acceptChunk (vscode-file://vscode-app/private/var/folders/bf/pml82x852094bj08cg668w9w0000gn/T/AppTranslocation/9E17F54C-2671-462E-8E5E-1F9C8915F9D4/d/Visual%20Studio%20Code.app/Contents/Resources/app/out/vs/workbench/workbench.desktop.main.js:616:12170)
    at vscode-file://vscode-app/private/var/folders/bf/pml82x852094bj08cg668w9w0000gn/T/AppTranslocation/9E17F54C-2671-462E-8E5E-1F9C8915F9D4/d/Visual%20Studio%20Code.app/Contents/Resources/app/out/vs/workbench/workbench.desktop.main.js:616:11457
    at u.value (vscode-file://vscode-app/private/var/folders/bf/pml82x852094bj08cg668w9w0000gn/T/AppTranslocation/9E17F54C-2671-462E-8E5E-1F9C8915F9D4/d/Visual%20Studio%20Code.app/Contents/Resources/app/out/vs/workbench/workbench.desktop.main.js:676:4917)
    at f.y (vscode-file://vscode-app/private/var/folders/bf/pml82x852094bj08cg668w9w0000gn/T/AppTranslocation/9E17F54C-2671-462E-8E5E-1F9C8915F9D4/d/Visual%20Studio%20Code.app/Contents/Resources/app/out/vs/workbench/workbench.desktop.main.js:87:1902)
    at f.fire (vscode-file://vscode-app/private/var/folders/bf/pml82x852094bj08cg668w9w0000gn/T/AppTranslocation/9E17F54C-2671-462E-8E5E-1F9C8915F9D4/d/Visual%20Studio%20Code.app/Contents/Resources/app/out/vs/workbench/workbench.desktop.main.js:87:2119)
    at j.onload (vscode-file://vscode-app/private/var/folders/bf/pml82x852094bj08cg668w9w0000gn/T/AppTranslocation/9E17F54C-2671-462E-8E5E-1F9C8915F9D4/d/Visual%20Studio%20Code.app/Contents/Resources/app/out/vs/workbench/workbench.desktop.main.js:676:3301)
2024-01-03 11:08:34.003 [error] Error: Invalid debug adapter
    at v.m (vscode-file://vscode-app/private/var/folders/bf/pml82x852094bj08cg668w9w0000gn/T/AppTranslocation/9E17F54C-2671-462E-8E5E-1F9C8915F9D4/d/Visual%20Studio%20Code.app/Contents/Resources/app/out/vs/workbench/workbench.desktop.main.js:1552:95)
    at v.$acceptDAExit (vscode-file://vscode-app/private/var/folders/bf/pml82x852094bj08cg668w9w0000gn/T/AppTranslocation/9E17F54C-2671-462E-8E5E-1F9C8915F9D4/d/Visual%20Studio%20Code.app/Contents/Resources/app/out/vs/workbench/workbench.desktop.main.js:1552:35)
    at $.S (vscode-file://vscode-app/private/var/folders/bf/pml82x852094bj08cg668w9w0000gn/T/AppTranslocation/9E17F54C-2671-462E-8E5E-1F9C8915F9D4/d/Visual%20Studio%20Code.app/Contents/Resources/app/out/vs/workbench/workbench.desktop.main.js:1560:18856)
    at $.Q (vscode-file://vscode-app/private/var/folders/bf/pml82x852094bj08cg668w9w0000gn/T/AppTranslocation/9E17F54C-2671-462E-8E5E-1F9C8915F9D4/d/Visual%20Studio%20Code.app/Contents/Resources/app/out/vs/workbench/workbench.desktop.main.js:1560:18622)
    at $.M (vscode-file://vscode-app/private/var/folders/bf/pml82x852094bj08cg668w9w0000gn/T/AppTranslocation/9E17F54C-2671-462E-8E5E-1F9C8915F9D4/d/Visual%20Studio%20Code.app/Contents/Resources/app/out/vs/workbench/workbench.desktop.main.js:1560:17715)
    at $.L (vscode-file://vscode-app/private/var/folders/bf/pml82x852094bj08cg668w9w0000gn/T/AppTranslocation/9E17F54C-2671-462E-8E5E-1F9C8915F9D4/d/Visual%20Studio%20Code.app/Contents/Resources/app/out/vs/workbench/workbench.desktop.main.js:1560:16933)
    at u.value (vscode-file://vscode-app/private/var/folders/bf/pml82x852094bj08cg668w9w0000gn/T/AppTranslocation/9E17F54C-2671-462E-8E5E-1F9C8915F9D4/d/Visual%20Studio%20Code.app/Contents/Resources/app/out/vs/workbench/workbench.desktop.main.js:1560:15597)
    at f.y (vscode-file://vscode-app/private/var/folders/bf/pml82x852094bj08cg668w9w0000gn/T/AppTranslocation/9E17F54C-2671-462E-8E5E-1F9C8915F9D4/d/Visual%20Studio%20Code.app/Contents/Resources/app/out/vs/workbench/workbench.desktop.main.js:87:1902)
    at f.fire (vscode-file://vscode-app/private/var/folders/bf/pml82x852094bj08cg668w9w0000gn/T/AppTranslocation/9E17F54C-2671-462E-8E5E-1F9C8915F9D4/d/Visual%20Studio%20Code.app/Contents/Resources/app/out/vs/workbench/workbench.desktop.main.js:87:2119)
    at s.fire (vscode-file://vscode-app/private/var/folders/bf/pml82x852094bj08cg668w9w0000gn/T/AppTranslocation/9E17F54C-2671-462E-8E5E-1F9C8915F9D4/d/Visual%20Studio%20Code.app/Contents/Resources/app/out/vs/workbench/workbench.desktop.main.js:616:14396)
    at b.z (vscode-file://vscode-app/private/var/folders/bf/pml82x852094bj08cg668w9w0000gn/T/AppTranslocation/9E17F54C-2671-462E-8E5E-1F9C8915F9D4/d/Visual%20Studio%20Code.app/Contents/Resources/app/out/vs/workbench/workbench.desktop.main.js:616:17461)
    at u.value (vscode-file://vscode-app/private/var/folders/bf/pml82x852094bj08cg668w9w0000gn/T/AppTranslocation/9E17F54C-2671-462E-8E5E-1F9C8915F9D4/d/Visual%20Studio%20Code.app/Contents/Resources/app/out/vs/workbench/workbench.desktop.main.js:616:15913)
    at f.y (vscode-file://vscode-app/private/var/folders/bf/pml82x852094bj08cg668w9w0000gn/T/AppTranslocation/9E17F54C-2671-462E-8E5E-1F9C8915F9D4/d/Visual%20Studio%20Code.app/Contents/Resources/app/out/vs/workbench/workbench.desktop.main.js:87:1902)
    at f.fire (vscode-file://vscode-app/private/var/folders/bf/pml82x852094bj08cg668w9w0000gn/T/AppTranslocation/9E17F54C-2671-462E-8E5E-1F9C8915F9D4/d/Visual%20Studio%20Code.app/Contents/Resources/app/out/vs/workbench/workbench.desktop.main.js:87:2119)
    at u.acceptChunk (vscode-file://vscode-app/private/var/folders/bf/pml82x852094bj08cg668w9w0000gn/T/AppTranslocation/9E17F54C-2671-462E-8E5E-1F9C8915F9D4/d/Visual%20Studio%20Code.app/Contents/Resources/app/out/vs/workbench/workbench.desktop.main.js:616:12170)
    at vscode-file://vscode-app/private/var/folders/bf/pml82x852094bj08cg668w9w0000gn/T/AppTranslocation/9E17F54C-2671-462E-8E5E-1F9C8915F9D4/d/Visual%20Studio%20Code.app/Contents/Resources/app/out/vs/workbench/workbench.desktop.main.js:616:11457
    at u.value (vscode-file://vscode-app/private/var/folders/bf/pml82x852094bj08cg668w9w0000gn/T/AppTranslocation/9E17F54C-2671-462E-8E5E-1F9C8915F9D4/d/Visual%20Studio%20Code.app/Contents/Resources/app/out/vs/workbench/workbench.desktop.main.js:676:4917)
    at f.y (vscode-file://vscode-app/private/var/folders/bf/pml82x852094bj08cg668w9w0000gn/T/AppTranslocation/9E17F54C-2671-462E-8E5E-1F9C8915F9D4/d/Visual%20Studio%20Code.app/Contents/Resources/app/out/vs/workbench/workbench.desktop.main.js:87:1902)
    at f.fire (vscode-file://vscode-app/private/var/folders/bf/pml82x852094bj08cg668w9w0000gn/T/AppTranslocation/9E17F54C-2671-462E-8E5E-1F9C8915F9D4/d/Visual%20Studio%20Code.app/Contents/Resources/app/out/vs/workbench/workbench.desktop.main.js:87:2119)
    at j.onload (vscode-file://vscode-app/private/var/folders/bf/pml82x852094bj08cg668w9w0000gn/T/AppTranslocation/9E17F54C-2671-462E-8E5E-1F9C8915F9D4/d/Visual%20Studio%20Code.app/Contents/Resources/app/out/vs/workbench/workbench.desktop.main.js:676:3301)
