2024-01-05 09:13:50.712 [info] Extension host with pid 1923 started
2024-01-05 09:13:50.772 [info] ExtensionService#_doActivateExtension vscode.git-base, startup: true, activationEvent: '*', root cause: vscode.git
2024-01-05 09:13:50.794 [info] ExtensionService#_doActivateExtension vscode.git, startup: true, activationEvent: '*'
2024-01-05 09:13:50.795 [info] ExtensionService#_doActivateExtension vscode.github, startup: true, activationEvent: '*'
2024-01-05 09:13:51.241 [info] Eager extensions activated
2024-01-05 09:13:51.241 [info] ExtensionService#_doActivateExtension vscode.debug-auto-launch, startup: false, activationEvent: 'onStartupFinished'
2024-01-05 09:13:51.242 [info] ExtensionService#_doActivateExtension vscode.merge-conflict, startup: false, activationEvent: 'onStartupFinished'
2024-01-05 09:13:56.453 [info] ExtensionService#_doActivateExtension ms-python.python, startup: false, activationEvent: 'onLanguage:python'
2024-01-05 09:13:56.456 [info] ExtensionService#_doActivateExtension vscode.emmet, startup: false, activationEvent: 'onLanguage'
2024-01-05 09:13:57.317 [info] ExtensionService#_doActivateExtension ms-python.vscode-pylance, startup: false, activationEvent: 'onLanguage:python'
2024-01-05 11:11:47.057 [error] [ms-python.python] provider FAILED
2024-01-05 11:11:47.058 [error] TypeError: Cannot read properties of undefined (reading 'data')
	at /home/johnchu/.vscode-server/extensions/ms-python.vscode-pylance-2023.12.1/dist/extension.bundle.js:1:139672
	at _0x1be708 (/home/johnchu/.vscode-server/extensions/ms-python.vscode-pylance-2023.12.1/dist/extension.bundle.js:1:152856)
	at async ie.provideCompletionItems (/home/johnchu/.vscode-server/bin/1a5daa3a0231a0fbba4f14db7ec463cf99d7768e/out/vs/workbench/api/node/extensionHostProcess.js:127:52281)
2024-01-05 11:19:23.145 [error] [ms-python.python] provider FAILED
2024-01-05 11:19:23.145 [error] TypeError: Cannot read properties of undefined (reading 'data')
	at /home/johnchu/.vscode-server/extensions/ms-python.vscode-pylance-2023.12.1/dist/extension.bundle.js:1:139672
	at _0x1be708 (/home/johnchu/.vscode-server/extensions/ms-python.vscode-pylance-2023.12.1/dist/extension.bundle.js:1:152856)
	at async ie.provideCompletionItems (/home/johnchu/.vscode-server/bin/1a5daa3a0231a0fbba4f14db7ec463cf99d7768e/out/vs/workbench/api/node/extensionHostProcess.js:127:52281)
2024-01-05 13:24:59.487 [info] Extension host terminating: renderer disconnected for too long (2)
2024-01-05 13:24:59.756 [info] Extension host with pid 1923 exiting with code 0
