2024-01-05 21:35:50.123 [info] 實驗 'pythonRecommendTensorboardExtcf' 為使用中
2024-01-05 21:35:50.124 [info] 實驗 'pythonREPLSmartSend' 為使用中
2024-01-05 21:35:50.124 [info] 實驗 'pythonTerminalEnvVarActivationcf' 為使用中
2024-01-05 21:35:50.124 [info] 實驗 'pythonTestAdapter' 為使用中
2024-01-05 21:35:50.124 [info] Test server listening.
2024-01-05 21:35:52.184 [info] 正在啟動 Pylance 語言伺服器。
2024-01-05 21:35:53.629 [info] 實驗 'pythonRecommendTensorboardExtcf' 為使用中
2024-01-05 21:35:53.629 [info] 實驗 'pythonREPLSmartSend' 為使用中
2024-01-05 21:35:53.629 [info] 實驗 'pythonTerminalEnvVarActivationcf' 為使用中
2024-01-05 21:35:53.629 [info] 實驗 'pythonTestAdapter' 為使用中
2024-01-05 21:35:53.810 [info] Default formatter is set to null for workspace /home/johnchu
2024-01-05 21:35:53.826 [info] Test server listening.
2024-01-05 21:35:53.828 [info] Python 解譯器路徑: /bin/python3
2024-01-05 21:35:54.124 [info] > /bin/python3 -I ./.vscode-server/extensions/ms-python.python-2023.22.1/pythonFiles/get_output_via_markers.py ./.vscode-server/extensions/ms-python.python-2023.22.1/pythonFiles/interpreterInfo.py
2024-01-05 21:35:54.507 [warning] Retry failed, storage update failed for key PYTHON_WORKSPACE_STORAGE_KEYS
2024-01-05 21:35:54.507 [warning] Retry failed, storage update failed for key PYTHON_WORKSPACE_STORAGE_KEYS
2024-01-05 21:35:54.507 [warning] Retry failed, storage update failed for key PYTHON_WORKSPACE_STORAGE_KEYS
2024-01-05 21:35:55.672 [info] 正在啟動 Pylance 語言伺服器。
2024-01-05 21:41:05.153 [info] Discover tests for workspace name: johnchu - uri: /home/johnchu/eazyweb.py
2024-01-05 21:45:08.551 [info] Discover tests for workspace name: johnchu - uri: /home/johnchu/eazyweb.py
2024-01-05 22:00:09.970 [info] Discover tests for workspace name: johnchu - uri: /home/johnchu/eazyweb.py
2024-01-05 22:04:50.904 [info] Discover tests for workspace name: johnchu - uri: /home/johnchu/eazyweb.py
