2024-01-08 09:15:11.542 [info] 記錄層級: Info
2024-01-08 09:15:11.542 [info] 正在驗證在下列位置找到的 Git: "git"
2024-01-08 09:15:11.542 [info] 正在使用來自 "2.34.1" 的 Git "git"
2024-01-08 09:15:17.199 [info] > git rev-parse --show-toplevel [12ms]
2024-01-08 09:15:17.208 [info] > git rev-parse --git-dir --git-common-dir [3ms]
2024-01-08 09:15:17.222 [info] Open repository: /home/johnchu
2024-01-08 09:15:17.246 [info] > git config --get commit.template [13ms]
2024-01-08 09:15:17.262 [info] > git for-each-ref --format=%(refname)%00%(upstream:short)%00%(objectname)%00%(upstream:track)%00%(upstream:remotename)%00%(upstream:remoteref) refs/heads/master refs/remotes/master [19ms]
2024-01-08 09:15:18.577 [info] > git status -z -uall [1308ms]
2024-01-08 09:15:18.642 [info] > git check-ignore -v -z --stdin [69ms]
2024-01-08 09:15:18.646 [info] > git config --get commit.template [5ms]
2024-01-08 09:15:18.739 [info] > git for-each-ref --format=%(refname)%00%(upstream:short)%00%(objectname)%00%(upstream:track)%00%(upstream:remotename)%00%(upstream:remoteref) refs/heads/master refs/remotes/master [85ms]
2024-01-08 09:15:18.788 [info] > git show --textconv :app.py [34ms]
2024-01-08 09:15:18.788 [info] > git ls-files --stage -- /home/johnchu/app.py [23ms]
2024-01-08 09:15:18.798 [info] > git cat-file -s abbdda6c2784e862f71df8030ea4a37ee81e486b [4ms]
2024-01-08 09:15:19.620 [info] > git status -z -uall [876ms]
2024-01-08 09:15:23.027 [info] > git config --get commit.template [14ms]
2024-01-08 09:15:23.030 [info] > git for-each-ref --format=%(refname)%00%(upstream:short)%00%(objectname)%00%(upstream:track)%00%(upstream:remotename)%00%(upstream:remoteref) refs/heads/master refs/remotes/master [5ms]
2024-01-08 09:15:23.154 [info] > git status -z -uall [114ms]
2024-01-08 09:16:29.810 [info] > git check-ignore -v -z --stdin [12ms]
2024-01-08 09:16:29.842 [info] > git show --textconv :eazyweb.py [20ms]
2024-01-08 09:16:29.843 [info] > git ls-files --stage -- /home/johnchu/eazyweb.py [12ms]
2024-01-08 09:16:29.853 [info] > git cat-file -s d9036c5aa38a3cd01128a577e79bd089b7a68d33 [3ms]
2024-01-08 09:33:57.634 [info] > git config --get commit.template [12ms]
2024-01-08 09:33:57.635 [info] > git for-each-ref --format=%(refname)%00%(upstream:short)%00%(objectname)%00%(upstream:track)%00%(upstream:remotename)%00%(upstream:remoteref) refs/heads/master refs/remotes/master [11ms]
2024-01-08 09:33:57.747 [info] > git status -z -uall [104ms]
2024-01-08 09:34:15.060 [info] > git show --textconv :app.py [12ms]
2024-01-08 09:34:15.067 [info] > git ls-files --stage -- /home/johnchu/app.py [8ms]
2024-01-08 09:34:15.077 [info] > git cat-file -s abbdda6c2784e862f71df8030ea4a37ee81e486b [3ms]
2024-01-08 09:34:32.136 [info] > git show --textconv :eazyweb.py [9ms]
2024-01-08 09:34:32.144 [info] > git ls-files --stage -- /home/johnchu/eazyweb.py [9ms]
2024-01-08 09:34:32.155 [info] > git cat-file -s d9036c5aa38a3cd01128a577e79bd089b7a68d33 [2ms]
2024-01-08 09:34:34.496 [info] > git show --textconv :app.py [16ms]
2024-01-08 09:34:34.499 [info] > git ls-files --stage -- /home/johnchu/app.py [7ms]
2024-01-08 09:34:34.514 [info] > git cat-file -s abbdda6c2784e862f71df8030ea4a37ee81e486b [9ms]
