2024-01-04 10:14:15.535 [info] Extension host with pid 1794 started
2024-01-04 10:14:15.597 [info] ExtensionService#_doActivateExtension vscode.git-base, startup: true, activationEvent: '*', root cause: vscode.git
2024-01-04 10:14:15.621 [info] ExtensionService#_doActivateExtension vscode.git, startup: true, activationEvent: '*'
2024-01-04 10:14:15.622 [info] ExtensionService#_doActivateExtension vscode.github, startup: true, activationEvent: '*'
2024-01-04 10:14:15.814 [info] ExtensionService#_doActivateExtension ms-python.python, startup: false, activationEvent: 'onLanguage:python'
2024-01-04 10:14:15.814 [info] ExtensionService#_doActivateExtension vscode.emmet, startup: false, activationEvent: 'onLanguage'
2024-01-04 10:14:16.813 [info] Eager extensions activated
2024-01-04 10:14:16.813 [info] ExtensionService#_doActivateExtension vscode.debug-auto-launch, startup: false, activationEvent: 'onStartupFinished'
2024-01-04 10:14:16.814 [info] ExtensionService#_doActivateExtension vscode.merge-conflict, startup: false, activationEvent: 'onStartupFinished'
2024-01-04 10:14:17.456 [info] ExtensionService#_doActivateExtension ms-python.vscode-pylance, startup: false, activationEvent: 'onLanguage:python'
2024-01-04 10:19:08.109 [info] ExtensionService#_doActivateExtension vscode.debug-server-ready, startup: false, activationEvent: 'onDebugResolve'
2024-01-04 10:19:10.613 [error] Error: Invalid debug adapter
    at v.m (vscode-file://vscode-app/private/var/folders/bf/pml82x852094bj08cg668w9w0000gn/T/AppTranslocation/304B5A5F-A20C-4E1B-905B-EE38DB7BB930/d/Visual%20Studio%20Code.app/Contents/Resources/app/out/vs/workbench/workbench.desktop.main.js:1552:95)
    at v.$acceptDAExit (vscode-file://vscode-app/private/var/folders/bf/pml82x852094bj08cg668w9w0000gn/T/AppTranslocation/304B5A5F-A20C-4E1B-905B-EE38DB7BB930/d/Visual%20Studio%20Code.app/Contents/Resources/app/out/vs/workbench/workbench.desktop.main.js:1552:35)
    at $.S (vscode-file://vscode-app/private/var/folders/bf/pml82x852094bj08cg668w9w0000gn/T/AppTranslocation/304B5A5F-A20C-4E1B-905B-EE38DB7BB930/d/Visual%20Studio%20Code.app/Contents/Resources/app/out/vs/workbench/workbench.desktop.main.js:1560:18856)
    at $.Q (vscode-file://vscode-app/private/var/folders/bf/pml82x852094bj08cg668w9w0000gn/T/AppTranslocation/304B5A5F-A20C-4E1B-905B-EE38DB7BB930/d/Visual%20Studio%20Code.app/Contents/Resources/app/out/vs/workbench/workbench.desktop.main.js:1560:18622)
    at $.M (vscode-file://vscode-app/private/var/folders/bf/pml82x852094bj08cg668w9w0000gn/T/AppTranslocation/304B5A5F-A20C-4E1B-905B-EE38DB7BB930/d/Visual%20Studio%20Code.app/Contents/Resources/app/out/vs/workbench/workbench.desktop.main.js:1560:17715)
    at $.L (vscode-file://vscode-app/private/var/folders/bf/pml82x852094bj08cg668w9w0000gn/T/AppTranslocation/304B5A5F-A20C-4E1B-905B-EE38DB7BB930/d/Visual%20Studio%20Code.app/Contents/Resources/app/out/vs/workbench/workbench.desktop.main.js:1560:16933)
    at u.value (vscode-file://vscode-app/private/var/folders/bf/pml82x852094bj08cg668w9w0000gn/T/AppTranslocation/304B5A5F-A20C-4E1B-905B-EE38DB7BB930/d/Visual%20Studio%20Code.app/Contents/Resources/app/out/vs/workbench/workbench.desktop.main.js:1560:15597)
    at f.y (vscode-file://vscode-app/private/var/folders/bf/pml82x852094bj08cg668w9w0000gn/T/AppTranslocation/304B5A5F-A20C-4E1B-905B-EE38DB7BB930/d/Visual%20Studio%20Code.app/Contents/Resources/app/out/vs/workbench/workbench.desktop.main.js:87:1902)
    at f.fire (vscode-file://vscode-app/private/var/folders/bf/pml82x852094bj08cg668w9w0000gn/T/AppTranslocation/304B5A5F-A20C-4E1B-905B-EE38DB7BB930/d/Visual%20Studio%20Code.app/Contents/Resources/app/out/vs/workbench/workbench.desktop.main.js:87:2119)
    at s.fire (vscode-file://vscode-app/private/var/folders/bf/pml82x852094bj08cg668w9w0000gn/T/AppTranslocation/304B5A5F-A20C-4E1B-905B-EE38DB7BB930/d/Visual%20Studio%20Code.app/Contents/Resources/app/out/vs/workbench/workbench.desktop.main.js:616:14396)
    at b.z (vscode-file://vscode-app/private/var/folders/bf/pml82x852094bj08cg668w9w0000gn/T/AppTranslocation/304B5A5F-A20C-4E1B-905B-EE38DB7BB930/d/Visual%20Studio%20Code.app/Contents/Resources/app/out/vs/workbench/workbench.desktop.main.js:616:17461)
    at u.value (vscode-file://vscode-app/private/var/folders/bf/pml82x852094bj08cg668w9w0000gn/T/AppTranslocation/304B5A5F-A20C-4E1B-905B-EE38DB7BB930/d/Visual%20Studio%20Code.app/Contents/Resources/app/out/vs/workbench/workbench.desktop.main.js:616:15913)
    at f.y (vscode-file://vscode-app/private/var/folders/bf/pml82x852094bj08cg668w9w0000gn/T/AppTranslocation/304B5A5F-A20C-4E1B-905B-EE38DB7BB930/d/Visual%20Studio%20Code.app/Contents/Resources/app/out/vs/workbench/workbench.desktop.main.js:87:1902)
    at f.fire (vscode-file://vscode-app/private/var/folders/bf/pml82x852094bj08cg668w9w0000gn/T/AppTranslocation/304B5A5F-A20C-4E1B-905B-EE38DB7BB930/d/Visual%20Studio%20Code.app/Contents/Resources/app/out/vs/workbench/workbench.desktop.main.js:87:2119)
    at u.acceptChunk (vscode-file://vscode-app/private/var/folders/bf/pml82x852094bj08cg668w9w0000gn/T/AppTranslocation/304B5A5F-A20C-4E1B-905B-EE38DB7BB930/d/Visual%20Studio%20Code.app/Contents/Resources/app/out/vs/workbench/workbench.desktop.main.js:616:12170)
    at vscode-file://vscode-app/private/var/folders/bf/pml82x852094bj08cg668w9w0000gn/T/AppTranslocation/304B5A5F-A20C-4E1B-905B-EE38DB7BB930/d/Visual%20Studio%20Code.app/Contents/Resources/app/out/vs/workbench/workbench.desktop.main.js:616:11457
    at u.value (vscode-file://vscode-app/private/var/folders/bf/pml82x852094bj08cg668w9w0000gn/T/AppTranslocation/304B5A5F-A20C-4E1B-905B-EE38DB7BB930/d/Visual%20Studio%20Code.app/Contents/Resources/app/out/vs/workbench/workbench.desktop.main.js:676:4917)
    at f.y (vscode-file://vscode-app/private/var/folders/bf/pml82x852094bj08cg668w9w0000gn/T/AppTranslocation/304B5A5F-A20C-4E1B-905B-EE38DB7BB930/d/Visual%20Studio%20Code.app/Contents/Resources/app/out/vs/workbench/workbench.desktop.main.js:87:1902)
    at f.fire (vscode-file://vscode-app/private/var/folders/bf/pml82x852094bj08cg668w9w0000gn/T/AppTranslocation/304B5A5F-A20C-4E1B-905B-EE38DB7BB930/d/Visual%20Studio%20Code.app/Contents/Resources/app/out/vs/workbench/workbench.desktop.main.js:87:2119)
    at j.onload (vscode-file://vscode-app/private/var/folders/bf/pml82x852094bj08cg668w9w0000gn/T/AppTranslocation/304B5A5F-A20C-4E1B-905B-EE38DB7BB930/d/Visual%20Studio%20Code.app/Contents/Resources/app/out/vs/workbench/workbench.desktop.main.js:676:3301)
2024-01-04 10:19:10.615 [error] Error: Invalid debug adapter
    at v.m (vscode-file://vscode-app/private/var/folders/bf/pml82x852094bj08cg668w9w0000gn/T/AppTranslocation/304B5A5F-A20C-4E1B-905B-EE38DB7BB930/d/Visual%20Studio%20Code.app/Contents/Resources/app/out/vs/workbench/workbench.desktop.main.js:1552:95)
    at v.$acceptDAError (vscode-file://vscode-app/private/var/folders/bf/pml82x852094bj08cg668w9w0000gn/T/AppTranslocation/304B5A5F-A20C-4E1B-905B-EE38DB7BB930/d/Visual%20Studio%20Code.app/Contents/Resources/app/out/vs/workbench/workbench.desktop.main.js:1551:7629)
    at $.S (vscode-file://vscode-app/private/var/folders/bf/pml82x852094bj08cg668w9w0000gn/T/AppTranslocation/304B5A5F-A20C-4E1B-905B-EE38DB7BB930/d/Visual%20Studio%20Code.app/Contents/Resources/app/out/vs/workbench/workbench.desktop.main.js:1560:18856)
    at $.Q (vscode-file://vscode-app/private/var/folders/bf/pml82x852094bj08cg668w9w0000gn/T/AppTranslocation/304B5A5F-A20C-4E1B-905B-EE38DB7BB930/d/Visual%20Studio%20Code.app/Contents/Resources/app/out/vs/workbench/workbench.desktop.main.js:1560:18622)
    at $.M (vscode-file://vscode-app/private/var/folders/bf/pml82x852094bj08cg668w9w0000gn/T/AppTranslocation/304B5A5F-A20C-4E1B-905B-EE38DB7BB930/d/Visual%20Studio%20Code.app/Contents/Resources/app/out/vs/workbench/workbench.desktop.main.js:1560:17715)
    at $.L (vscode-file://vscode-app/private/var/folders/bf/pml82x852094bj08cg668w9w0000gn/T/AppTranslocation/304B5A5F-A20C-4E1B-905B-EE38DB7BB930/d/Visual%20Studio%20Code.app/Contents/Resources/app/out/vs/workbench/workbench.desktop.main.js:1560:16794)
    at u.value (vscode-file://vscode-app/private/var/folders/bf/pml82x852094bj08cg668w9w0000gn/T/AppTranslocation/304B5A5F-A20C-4E1B-905B-EE38DB7BB930/d/Visual%20Studio%20Code.app/Contents/Resources/app/out/vs/workbench/workbench.desktop.main.js:1560:15597)
    at f.y (vscode-file://vscode-app/private/var/folders/bf/pml82x852094bj08cg668w9w0000gn/T/AppTranslocation/304B5A5F-A20C-4E1B-905B-EE38DB7BB930/d/Visual%20Studio%20Code.app/Contents/Resources/app/out/vs/workbench/workbench.desktop.main.js:87:1902)
    at f.fire (vscode-file://vscode-app/private/var/folders/bf/pml82x852094bj08cg668w9w0000gn/T/AppTranslocation/304B5A5F-A20C-4E1B-905B-EE38DB7BB930/d/Visual%20Studio%20Code.app/Contents/Resources/app/out/vs/workbench/workbench.desktop.main.js:87:2119)
    at s.fire (vscode-file://vscode-app/private/var/folders/bf/pml82x852094bj08cg668w9w0000gn/T/AppTranslocation/304B5A5F-A20C-4E1B-905B-EE38DB7BB930/d/Visual%20Studio%20Code.app/Contents/Resources/app/out/vs/workbench/workbench.desktop.main.js:616:14396)
    at b.z (vscode-file://vscode-app/private/var/folders/bf/pml82x852094bj08cg668w9w0000gn/T/AppTranslocation/304B5A5F-A20C-4E1B-905B-EE38DB7BB930/d/Visual%20Studio%20Code.app/Contents/Resources/app/out/vs/workbench/workbench.desktop.main.js:616:17461)
    at u.value (vscode-file://vscode-app/private/var/folders/bf/pml82x852094bj08cg668w9w0000gn/T/AppTranslocation/304B5A5F-A20C-4E1B-905B-EE38DB7BB930/d/Visual%20Studio%20Code.app/Contents/Resources/app/out/vs/workbench/workbench.desktop.main.js:616:15913)
    at f.y (vscode-file://vscode-app/private/var/folders/bf/pml82x852094bj08cg668w9w0000gn/T/AppTranslocation/304B5A5F-A20C-4E1B-905B-EE38DB7BB930/d/Visual%20Studio%20Code.app/Contents/Resources/app/out/vs/workbench/workbench.desktop.main.js:87:1902)
    at f.fire (vscode-file://vscode-app/private/var/folders/bf/pml82x852094bj08cg668w9w0000gn/T/AppTranslocation/304B5A5F-A20C-4E1B-905B-EE38DB7BB930/d/Visual%20Studio%20Code.app/Contents/Resources/app/out/vs/workbench/workbench.desktop.main.js:87:2119)
    at u.acceptChunk (vscode-file://vscode-app/private/var/folders/bf/pml82x852094bj08cg668w9w0000gn/T/AppTranslocation/304B5A5F-A20C-4E1B-905B-EE38DB7BB930/d/Visual%20Studio%20Code.app/Contents/Resources/app/out/vs/workbench/workbench.desktop.main.js:616:12170)
    at vscode-file://vscode-app/private/var/folders/bf/pml82x852094bj08cg668w9w0000gn/T/AppTranslocation/304B5A5F-A20C-4E1B-905B-EE38DB7BB930/d/Visual%20Studio%20Code.app/Contents/Resources/app/out/vs/workbench/workbench.desktop.main.js:616:11457
    at u.value (vscode-file://vscode-app/private/var/folders/bf/pml82x852094bj08cg668w9w0000gn/T/AppTranslocation/304B5A5F-A20C-4E1B-905B-EE38DB7BB930/d/Visual%20Studio%20Code.app/Contents/Resources/app/out/vs/workbench/workbench.desktop.main.js:676:4917)
    at f.y (vscode-file://vscode-app/private/var/folders/bf/pml82x852094bj08cg668w9w0000gn/T/AppTranslocation/304B5A5F-A20C-4E1B-905B-EE38DB7BB930/d/Visual%20Studio%20Code.app/Contents/Resources/app/out/vs/workbench/workbench.desktop.main.js:87:1902)
    at f.fire (vscode-file://vscode-app/private/var/folders/bf/pml82x852094bj08cg668w9w0000gn/T/AppTranslocation/304B5A5F-A20C-4E1B-905B-EE38DB7BB930/d/Visual%20Studio%20Code.app/Contents/Resources/app/out/vs/workbench/workbench.desktop.main.js:87:2119)
    at j.onload (vscode-file://vscode-app/private/var/folders/bf/pml82x852094bj08cg668w9w0000gn/T/AppTranslocation/304B5A5F-A20C-4E1B-905B-EE38DB7BB930/d/Visual%20Studio%20Code.app/Contents/Resources/app/out/vs/workbench/workbench.desktop.main.js:676:3301)
2024-01-04 10:19:13.871 [error] Error: read ECONNRESET
	at TLSWrap.onStreamRead (node:internal/stream_base_commons:217:20)
2024-01-04 10:21:08.442 [error] Error: Invalid debug adapter
    at v.m (vscode-file://vscode-app/private/var/folders/bf/pml82x852094bj08cg668w9w0000gn/T/AppTranslocation/304B5A5F-A20C-4E1B-905B-EE38DB7BB930/d/Visual%20Studio%20Code.app/Contents/Resources/app/out/vs/workbench/workbench.desktop.main.js:1552:95)
    at v.$acceptDAError (vscode-file://vscode-app/private/var/folders/bf/pml82x852094bj08cg668w9w0000gn/T/AppTranslocation/304B5A5F-A20C-4E1B-905B-EE38DB7BB930/d/Visual%20Studio%20Code.app/Contents/Resources/app/out/vs/workbench/workbench.desktop.main.js:1551:7629)
    at $.S (vscode-file://vscode-app/private/var/folders/bf/pml82x852094bj08cg668w9w0000gn/T/AppTranslocation/304B5A5F-A20C-4E1B-905B-EE38DB7BB930/d/Visual%20Studio%20Code.app/Contents/Resources/app/out/vs/workbench/workbench.desktop.main.js:1560:18856)
    at $.Q (vscode-file://vscode-app/private/var/folders/bf/pml82x852094bj08cg668w9w0000gn/T/AppTranslocation/304B5A5F-A20C-4E1B-905B-EE38DB7BB930/d/Visual%20Studio%20Code.app/Contents/Resources/app/out/vs/workbench/workbench.desktop.main.js:1560:18622)
    at $.M (vscode-file://vscode-app/private/var/folders/bf/pml82x852094bj08cg668w9w0000gn/T/AppTranslocation/304B5A5F-A20C-4E1B-905B-EE38DB7BB930/d/Visual%20Studio%20Code.app/Contents/Resources/app/out/vs/workbench/workbench.desktop.main.js:1560:17715)
    at $.L (vscode-file://vscode-app/private/var/folders/bf/pml82x852094bj08cg668w9w0000gn/T/AppTranslocation/304B5A5F-A20C-4E1B-905B-EE38DB7BB930/d/Visual%20Studio%20Code.app/Contents/Resources/app/out/vs/workbench/workbench.desktop.main.js:1560:16794)
    at u.value (vscode-file://vscode-app/private/var/folders/bf/pml82x852094bj08cg668w9w0000gn/T/AppTranslocation/304B5A5F-A20C-4E1B-905B-EE38DB7BB930/d/Visual%20Studio%20Code.app/Contents/Resources/app/out/vs/workbench/workbench.desktop.main.js:1560:15597)
    at f.y (vscode-file://vscode-app/private/var/folders/bf/pml82x852094bj08cg668w9w0000gn/T/AppTranslocation/304B5A5F-A20C-4E1B-905B-EE38DB7BB930/d/Visual%20Studio%20Code.app/Contents/Resources/app/out/vs/workbench/workbench.desktop.main.js:87:1902)
    at f.fire (vscode-file://vscode-app/private/var/folders/bf/pml82x852094bj08cg668w9w0000gn/T/AppTranslocation/304B5A5F-A20C-4E1B-905B-EE38DB7BB930/d/Visual%20Studio%20Code.app/Contents/Resources/app/out/vs/workbench/workbench.desktop.main.js:87:2119)
    at s.fire (vscode-file://vscode-app/private/var/folders/bf/pml82x852094bj08cg668w9w0000gn/T/AppTranslocation/304B5A5F-A20C-4E1B-905B-EE38DB7BB930/d/Visual%20Studio%20Code.app/Contents/Resources/app/out/vs/workbench/workbench.desktop.main.js:616:14396)
    at b.z (vscode-file://vscode-app/private/var/folders/bf/pml82x852094bj08cg668w9w0000gn/T/AppTranslocation/304B5A5F-A20C-4E1B-905B-EE38DB7BB930/d/Visual%20Studio%20Code.app/Contents/Resources/app/out/vs/workbench/workbench.desktop.main.js:616:17461)
    at u.value (vscode-file://vscode-app/private/var/folders/bf/pml82x852094bj08cg668w9w0000gn/T/AppTranslocation/304B5A5F-A20C-4E1B-905B-EE38DB7BB930/d/Visual%20Studio%20Code.app/Contents/Resources/app/out/vs/workbench/workbench.desktop.main.js:616:15913)
    at f.y (vscode-file://vscode-app/private/var/folders/bf/pml82x852094bj08cg668w9w0000gn/T/AppTranslocation/304B5A5F-A20C-4E1B-905B-EE38DB7BB930/d/Visual%20Studio%20Code.app/Contents/Resources/app/out/vs/workbench/workbench.desktop.main.js:87:1902)
    at f.fire (vscode-file://vscode-app/private/var/folders/bf/pml82x852094bj08cg668w9w0000gn/T/AppTranslocation/304B5A5F-A20C-4E1B-905B-EE38DB7BB930/d/Visual%20Studio%20Code.app/Contents/Resources/app/out/vs/workbench/workbench.desktop.main.js:87:2119)
    at u.acceptChunk (vscode-file://vscode-app/private/var/folders/bf/pml82x852094bj08cg668w9w0000gn/T/AppTranslocation/304B5A5F-A20C-4E1B-905B-EE38DB7BB930/d/Visual%20Studio%20Code.app/Contents/Resources/app/out/vs/workbench/workbench.desktop.main.js:616:12170)
    at vscode-file://vscode-app/private/var/folders/bf/pml82x852094bj08cg668w9w0000gn/T/AppTranslocation/304B5A5F-A20C-4E1B-905B-EE38DB7BB930/d/Visual%20Studio%20Code.app/Contents/Resources/app/out/vs/workbench/workbench.desktop.main.js:616:11457
    at u.value (vscode-file://vscode-app/private/var/folders/bf/pml82x852094bj08cg668w9w0000gn/T/AppTranslocation/304B5A5F-A20C-4E1B-905B-EE38DB7BB930/d/Visual%20Studio%20Code.app/Contents/Resources/app/out/vs/workbench/workbench.desktop.main.js:676:4917)
    at f.y (vscode-file://vscode-app/private/var/folders/bf/pml82x852094bj08cg668w9w0000gn/T/AppTranslocation/304B5A5F-A20C-4E1B-905B-EE38DB7BB930/d/Visual%20Studio%20Code.app/Contents/Resources/app/out/vs/workbench/workbench.desktop.main.js:87:1902)
    at f.fire (vscode-file://vscode-app/private/var/folders/bf/pml82x852094bj08cg668w9w0000gn/T/AppTranslocation/304B5A5F-A20C-4E1B-905B-EE38DB7BB930/d/Visual%20Studio%20Code.app/Contents/Resources/app/out/vs/workbench/workbench.desktop.main.js:87:2119)
    at j.onload (vscode-file://vscode-app/private/var/folders/bf/pml82x852094bj08cg668w9w0000gn/T/AppTranslocation/304B5A5F-A20C-4E1B-905B-EE38DB7BB930/d/Visual%20Studio%20Code.app/Contents/Resources/app/out/vs/workbench/workbench.desktop.main.js:676:3301)
2024-01-04 10:21:08.442 [error] Error: Invalid debug adapter
    at v.m (vscode-file://vscode-app/private/var/folders/bf/pml82x852094bj08cg668w9w0000gn/T/AppTranslocation/304B5A5F-A20C-4E1B-905B-EE38DB7BB930/d/Visual%20Studio%20Code.app/Contents/Resources/app/out/vs/workbench/workbench.desktop.main.js:1552:95)
    at v.$acceptDAExit (vscode-file://vscode-app/private/var/folders/bf/pml82x852094bj08cg668w9w0000gn/T/AppTranslocation/304B5A5F-A20C-4E1B-905B-EE38DB7BB930/d/Visual%20Studio%20Code.app/Contents/Resources/app/out/vs/workbench/workbench.desktop.main.js:1552:35)
    at $.S (vscode-file://vscode-app/private/var/folders/bf/pml82x852094bj08cg668w9w0000gn/T/AppTranslocation/304B5A5F-A20C-4E1B-905B-EE38DB7BB930/d/Visual%20Studio%20Code.app/Contents/Resources/app/out/vs/workbench/workbench.desktop.main.js:1560:18856)
    at $.Q (vscode-file://vscode-app/private/var/folders/bf/pml82x852094bj08cg668w9w0000gn/T/AppTranslocation/304B5A5F-A20C-4E1B-905B-EE38DB7BB930/d/Visual%20Studio%20Code.app/Contents/Resources/app/out/vs/workbench/workbench.desktop.main.js:1560:18622)
    at $.M (vscode-file://vscode-app/private/var/folders/bf/pml82x852094bj08cg668w9w0000gn/T/AppTranslocation/304B5A5F-A20C-4E1B-905B-EE38DB7BB930/d/Visual%20Studio%20Code.app/Contents/Resources/app/out/vs/workbench/workbench.desktop.main.js:1560:17715)
    at $.L (vscode-file://vscode-app/private/var/folders/bf/pml82x852094bj08cg668w9w0000gn/T/AppTranslocation/304B5A5F-A20C-4E1B-905B-EE38DB7BB930/d/Visual%20Studio%20Code.app/Contents/Resources/app/out/vs/workbench/workbench.desktop.main.js:1560:16933)
    at u.value (vscode-file://vscode-app/private/var/folders/bf/pml82x852094bj08cg668w9w0000gn/T/AppTranslocation/304B5A5F-A20C-4E1B-905B-EE38DB7BB930/d/Visual%20Studio%20Code.app/Contents/Resources/app/out/vs/workbench/workbench.desktop.main.js:1560:15597)
    at f.y (vscode-file://vscode-app/private/var/folders/bf/pml82x852094bj08cg668w9w0000gn/T/AppTranslocation/304B5A5F-A20C-4E1B-905B-EE38DB7BB930/d/Visual%20Studio%20Code.app/Contents/Resources/app/out/vs/workbench/workbench.desktop.main.js:87:1902)
    at f.fire (vscode-file://vscode-app/private/var/folders/bf/pml82x852094bj08cg668w9w0000gn/T/AppTranslocation/304B5A5F-A20C-4E1B-905B-EE38DB7BB930/d/Visual%20Studio%20Code.app/Contents/Resources/app/out/vs/workbench/workbench.desktop.main.js:87:2119)
    at s.fire (vscode-file://vscode-app/private/var/folders/bf/pml82x852094bj08cg668w9w0000gn/T/AppTranslocation/304B5A5F-A20C-4E1B-905B-EE38DB7BB930/d/Visual%20Studio%20Code.app/Contents/Resources/app/out/vs/workbench/workbench.desktop.main.js:616:14396)
    at b.z (vscode-file://vscode-app/private/var/folders/bf/pml82x852094bj08cg668w9w0000gn/T/AppTranslocation/304B5A5F-A20C-4E1B-905B-EE38DB7BB930/d/Visual%20Studio%20Code.app/Contents/Resources/app/out/vs/workbench/workbench.desktop.main.js:616:17461)
    at u.value (vscode-file://vscode-app/private/var/folders/bf/pml82x852094bj08cg668w9w0000gn/T/AppTranslocation/304B5A5F-A20C-4E1B-905B-EE38DB7BB930/d/Visual%20Studio%20Code.app/Contents/Resources/app/out/vs/workbench/workbench.desktop.main.js:616:15913)
    at f.y (vscode-file://vscode-app/private/var/folders/bf/pml82x852094bj08cg668w9w0000gn/T/AppTranslocation/304B5A5F-A20C-4E1B-905B-EE38DB7BB930/d/Visual%20Studio%20Code.app/Contents/Resources/app/out/vs/workbench/workbench.desktop.main.js:87:1902)
    at f.fire (vscode-file://vscode-app/private/var/folders/bf/pml82x852094bj08cg668w9w0000gn/T/AppTranslocation/304B5A5F-A20C-4E1B-905B-EE38DB7BB930/d/Visual%20Studio%20Code.app/Contents/Resources/app/out/vs/workbench/workbench.desktop.main.js:87:2119)
    at u.acceptChunk (vscode-file://vscode-app/private/var/folders/bf/pml82x852094bj08cg668w9w0000gn/T/AppTranslocation/304B5A5F-A20C-4E1B-905B-EE38DB7BB930/d/Visual%20Studio%20Code.app/Contents/Resources/app/out/vs/workbench/workbench.desktop.main.js:616:12170)
    at vscode-file://vscode-app/private/var/folders/bf/pml82x852094bj08cg668w9w0000gn/T/AppTranslocation/304B5A5F-A20C-4E1B-905B-EE38DB7BB930/d/Visual%20Studio%20Code.app/Contents/Resources/app/out/vs/workbench/workbench.desktop.main.js:616:11457
    at u.value (vscode-file://vscode-app/private/var/folders/bf/pml82x852094bj08cg668w9w0000gn/T/AppTranslocation/304B5A5F-A20C-4E1B-905B-EE38DB7BB930/d/Visual%20Studio%20Code.app/Contents/Resources/app/out/vs/workbench/workbench.desktop.main.js:676:4917)
    at f.y (vscode-file://vscode-app/private/var/folders/bf/pml82x852094bj08cg668w9w0000gn/T/AppTranslocation/304B5A5F-A20C-4E1B-905B-EE38DB7BB930/d/Visual%20Studio%20Code.app/Contents/Resources/app/out/vs/workbench/workbench.desktop.main.js:87:1902)
    at f.fire (vscode-file://vscode-app/private/var/folders/bf/pml82x852094bj08cg668w9w0000gn/T/AppTranslocation/304B5A5F-A20C-4E1B-905B-EE38DB7BB930/d/Visual%20Studio%20Code.app/Contents/Resources/app/out/vs/workbench/workbench.desktop.main.js:87:2119)
    at j.onload (vscode-file://vscode-app/private/var/folders/bf/pml82x852094bj08cg668w9w0000gn/T/AppTranslocation/304B5A5F-A20C-4E1B-905B-EE38DB7BB930/d/Visual%20Studio%20Code.app/Contents/Resources/app/out/vs/workbench/workbench.desktop.main.js:676:3301)
2024-01-04 10:23:09.387 [error] Error: Invalid debug adapter
    at v.m (vscode-file://vscode-app/private/var/folders/bf/pml82x852094bj08cg668w9w0000gn/T/AppTranslocation/304B5A5F-A20C-4E1B-905B-EE38DB7BB930/d/Visual%20Studio%20Code.app/Contents/Resources/app/out/vs/workbench/workbench.desktop.main.js:1552:95)
    at v.$acceptDAError (vscode-file://vscode-app/private/var/folders/bf/pml82x852094bj08cg668w9w0000gn/T/AppTranslocation/304B5A5F-A20C-4E1B-905B-EE38DB7BB930/d/Visual%20Studio%20Code.app/Contents/Resources/app/out/vs/workbench/workbench.desktop.main.js:1551:7629)
    at $.S (vscode-file://vscode-app/private/var/folders/bf/pml82x852094bj08cg668w9w0000gn/T/AppTranslocation/304B5A5F-A20C-4E1B-905B-EE38DB7BB930/d/Visual%20Studio%20Code.app/Contents/Resources/app/out/vs/workbench/workbench.desktop.main.js:1560:18856)
    at $.Q (vscode-file://vscode-app/private/var/folders/bf/pml82x852094bj08cg668w9w0000gn/T/AppTranslocation/304B5A5F-A20C-4E1B-905B-EE38DB7BB930/d/Visual%20Studio%20Code.app/Contents/Resources/app/out/vs/workbench/workbench.desktop.main.js:1560:18622)
    at $.M (vscode-file://vscode-app/private/var/folders/bf/pml82x852094bj08cg668w9w0000gn/T/AppTranslocation/304B5A5F-A20C-4E1B-905B-EE38DB7BB930/d/Visual%20Studio%20Code.app/Contents/Resources/app/out/vs/workbench/workbench.desktop.main.js:1560:17715)
    at $.L (vscode-file://vscode-app/private/var/folders/bf/pml82x852094bj08cg668w9w0000gn/T/AppTranslocation/304B5A5F-A20C-4E1B-905B-EE38DB7BB930/d/Visual%20Studio%20Code.app/Contents/Resources/app/out/vs/workbench/workbench.desktop.main.js:1560:16794)
    at u.value (vscode-file://vscode-app/private/var/folders/bf/pml82x852094bj08cg668w9w0000gn/T/AppTranslocation/304B5A5F-A20C-4E1B-905B-EE38DB7BB930/d/Visual%20Studio%20Code.app/Contents/Resources/app/out/vs/workbench/workbench.desktop.main.js:1560:15597)
    at f.y (vscode-file://vscode-app/private/var/folders/bf/pml82x852094bj08cg668w9w0000gn/T/AppTranslocation/304B5A5F-A20C-4E1B-905B-EE38DB7BB930/d/Visual%20Studio%20Code.app/Contents/Resources/app/out/vs/workbench/workbench.desktop.main.js:87:1902)
    at f.fire (vscode-file://vscode-app/private/var/folders/bf/pml82x852094bj08cg668w9w0000gn/T/AppTranslocation/304B5A5F-A20C-4E1B-905B-EE38DB7BB930/d/Visual%20Studio%20Code.app/Contents/Resources/app/out/vs/workbench/workbench.desktop.main.js:87:2119)
    at s.fire (vscode-file://vscode-app/private/var/folders/bf/pml82x852094bj08cg668w9w0000gn/T/AppTranslocation/304B5A5F-A20C-4E1B-905B-EE38DB7BB930/d/Visual%20Studio%20Code.app/Contents/Resources/app/out/vs/workbench/workbench.desktop.main.js:616:14396)
    at b.z (vscode-file://vscode-app/private/var/folders/bf/pml82x852094bj08cg668w9w0000gn/T/AppTranslocation/304B5A5F-A20C-4E1B-905B-EE38DB7BB930/d/Visual%20Studio%20Code.app/Contents/Resources/app/out/vs/workbench/workbench.desktop.main.js:616:17461)
    at u.value (vscode-file://vscode-app/private/var/folders/bf/pml82x852094bj08cg668w9w0000gn/T/AppTranslocation/304B5A5F-A20C-4E1B-905B-EE38DB7BB930/d/Visual%20Studio%20Code.app/Contents/Resources/app/out/vs/workbench/workbench.desktop.main.js:616:15913)
    at f.y (vscode-file://vscode-app/private/var/folders/bf/pml82x852094bj08cg668w9w0000gn/T/AppTranslocation/304B5A5F-A20C-4E1B-905B-EE38DB7BB930/d/Visual%20Studio%20Code.app/Contents/Resources/app/out/vs/workbench/workbench.desktop.main.js:87:1902)
    at f.fire (vscode-file://vscode-app/private/var/folders/bf/pml82x852094bj08cg668w9w0000gn/T/AppTranslocation/304B5A5F-A20C-4E1B-905B-EE38DB7BB930/d/Visual%20Studio%20Code.app/Contents/Resources/app/out/vs/workbench/workbench.desktop.main.js:87:2119)
    at u.acceptChunk (vscode-file://vscode-app/private/var/folders/bf/pml82x852094bj08cg668w9w0000gn/T/AppTranslocation/304B5A5F-A20C-4E1B-905B-EE38DB7BB930/d/Visual%20Studio%20Code.app/Contents/Resources/app/out/vs/workbench/workbench.desktop.main.js:616:12170)
    at vscode-file://vscode-app/private/var/folders/bf/pml82x852094bj08cg668w9w0000gn/T/AppTranslocation/304B5A5F-A20C-4E1B-905B-EE38DB7BB930/d/Visual%20Studio%20Code.app/Contents/Resources/app/out/vs/workbench/workbench.desktop.main.js:616:11457
    at u.value (vscode-file://vscode-app/private/var/folders/bf/pml82x852094bj08cg668w9w0000gn/T/AppTranslocation/304B5A5F-A20C-4E1B-905B-EE38DB7BB930/d/Visual%20Studio%20Code.app/Contents/Resources/app/out/vs/workbench/workbench.desktop.main.js:676:4917)
    at f.y (vscode-file://vscode-app/private/var/folders/bf/pml82x852094bj08cg668w9w0000gn/T/AppTranslocation/304B5A5F-A20C-4E1B-905B-EE38DB7BB930/d/Visual%20Studio%20Code.app/Contents/Resources/app/out/vs/workbench/workbench.desktop.main.js:87:1902)
    at f.fire (vscode-file://vscode-app/private/var/folders/bf/pml82x852094bj08cg668w9w0000gn/T/AppTranslocation/304B5A5F-A20C-4E1B-905B-EE38DB7BB930/d/Visual%20Studio%20Code.app/Contents/Resources/app/out/vs/workbench/workbench.desktop.main.js:87:2119)
    at j.onload (vscode-file://vscode-app/private/var/folders/bf/pml82x852094bj08cg668w9w0000gn/T/AppTranslocation/304B5A5F-A20C-4E1B-905B-EE38DB7BB930/d/Visual%20Studio%20Code.app/Contents/Resources/app/out/vs/workbench/workbench.desktop.main.js:676:3301)
2024-01-04 10:23:09.388 [error] Error: Invalid debug adapter
    at v.m (vscode-file://vscode-app/private/var/folders/bf/pml82x852094bj08cg668w9w0000gn/T/AppTranslocation/304B5A5F-A20C-4E1B-905B-EE38DB7BB930/d/Visual%20Studio%20Code.app/Contents/Resources/app/out/vs/workbench/workbench.desktop.main.js:1552:95)
    at v.$acceptDAExit (vscode-file://vscode-app/private/var/folders/bf/pml82x852094bj08cg668w9w0000gn/T/AppTranslocation/304B5A5F-A20C-4E1B-905B-EE38DB7BB930/d/Visual%20Studio%20Code.app/Contents/Resources/app/out/vs/workbench/workbench.desktop.main.js:1552:35)
    at $.S (vscode-file://vscode-app/private/var/folders/bf/pml82x852094bj08cg668w9w0000gn/T/AppTranslocation/304B5A5F-A20C-4E1B-905B-EE38DB7BB930/d/Visual%20Studio%20Code.app/Contents/Resources/app/out/vs/workbench/workbench.desktop.main.js:1560:18856)
    at $.Q (vscode-file://vscode-app/private/var/folders/bf/pml82x852094bj08cg668w9w0000gn/T/AppTranslocation/304B5A5F-A20C-4E1B-905B-EE38DB7BB930/d/Visual%20Studio%20Code.app/Contents/Resources/app/out/vs/workbench/workbench.desktop.main.js:1560:18622)
    at $.M (vscode-file://vscode-app/private/var/folders/bf/pml82x852094bj08cg668w9w0000gn/T/AppTranslocation/304B5A5F-A20C-4E1B-905B-EE38DB7BB930/d/Visual%20Studio%20Code.app/Contents/Resources/app/out/vs/workbench/workbench.desktop.main.js:1560:17715)
    at $.L (vscode-file://vscode-app/private/var/folders/bf/pml82x852094bj08cg668w9w0000gn/T/AppTranslocation/304B5A5F-A20C-4E1B-905B-EE38DB7BB930/d/Visual%20Studio%20Code.app/Contents/Resources/app/out/vs/workbench/workbench.desktop.main.js:1560:16933)
    at u.value (vscode-file://vscode-app/private/var/folders/bf/pml82x852094bj08cg668w9w0000gn/T/AppTranslocation/304B5A5F-A20C-4E1B-905B-EE38DB7BB930/d/Visual%20Studio%20Code.app/Contents/Resources/app/out/vs/workbench/workbench.desktop.main.js:1560:15597)
    at f.y (vscode-file://vscode-app/private/var/folders/bf/pml82x852094bj08cg668w9w0000gn/T/AppTranslocation/304B5A5F-A20C-4E1B-905B-EE38DB7BB930/d/Visual%20Studio%20Code.app/Contents/Resources/app/out/vs/workbench/workbench.desktop.main.js:87:1902)
    at f.fire (vscode-file://vscode-app/private/var/folders/bf/pml82x852094bj08cg668w9w0000gn/T/AppTranslocation/304B5A5F-A20C-4E1B-905B-EE38DB7BB930/d/Visual%20Studio%20Code.app/Contents/Resources/app/out/vs/workbench/workbench.desktop.main.js:87:2119)
    at s.fire (vscode-file://vscode-app/private/var/folders/bf/pml82x852094bj08cg668w9w0000gn/T/AppTranslocation/304B5A5F-A20C-4E1B-905B-EE38DB7BB930/d/Visual%20Studio%20Code.app/Contents/Resources/app/out/vs/workbench/workbench.desktop.main.js:616:14396)
    at b.z (vscode-file://vscode-app/private/var/folders/bf/pml82x852094bj08cg668w9w0000gn/T/AppTranslocation/304B5A5F-A20C-4E1B-905B-EE38DB7BB930/d/Visual%20Studio%20Code.app/Contents/Resources/app/out/vs/workbench/workbench.desktop.main.js:616:17461)
    at u.value (vscode-file://vscode-app/private/var/folders/bf/pml82x852094bj08cg668w9w0000gn/T/AppTranslocation/304B5A5F-A20C-4E1B-905B-EE38DB7BB930/d/Visual%20Studio%20Code.app/Contents/Resources/app/out/vs/workbench/workbench.desktop.main.js:616:15913)
    at f.y (vscode-file://vscode-app/private/var/folders/bf/pml82x852094bj08cg668w9w0000gn/T/AppTranslocation/304B5A5F-A20C-4E1B-905B-EE38DB7BB930/d/Visual%20Studio%20Code.app/Contents/Resources/app/out/vs/workbench/workbench.desktop.main.js:87:1902)
    at f.fire (vscode-file://vscode-app/private/var/folders/bf/pml82x852094bj08cg668w9w0000gn/T/AppTranslocation/304B5A5F-A20C-4E1B-905B-EE38DB7BB930/d/Visual%20Studio%20Code.app/Contents/Resources/app/out/vs/workbench/workbench.desktop.main.js:87:2119)
    at u.acceptChunk (vscode-file://vscode-app/private/var/folders/bf/pml82x852094bj08cg668w9w0000gn/T/AppTranslocation/304B5A5F-A20C-4E1B-905B-EE38DB7BB930/d/Visual%20Studio%20Code.app/Contents/Resources/app/out/vs/workbench/workbench.desktop.main.js:616:12170)
    at vscode-file://vscode-app/private/var/folders/bf/pml82x852094bj08cg668w9w0000gn/T/AppTranslocation/304B5A5F-A20C-4E1B-905B-EE38DB7BB930/d/Visual%20Studio%20Code.app/Contents/Resources/app/out/vs/workbench/workbench.desktop.main.js:616:11457
    at u.value (vscode-file://vscode-app/private/var/folders/bf/pml82x852094bj08cg668w9w0000gn/T/AppTranslocation/304B5A5F-A20C-4E1B-905B-EE38DB7BB930/d/Visual%20Studio%20Code.app/Contents/Resources/app/out/vs/workbench/workbench.desktop.main.js:676:4917)
    at f.y (vscode-file://vscode-app/private/var/folders/bf/pml82x852094bj08cg668w9w0000gn/T/AppTranslocation/304B5A5F-A20C-4E1B-905B-EE38DB7BB930/d/Visual%20Studio%20Code.app/Contents/Resources/app/out/vs/workbench/workbench.desktop.main.js:87:1902)
    at f.fire (vscode-file://vscode-app/private/var/folders/bf/pml82x852094bj08cg668w9w0000gn/T/AppTranslocation/304B5A5F-A20C-4E1B-905B-EE38DB7BB930/d/Visual%20Studio%20Code.app/Contents/Resources/app/out/vs/workbench/workbench.desktop.main.js:87:2119)
    at j.onload (vscode-file://vscode-app/private/var/folders/bf/pml82x852094bj08cg668w9w0000gn/T/AppTranslocation/304B5A5F-A20C-4E1B-905B-EE38DB7BB930/d/Visual%20Studio%20Code.app/Contents/Resources/app/out/vs/workbench/workbench.desktop.main.js:676:3301)
2024-01-04 10:27:53.375 [error] Error: Invalid debug adapter
    at v.m (vscode-file://vscode-app/private/var/folders/bf/pml82x852094bj08cg668w9w0000gn/T/AppTranslocation/304B5A5F-A20C-4E1B-905B-EE38DB7BB930/d/Visual%20Studio%20Code.app/Contents/Resources/app/out/vs/workbench/workbench.desktop.main.js:1552:95)
    at v.$acceptDAError (vscode-file://vscode-app/private/var/folders/bf/pml82x852094bj08cg668w9w0000gn/T/AppTranslocation/304B5A5F-A20C-4E1B-905B-EE38DB7BB930/d/Visual%20Studio%20Code.app/Contents/Resources/app/out/vs/workbench/workbench.desktop.main.js:1551:7629)
    at $.S (vscode-file://vscode-app/private/var/folders/bf/pml82x852094bj08cg668w9w0000gn/T/AppTranslocation/304B5A5F-A20C-4E1B-905B-EE38DB7BB930/d/Visual%20Studio%20Code.app/Contents/Resources/app/out/vs/workbench/workbench.desktop.main.js:1560:18856)
    at $.Q (vscode-file://vscode-app/private/var/folders/bf/pml82x852094bj08cg668w9w0000gn/T/AppTranslocation/304B5A5F-A20C-4E1B-905B-EE38DB7BB930/d/Visual%20Studio%20Code.app/Contents/Resources/app/out/vs/workbench/workbench.desktop.main.js:1560:18622)
    at $.M (vscode-file://vscode-app/private/var/folders/bf/pml82x852094bj08cg668w9w0000gn/T/AppTranslocation/304B5A5F-A20C-4E1B-905B-EE38DB7BB930/d/Visual%20Studio%20Code.app/Contents/Resources/app/out/vs/workbench/workbench.desktop.main.js:1560:17715)
    at $.L (vscode-file://vscode-app/private/var/folders/bf/pml82x852094bj08cg668w9w0000gn/T/AppTranslocation/304B5A5F-A20C-4E1B-905B-EE38DB7BB930/d/Visual%20Studio%20Code.app/Contents/Resources/app/out/vs/workbench/workbench.desktop.main.js:1560:16794)
    at u.value (vscode-file://vscode-app/private/var/folders/bf/pml82x852094bj08cg668w9w0000gn/T/AppTranslocation/304B5A5F-A20C-4E1B-905B-EE38DB7BB930/d/Visual%20Studio%20Code.app/Contents/Resources/app/out/vs/workbench/workbench.desktop.main.js:1560:15597)
    at f.y (vscode-file://vscode-app/private/var/folders/bf/pml82x852094bj08cg668w9w0000gn/T/AppTranslocation/304B5A5F-A20C-4E1B-905B-EE38DB7BB930/d/Visual%20Studio%20Code.app/Contents/Resources/app/out/vs/workbench/workbench.desktop.main.js:87:1902)
    at f.fire (vscode-file://vscode-app/private/var/folders/bf/pml82x852094bj08cg668w9w0000gn/T/AppTranslocation/304B5A5F-A20C-4E1B-905B-EE38DB7BB930/d/Visual%20Studio%20Code.app/Contents/Resources/app/out/vs/workbench/workbench.desktop.main.js:87:2119)
    at s.fire (vscode-file://vscode-app/private/var/folders/bf/pml82x852094bj08cg668w9w0000gn/T/AppTranslocation/304B5A5F-A20C-4E1B-905B-EE38DB7BB930/d/Visual%20Studio%20Code.app/Contents/Resources/app/out/vs/workbench/workbench.desktop.main.js:616:14396)
    at b.z (vscode-file://vscode-app/private/var/folders/bf/pml82x852094bj08cg668w9w0000gn/T/AppTranslocation/304B5A5F-A20C-4E1B-905B-EE38DB7BB930/d/Visual%20Studio%20Code.app/Contents/Resources/app/out/vs/workbench/workbench.desktop.main.js:616:17461)
    at u.value (vscode-file://vscode-app/private/var/folders/bf/pml82x852094bj08cg668w9w0000gn/T/AppTranslocation/304B5A5F-A20C-4E1B-905B-EE38DB7BB930/d/Visual%20Studio%20Code.app/Contents/Resources/app/out/vs/workbench/workbench.desktop.main.js:616:15913)
    at f.y (vscode-file://vscode-app/private/var/folders/bf/pml82x852094bj08cg668w9w0000gn/T/AppTranslocation/304B5A5F-A20C-4E1B-905B-EE38DB7BB930/d/Visual%20Studio%20Code.app/Contents/Resources/app/out/vs/workbench/workbench.desktop.main.js:87:1902)
    at f.fire (vscode-file://vscode-app/private/var/folders/bf/pml82x852094bj08cg668w9w0000gn/T/AppTranslocation/304B5A5F-A20C-4E1B-905B-EE38DB7BB930/d/Visual%20Studio%20Code.app/Contents/Resources/app/out/vs/workbench/workbench.desktop.main.js:87:2119)
    at u.acceptChunk (vscode-file://vscode-app/private/var/folders/bf/pml82x852094bj08cg668w9w0000gn/T/AppTranslocation/304B5A5F-A20C-4E1B-905B-EE38DB7BB930/d/Visual%20Studio%20Code.app/Contents/Resources/app/out/vs/workbench/workbench.desktop.main.js:616:12170)
    at vscode-file://vscode-app/private/var/folders/bf/pml82x852094bj08cg668w9w0000gn/T/AppTranslocation/304B5A5F-A20C-4E1B-905B-EE38DB7BB930/d/Visual%20Studio%20Code.app/Contents/Resources/app/out/vs/workbench/workbench.desktop.main.js:616:11457
    at u.value (vscode-file://vscode-app/private/var/folders/bf/pml82x852094bj08cg668w9w0000gn/T/AppTranslocation/304B5A5F-A20C-4E1B-905B-EE38DB7BB930/d/Visual%20Studio%20Code.app/Contents/Resources/app/out/vs/workbench/workbench.desktop.main.js:676:4917)
    at f.y (vscode-file://vscode-app/private/var/folders/bf/pml82x852094bj08cg668w9w0000gn/T/AppTranslocation/304B5A5F-A20C-4E1B-905B-EE38DB7BB930/d/Visual%20Studio%20Code.app/Contents/Resources/app/out/vs/workbench/workbench.desktop.main.js:87:1902)
    at f.fire (vscode-file://vscode-app/private/var/folders/bf/pml82x852094bj08cg668w9w0000gn/T/AppTranslocation/304B5A5F-A20C-4E1B-905B-EE38DB7BB930/d/Visual%20Studio%20Code.app/Contents/Resources/app/out/vs/workbench/workbench.desktop.main.js:87:2119)
    at j.onload (vscode-file://vscode-app/private/var/folders/bf/pml82x852094bj08cg668w9w0000gn/T/AppTranslocation/304B5A5F-A20C-4E1B-905B-EE38DB7BB930/d/Visual%20Studio%20Code.app/Contents/Resources/app/out/vs/workbench/workbench.desktop.main.js:676:3301)
2024-01-04 10:27:53.375 [error] Error: Invalid debug adapter
    at v.m (vscode-file://vscode-app/private/var/folders/bf/pml82x852094bj08cg668w9w0000gn/T/AppTranslocation/304B5A5F-A20C-4E1B-905B-EE38DB7BB930/d/Visual%20Studio%20Code.app/Contents/Resources/app/out/vs/workbench/workbench.desktop.main.js:1552:95)
    at v.$acceptDAExit (vscode-file://vscode-app/private/var/folders/bf/pml82x852094bj08cg668w9w0000gn/T/AppTranslocation/304B5A5F-A20C-4E1B-905B-EE38DB7BB930/d/Visual%20Studio%20Code.app/Contents/Resources/app/out/vs/workbench/workbench.desktop.main.js:1552:35)
    at $.S (vscode-file://vscode-app/private/var/folders/bf/pml82x852094bj08cg668w9w0000gn/T/AppTranslocation/304B5A5F-A20C-4E1B-905B-EE38DB7BB930/d/Visual%20Studio%20Code.app/Contents/Resources/app/out/vs/workbench/workbench.desktop.main.js:1560:18856)
    at $.Q (vscode-file://vscode-app/private/var/folders/bf/pml82x852094bj08cg668w9w0000gn/T/AppTranslocation/304B5A5F-A20C-4E1B-905B-EE38DB7BB930/d/Visual%20Studio%20Code.app/Contents/Resources/app/out/vs/workbench/workbench.desktop.main.js:1560:18622)
    at $.M (vscode-file://vscode-app/private/var/folders/bf/pml82x852094bj08cg668w9w0000gn/T/AppTranslocation/304B5A5F-A20C-4E1B-905B-EE38DB7BB930/d/Visual%20Studio%20Code.app/Contents/Resources/app/out/vs/workbench/workbench.desktop.main.js:1560:17715)
    at $.L (vscode-file://vscode-app/private/var/folders/bf/pml82x852094bj08cg668w9w0000gn/T/AppTranslocation/304B5A5F-A20C-4E1B-905B-EE38DB7BB930/d/Visual%20Studio%20Code.app/Contents/Resources/app/out/vs/workbench/workbench.desktop.main.js:1560:16933)
    at u.value (vscode-file://vscode-app/private/var/folders/bf/pml82x852094bj08cg668w9w0000gn/T/AppTranslocation/304B5A5F-A20C-4E1B-905B-EE38DB7BB930/d/Visual%20Studio%20Code.app/Contents/Resources/app/out/vs/workbench/workbench.desktop.main.js:1560:15597)
    at f.y (vscode-file://vscode-app/private/var/folders/bf/pml82x852094bj08cg668w9w0000gn/T/AppTranslocation/304B5A5F-A20C-4E1B-905B-EE38DB7BB930/d/Visual%20Studio%20Code.app/Contents/Resources/app/out/vs/workbench/workbench.desktop.main.js:87:1902)
    at f.fire (vscode-file://vscode-app/private/var/folders/bf/pml82x852094bj08cg668w9w0000gn/T/AppTranslocation/304B5A5F-A20C-4E1B-905B-EE38DB7BB930/d/Visual%20Studio%20Code.app/Contents/Resources/app/out/vs/workbench/workbench.desktop.main.js:87:2119)
    at s.fire (vscode-file://vscode-app/private/var/folders/bf/pml82x852094bj08cg668w9w0000gn/T/AppTranslocation/304B5A5F-A20C-4E1B-905B-EE38DB7BB930/d/Visual%20Studio%20Code.app/Contents/Resources/app/out/vs/workbench/workbench.desktop.main.js:616:14396)
    at b.z (vscode-file://vscode-app/private/var/folders/bf/pml82x852094bj08cg668w9w0000gn/T/AppTranslocation/304B5A5F-A20C-4E1B-905B-EE38DB7BB930/d/Visual%20Studio%20Code.app/Contents/Resources/app/out/vs/workbench/workbench.desktop.main.js:616:17461)
    at u.value (vscode-file://vscode-app/private/var/folders/bf/pml82x852094bj08cg668w9w0000gn/T/AppTranslocation/304B5A5F-A20C-4E1B-905B-EE38DB7BB930/d/Visual%20Studio%20Code.app/Contents/Resources/app/out/vs/workbench/workbench.desktop.main.js:616:15913)
    at f.y (vscode-file://vscode-app/private/var/folders/bf/pml82x852094bj08cg668w9w0000gn/T/AppTranslocation/304B5A5F-A20C-4E1B-905B-EE38DB7BB930/d/Visual%20Studio%20Code.app/Contents/Resources/app/out/vs/workbench/workbench.desktop.main.js:87:1902)
    at f.fire (vscode-file://vscode-app/private/var/folders/bf/pml82x852094bj08cg668w9w0000gn/T/AppTranslocation/304B5A5F-A20C-4E1B-905B-EE38DB7BB930/d/Visual%20Studio%20Code.app/Contents/Resources/app/out/vs/workbench/workbench.desktop.main.js:87:2119)
    at u.acceptChunk (vscode-file://vscode-app/private/var/folders/bf/pml82x852094bj08cg668w9w0000gn/T/AppTranslocation/304B5A5F-A20C-4E1B-905B-EE38DB7BB930/d/Visual%20Studio%20Code.app/Contents/Resources/app/out/vs/workbench/workbench.desktop.main.js:616:12170)
    at vscode-file://vscode-app/private/var/folders/bf/pml82x852094bj08cg668w9w0000gn/T/AppTranslocation/304B5A5F-A20C-4E1B-905B-EE38DB7BB930/d/Visual%20Studio%20Code.app/Contents/Resources/app/out/vs/workbench/workbench.desktop.main.js:616:11457
    at u.value (vscode-file://vscode-app/private/var/folders/bf/pml82x852094bj08cg668w9w0000gn/T/AppTranslocation/304B5A5F-A20C-4E1B-905B-EE38DB7BB930/d/Visual%20Studio%20Code.app/Contents/Resources/app/out/vs/workbench/workbench.desktop.main.js:676:4917)
    at f.y (vscode-file://vscode-app/private/var/folders/bf/pml82x852094bj08cg668w9w0000gn/T/AppTranslocation/304B5A5F-A20C-4E1B-905B-EE38DB7BB930/d/Visual%20Studio%20Code.app/Contents/Resources/app/out/vs/workbench/workbench.desktop.main.js:87:1902)
    at f.fire (vscode-file://vscode-app/private/var/folders/bf/pml82x852094bj08cg668w9w0000gn/T/AppTranslocation/304B5A5F-A20C-4E1B-905B-EE38DB7BB930/d/Visual%20Studio%20Code.app/Contents/Resources/app/out/vs/workbench/workbench.desktop.main.js:87:2119)
    at j.onload (vscode-file://vscode-app/private/var/folders/bf/pml82x852094bj08cg668w9w0000gn/T/AppTranslocation/304B5A5F-A20C-4E1B-905B-EE38DB7BB930/d/Visual%20Studio%20Code.app/Contents/Resources/app/out/vs/workbench/workbench.desktop.main.js:676:3301)
2024-01-04 10:28:17.252 [info] ExtensionService#_doActivateExtension vscode.tunnel-forwarding, startup: false, activationEvent: 'onTunnel'
2024-01-04 10:28:22.256 [error] Error: read ECONNRESET
	at TLSWrap.onStreamRead (node:internal/stream_base_commons:217:20)
2024-01-04 11:12:20.756 [info] Extension host terminating: renderer disconnected for too long (2)
2024-01-04 11:12:21.146 [info] Extension host with pid 1794 exiting with code 0
