2024-01-02 14:48:56.213 [info] Log level: Info
2024-01-02 14:48:56.213 [info] Validating found git in: "git"
2024-01-02 14:48:56.213 [info] Using git "2.34.1" from "git"
2024-01-02 14:48:56.213 [info] > git rev-parse --show-toplevel [3ms]
2024-01-02 14:48:56.213 [info] fatal: not a git repository (or any of the parent directories): .git
2024-01-02 14:48:56.213 [info] > git rev-parse --show-toplevel [3ms]
2024-01-02 14:48:56.213 [info] fatal: not a git repository (or any of the parent directories): .git
2024-01-02 14:48:56.213 [info] > git rev-parse --show-toplevel [4ms]
2024-01-02 14:48:56.213 [info] fatal: not a git repository (or any of the parent directories): .git
2024-01-02 14:48:56.217 [info] > git rev-parse --show-toplevel [5ms]
2024-01-02 14:48:56.217 [info] fatal: not a git repository (or any of the parent directories): .git
2024-01-02 14:49:10.425 [info] > git rev-parse --show-toplevel [2ms]
2024-01-02 14:49:10.425 [info] fatal: not a git repository (or any of the parent directories): .git
2024-01-02 14:50:41.752 [info] > git rev-parse --show-toplevel [6ms]
2024-01-02 14:50:41.753 [info] fatal: not a git repository (or any of the parent directories): .git
2024-01-02 14:51:37.023 [info] > git rev-parse --show-toplevel [7ms]
2024-01-02 14:51:37.023 [info] fatal: not a git repository (or any of the parent directories): .git
2024-01-02 14:51:37.089 [info] > git rev-parse --show-toplevel [11ms]
2024-01-02 14:51:37.089 [info] fatal: not a git repository (or any of the parent directories): .git
2024-01-02 14:51:45.775 [info] > git rev-parse --show-toplevel [3ms]
2024-01-02 14:51:45.775 [info] fatal: not a git repository (or any of the parent directories): .git
2024-01-02 14:51:45.840 [info] > git rev-parse --show-toplevel [15ms]
2024-01-02 14:51:45.840 [info] fatal: not a git repository (or any of the parent directories): .git
2024-01-02 14:51:45.942 [info] > git rev-parse --show-toplevel [7ms]
2024-01-02 14:51:45.943 [info] fatal: not a git repository (or any of the parent directories): .git
2024-01-02 14:54:51.988 [info] > git rev-parse --show-toplevel [3ms]
2024-01-02 14:54:51.988 [info] fatal: not a git repository (or any of the parent directories): .git
2024-01-02 14:54:55.170 [info] > git rev-parse --show-toplevel [3ms]
2024-01-02 14:54:55.170 [info] fatal: not a git repository (or any of the parent directories): .git
2024-01-02 14:54:58.866 [info] > git rev-parse --show-toplevel [5ms]
2024-01-02 14:54:58.866 [info] fatal: not a git repository (or any of the parent directories): .git
2024-01-02 14:55:12.293 [info] > git rev-parse --show-toplevel [6ms]
2024-01-02 14:55:12.294 [info] fatal: not a git repository (or any of the parent directories): .git
2024-01-02 14:55:21.283 [info] > git rev-parse --show-toplevel [4ms]
2024-01-02 14:55:21.283 [info] fatal: not a git repository (or any of the parent directories): .git
2024-01-02 15:01:00.238 [info] > git rev-parse --show-toplevel [9ms]
2024-01-02 15:01:00.238 [info] fatal: not a git repository (or any of the parent directories): .git
2024-01-02 15:01:05.265 [info] > git rev-parse --show-toplevel [5ms]
2024-01-02 15:01:05.265 [info] fatal: not a git repository (or any of the parent directories): .git
2024-01-02 15:45:42.464 [info] > git rev-parse --show-toplevel [22ms]
2024-01-02 15:45:42.467 [info] fatal: not a git repository (or any of the parent directories): .git
2024-01-02 15:49:54.213 [info] > git rev-parse --show-toplevel [5ms]
2024-01-02 15:49:54.213 [info] fatal: not a git repository (or any of the parent directories): .git
2024-01-02 15:53:18.990 [info] > git rev-parse --show-toplevel [6ms]
2024-01-02 15:53:19.028 [info] > git rev-parse --git-dir --git-common-dir [3ms]
2024-01-02 15:53:19.100 [info] Open repository: /home/johnchu
2024-01-02 15:53:19.143 [info] No remotes found in the git config file.
2024-01-02 15:53:19.146 [info] > git config --get commit.template [17ms]
2024-01-02 15:53:19.149 [info] > git for-each-ref --format=%(refname)%00%(upstream:short)%00%(objectname)%00%(upstream:track)%00%(upstream:remotename)%00%(upstream:remoteref) refs/heads/master refs/remotes/master [9ms]
2024-01-02 15:53:19.784 [info] > git status -z -uall [592ms] (cancelled)
2024-01-02 15:53:19.790 [info] > git check-ignore -v -z --stdin [42ms]
2024-01-02 15:53:20.309 [info] > git show --textconv :app.py [9ms]
2024-01-02 15:53:20.312 [info] > git ls-files --stage -- /home/johnchu/app.py [4ms]
2024-01-02 16:26:08.288 [info] > git ls-files --stage -- /home/johnchu/app.py [68ms]
2024-01-02 16:26:08.314 [info] > git cat-file -s 94862b9ddb45477543481390ed672aa1dc36d2a2 [10ms]
2024-01-02 16:26:08.360 [info] > git show --textconv :app.py [12ms]
