2024-01-03 11:07:58.052 [info] (Client) Pylance async client (2023.12.1) started with python extension (2023.22.1)
2024-01-03 11:07:58.888 [info] [Info  - 11:07:58 AM] (1421) Pylance language server 2023.12.1 (pyright a78e2b10) starting
2024-01-03 11:07:58.891 [info] [Info  - 11:07:58 AM] (1421) Server root directory: /home/johnchu/.vscode-server/extensions/ms-python.vscode-pylance-2023.12.1/dist
2024-01-03 11:07:59.014 [info] [Info  - 11:07:59 AM] (1421) Starting service instance "<default>"
2024-01-03 11:07:59.200 [info] [Info  - 11:07:59 AM] (1421) Setting environmentName for service "<default>": "/usr/local/bin/python3"
2024-01-03 11:07:59.395 [info] [Info  - 11:07:59 AM] (1421) No source files found.
2024-01-03 11:07:59.558 [info] [Info  - 11:07:59 AM] (1421) Setting environmentName for service "<default>": "/usr/local/bin/python3"
2024-01-03 11:07:59.643 [info] [Info  - 11:07:59 AM] (1421) No source files found.
2024-01-03 11:08:17.270 [info] [Info  - 11:08:17 AM] (1421) Setting environmentName for service "<default>": "/usr/local/bin/python3"
2024-01-03 11:08:17.358 [info] [Info  - 11:08:17 AM] (1421) No source files found.
2024-01-03 11:08:17.385 [info] [Info  - 11:08:17 AM] (1421) Setting environmentName for service "<default>": "/usr/local/bin/python3"
2024-01-03 11:08:17.443 [info] [Info  - 11:08:17 AM] (1421) No source files found.
2024-01-03 11:08:26.646 [info] [Info  - 11:08:26 AM] (1421) Setting pythonPath for service "<default>": "/bin/python3"
2024-01-03 11:08:26.646 [info] [Info  - 11:08:26 AM] (1421) Setting environmentName for service "<default>": "3.10.12 (global)"
2024-01-03 11:08:26.733 [info] [Info  - 11:08:26 AM] (1421) Assuming Python version 3.10
2024-01-03 11:08:26.798 [info] [Info  - 11:08:26 AM] (1421) No source files found.
2024-01-03 11:08:26.869 [info] [Info  - 11:08:26 AM] (1421) Setting pythonPath for service "<default>": "/bin/python3"
2024-01-03 11:08:26.870 [info] [Info  - 11:08:26 AM] (1421) Setting environmentName for service "<default>": "3.10.12 (global)"
2024-01-03 11:08:26.930 [info] [Info  - 11:08:26 AM] (1421) Assuming Python version 3.10
2024-01-03 11:08:26.991 [info] [Info  - 11:08:26 AM] (1421) No source files found.
