2024-01-07 18:34:37.422 [info] 記錄層級: Info
2024-01-07 18:34:37.423 [info] 正在驗證在下列位置找到的 Git: "git"
2024-01-07 18:34:37.423 [info] 正在使用來自 "2.34.1" 的 Git "git"
2024-01-07 18:34:46.373 [info] > git rev-parse --show-toplevel [9ms]
2024-01-07 18:34:46.382 [info] > git rev-parse --git-dir --git-common-dir [1ms]
2024-01-07 18:34:46.415 [info] Open repository: /home/johnchu
2024-01-07 18:34:46.438 [info] > git config --get commit.template [11ms]
2024-01-07 18:34:46.460 [info] > git for-each-ref --format=%(refname)%00%(upstream:short)%00%(objectname)%00%(upstream:track)%00%(upstream:remotename)%00%(upstream:remoteref) refs/heads/master refs/remotes/master [26ms]
2024-01-07 18:34:47.702 [info] > git status -z -uall [1232ms]
2024-01-07 18:34:47.788 [info] > git check-ignore -v -z --stdin [91ms]
2024-01-07 18:34:47.793 [info] > git config --get commit.template [31ms]
2024-01-07 18:34:48.012 [info] > git for-each-ref --format=%(refname)%00%(upstream:short)%00%(objectname)%00%(upstream:track)%00%(upstream:remotename)%00%(upstream:remoteref) refs/heads/master refs/remotes/master [196ms]
2024-01-07 18:34:48.119 [info] > git status -z -uall [96ms]
2024-01-07 18:34:48.142 [info] > git show --textconv :eazyweb.py [35ms]
2024-01-07 18:34:48.143 [info] > git ls-files --stage -- /home/johnchu/eazyweb.py [26ms]
2024-01-07 18:34:48.154 [info] > git cat-file -s 050643d40cd09cede9838246691dbcb058a60829 [4ms]
2024-01-07 18:34:52.388 [info] > git config --get commit.template [1ms]
2024-01-07 18:34:52.400 [info] > git for-each-ref --format=%(refname)%00%(upstream:short)%00%(objectname)%00%(upstream:track)%00%(upstream:remotename)%00%(upstream:remoteref) refs/heads/master refs/remotes/master [5ms]
2024-01-07 18:34:52.495 [info] > git status -z -uall [84ms]
2024-01-07 18:34:57.552 [info] > git config --get commit.template [11ms]
2024-01-07 18:34:57.565 [info] > git for-each-ref --format=%(refname)%00%(upstream:short)%00%(objectname)%00%(upstream:track)%00%(upstream:remotename)%00%(upstream:remoteref) refs/heads/master refs/remotes/master [15ms]
2024-01-07 18:34:57.627 [info] > git status -z -uall [55ms]
2024-01-07 18:35:02.697 [info] > git config --get commit.template [12ms]
2024-01-07 18:35:02.702 [info] > git for-each-ref --format=%(refname)%00%(upstream:short)%00%(objectname)%00%(upstream:track)%00%(upstream:remotename)%00%(upstream:remoteref) refs/heads/master refs/remotes/master [6ms]
2024-01-07 18:35:02.759 [info] > git status -z -uall [49ms]
2024-01-07 18:35:07.802 [info] > git config --get commit.template [11ms]
2024-01-07 18:35:07.806 [info] > git for-each-ref --format=%(refname)%00%(upstream:short)%00%(objectname)%00%(upstream:track)%00%(upstream:remotename)%00%(upstream:remoteref) refs/heads/master refs/remotes/master [6ms]
2024-01-07 18:35:07.866 [info] > git status -z -uall [52ms]
2024-01-07 18:35:12.907 [info] > git config --get commit.template [12ms]
2024-01-07 18:35:12.913 [info] > git for-each-ref --format=%(refname)%00%(upstream:short)%00%(objectname)%00%(upstream:track)%00%(upstream:remotename)%00%(upstream:remoteref) refs/heads/master refs/remotes/master [6ms]
2024-01-07 18:35:12.979 [info] > git status -z -uall [52ms]
2024-01-07 18:35:18.012 [info] > git config --get commit.template [12ms]
2024-01-07 18:35:18.015 [info] > git for-each-ref --format=%(refname)%00%(upstream:short)%00%(objectname)%00%(upstream:track)%00%(upstream:remotename)%00%(upstream:remoteref) refs/heads/master refs/remotes/master [5ms]
2024-01-07 18:35:18.078 [info] > git status -z -uall [53ms]
2024-01-07 18:35:23.115 [info] > git config --get commit.template [7ms]
2024-01-07 18:35:23.141 [info] > git for-each-ref --format=%(refname)%00%(upstream:short)%00%(objectname)%00%(upstream:track)%00%(upstream:remotename)%00%(upstream:remoteref) refs/heads/master refs/remotes/master [6ms]
2024-01-07 18:35:23.240 [info] > git status -z -uall [85ms]
2024-01-07 18:35:28.282 [info] > git config --get commit.template [12ms]
2024-01-07 18:35:28.286 [info] > git for-each-ref --format=%(refname)%00%(upstream:short)%00%(objectname)%00%(upstream:track)%00%(upstream:remotename)%00%(upstream:remoteref) refs/heads/master refs/remotes/master [4ms]
2024-01-07 18:35:28.342 [info] > git status -z -uall [48ms]
2024-01-07 18:35:33.382 [info] > git config --get commit.template [12ms]
2024-01-07 18:35:33.385 [info] > git for-each-ref --format=%(refname)%00%(upstream:short)%00%(objectname)%00%(upstream:track)%00%(upstream:remotename)%00%(upstream:remoteref) refs/heads/master refs/remotes/master [3ms]
2024-01-07 18:35:33.434 [info] > git status -z -uall [42ms]
2024-01-07 18:35:38.480 [info] > git config --get commit.template [14ms]
2024-01-07 18:35:38.483 [info] > git for-each-ref --format=%(refname)%00%(upstream:short)%00%(objectname)%00%(upstream:track)%00%(upstream:remotename)%00%(upstream:remoteref) refs/heads/master refs/remotes/master [4ms]
2024-01-07 18:35:38.539 [info] > git status -z -uall [49ms]
2024-01-07 18:35:43.581 [info] > git config --get commit.template [14ms]
2024-01-07 18:35:43.584 [info] > git for-each-ref --format=%(refname)%00%(upstream:short)%00%(objectname)%00%(upstream:track)%00%(upstream:remotename)%00%(upstream:remoteref) refs/heads/master refs/remotes/master [4ms]
2024-01-07 18:35:43.637 [info] > git status -z -uall [45ms]
2024-01-07 18:35:48.673 [info] > git config --get commit.template [12ms]
2024-01-07 18:35:48.677 [info] > git for-each-ref --format=%(refname)%00%(upstream:short)%00%(objectname)%00%(upstream:track)%00%(upstream:remotename)%00%(upstream:remoteref) refs/heads/master refs/remotes/master [5ms]
2024-01-07 18:35:48.728 [info] > git status -z -uall [43ms]
2024-01-07 18:35:53.762 [info] > git config --get commit.template [14ms]
2024-01-07 18:35:53.764 [info] > git for-each-ref --format=%(refname)%00%(upstream:short)%00%(objectname)%00%(upstream:track)%00%(upstream:remotename)%00%(upstream:remoteref) refs/heads/master refs/remotes/master [3ms]
2024-01-07 18:35:53.814 [info] > git status -z -uall [43ms]
2024-01-07 18:35:58.856 [info] > git config --get commit.template [14ms]
2024-01-07 18:35:58.859 [info] > git for-each-ref --format=%(refname)%00%(upstream:short)%00%(objectname)%00%(upstream:track)%00%(upstream:remotename)%00%(upstream:remoteref) refs/heads/master refs/remotes/master [5ms]
2024-01-07 18:35:58.910 [info] > git status -z -uall [43ms]
2024-01-07 18:36:03.958 [info] > git config --get commit.template [4ms]
2024-01-07 18:36:04.004 [info] > git for-each-ref --format=%(refname)%00%(upstream:short)%00%(objectname)%00%(upstream:track)%00%(upstream:remotename)%00%(upstream:remoteref) refs/heads/master refs/remotes/master [17ms]
2024-01-07 18:36:04.077 [info] > git status -z -uall [60ms]
2024-01-07 18:36:09.118 [info] > git config --get commit.template [13ms]
2024-01-07 18:36:09.120 [info] > git for-each-ref --format=%(refname)%00%(upstream:short)%00%(objectname)%00%(upstream:track)%00%(upstream:remotename)%00%(upstream:remoteref) refs/heads/master refs/remotes/master [4ms]
2024-01-07 18:36:09.171 [info] > git status -z -uall [43ms]
2024-01-07 18:36:14.212 [info] > git config --get commit.template [11ms]
2024-01-07 18:36:14.215 [info] > git for-each-ref --format=%(refname)%00%(upstream:short)%00%(objectname)%00%(upstream:track)%00%(upstream:remotename)%00%(upstream:remoteref) refs/heads/master refs/remotes/master [5ms]
2024-01-07 18:36:14.272 [info] > git status -z -uall [49ms]
2024-01-07 18:36:19.368 [info] > git config --get commit.template [17ms]
2024-01-07 18:36:19.370 [info] > git for-each-ref --format=%(refname)%00%(upstream:short)%00%(objectname)%00%(upstream:track)%00%(upstream:remotename)%00%(upstream:remoteref) refs/heads/master refs/remotes/master [4ms]
2024-01-07 18:36:19.443 [info] > git status -z -uall [64ms]
2024-01-07 18:36:24.475 [info] > git config --get commit.template [12ms]
2024-01-07 18:36:24.478 [info] > git for-each-ref --format=%(refname)%00%(upstream:short)%00%(objectname)%00%(upstream:track)%00%(upstream:remotename)%00%(upstream:remoteref) refs/heads/master refs/remotes/master [4ms]
2024-01-07 18:36:24.546 [info] > git status -z -uall [59ms]
2024-01-07 18:36:29.580 [info] > git config --get commit.template [12ms]
2024-01-07 18:36:29.583 [info] > git for-each-ref --format=%(refname)%00%(upstream:short)%00%(objectname)%00%(upstream:track)%00%(upstream:remotename)%00%(upstream:remoteref) refs/heads/master refs/remotes/master [5ms]
2024-01-07 18:36:29.644 [info] > git status -z -uall [51ms]
2024-01-07 18:36:34.681 [info] > git config --get commit.template [14ms]
2024-01-07 18:36:34.684 [info] > git for-each-ref --format=%(refname)%00%(upstream:short)%00%(objectname)%00%(upstream:track)%00%(upstream:remotename)%00%(upstream:remoteref) refs/heads/master refs/remotes/master [7ms]
2024-01-07 18:36:34.746 [info] > git status -z -uall [42ms]
2024-01-07 18:36:39.782 [info] > git config --get commit.template [12ms]
2024-01-07 18:36:39.785 [info] > git for-each-ref --format=%(refname)%00%(upstream:short)%00%(objectname)%00%(upstream:track)%00%(upstream:remotename)%00%(upstream:remoteref) refs/heads/master refs/remotes/master [5ms]
2024-01-07 18:36:39.851 [info] > git status -z -uall [59ms]
2024-01-07 18:36:44.888 [info] > git config --get commit.template [15ms]
2024-01-07 18:36:44.892 [info] > git for-each-ref --format=%(refname)%00%(upstream:short)%00%(objectname)%00%(upstream:track)%00%(upstream:remotename)%00%(upstream:remoteref) refs/heads/master refs/remotes/master [5ms]
2024-01-07 18:36:44.941 [info] > git status -z -uall [42ms]
2024-01-07 18:36:49.990 [info] > git config --get commit.template [24ms]
2024-01-07 18:36:50.002 [info] > git for-each-ref --format=%(refname)%00%(upstream:short)%00%(objectname)%00%(upstream:track)%00%(upstream:remotename)%00%(upstream:remoteref) refs/heads/master refs/remotes/master [15ms]
2024-01-07 18:36:50.090 [info] > git status -z -uall [74ms]
2024-01-07 18:36:55.137 [info] > git config --get commit.template [11ms]
2024-01-07 18:36:55.139 [info] > git for-each-ref --format=%(refname)%00%(upstream:short)%00%(objectname)%00%(upstream:track)%00%(upstream:remotename)%00%(upstream:remoteref) refs/heads/master refs/remotes/master [5ms]
2024-01-07 18:36:55.229 [info] > git status -z -uall [82ms]
2024-01-07 18:37:00.263 [info] > git config --get commit.template [11ms]
2024-01-07 18:37:00.266 [info] > git for-each-ref --format=%(refname)%00%(upstream:short)%00%(objectname)%00%(upstream:track)%00%(upstream:remotename)%00%(upstream:remoteref) refs/heads/master refs/remotes/master [4ms]
2024-01-07 18:37:00.321 [info] > git status -z -uall [48ms]
2024-01-07 18:37:05.364 [info] > git config --get commit.template [14ms]
2024-01-07 18:37:05.366 [info] > git for-each-ref --format=%(refname)%00%(upstream:short)%00%(objectname)%00%(upstream:track)%00%(upstream:remotename)%00%(upstream:remoteref) refs/heads/master refs/remotes/master [3ms]
2024-01-07 18:37:05.420 [info] > git status -z -uall [45ms]
2024-01-07 18:37:10.454 [info] > git config --get commit.template [11ms]
2024-01-07 18:37:10.457 [info] > git for-each-ref --format=%(refname)%00%(upstream:short)%00%(objectname)%00%(upstream:track)%00%(upstream:remotename)%00%(upstream:remoteref) refs/heads/master refs/remotes/master [5ms]
2024-01-07 18:37:10.517 [info] > git status -z -uall [52ms]
2024-01-07 18:37:15.554 [info] > git config --get commit.template [12ms]
2024-01-07 18:37:15.559 [info] > git for-each-ref --format=%(refname)%00%(upstream:short)%00%(objectname)%00%(upstream:track)%00%(upstream:remotename)%00%(upstream:remoteref) refs/heads/master refs/remotes/master [5ms]
2024-01-07 18:37:15.621 [info] > git status -z -uall [54ms]
2024-01-07 18:37:20.668 [info] > git config --get commit.template [17ms]
2024-01-07 18:37:20.670 [info] > git for-each-ref --format=%(refname)%00%(upstream:short)%00%(objectname)%00%(upstream:track)%00%(upstream:remotename)%00%(upstream:remoteref) refs/heads/master refs/remotes/master [4ms]
2024-01-07 18:37:20.720 [info] > git status -z -uall [43ms]
2024-01-07 18:37:25.779 [info] > git config --get commit.template [29ms]
2024-01-07 18:37:25.781 [info] > git for-each-ref --format=%(refname)%00%(upstream:short)%00%(objectname)%00%(upstream:track)%00%(upstream:remotename)%00%(upstream:remoteref) refs/heads/master refs/remotes/master [5ms]
2024-01-07 18:37:25.853 [info] > git status -z -uall [61ms]
2024-01-07 18:37:30.882 [info] > git config --get commit.template [9ms]
2024-01-07 18:37:30.884 [info] > git for-each-ref --format=%(refname)%00%(upstream:short)%00%(objectname)%00%(upstream:track)%00%(upstream:remotename)%00%(upstream:remoteref) refs/heads/master refs/remotes/master [3ms]
2024-01-07 18:37:30.939 [info] > git status -z -uall [48ms]
2024-01-07 18:37:35.975 [info] > git config --get commit.template [14ms]
2024-01-07 18:37:35.978 [info] > git for-each-ref --format=%(refname)%00%(upstream:short)%00%(objectname)%00%(upstream:track)%00%(upstream:remotename)%00%(upstream:remoteref) refs/heads/master refs/remotes/master [7ms]
2024-01-07 18:37:36.038 [info] > git status -z -uall [49ms]
2024-01-07 18:37:41.080 [info] > git config --get commit.template [18ms]
2024-01-07 18:37:41.083 [info] > git for-each-ref --format=%(refname)%00%(upstream:short)%00%(objectname)%00%(upstream:track)%00%(upstream:remotename)%00%(upstream:remoteref) refs/heads/master refs/remotes/master [13ms]
2024-01-07 18:37:41.216 [info] > git status -z -uall [116ms]
2024-01-07 18:37:46.264 [info] > git config --get commit.template [15ms]
2024-01-07 18:37:46.267 [info] > git for-each-ref --format=%(refname)%00%(upstream:short)%00%(objectname)%00%(upstream:track)%00%(upstream:remotename)%00%(upstream:remoteref) refs/heads/master refs/remotes/master [5ms]
2024-01-07 18:37:46.336 [info] > git status -z -uall [58ms]
2024-01-07 18:37:51.373 [info] > git config --get commit.template [15ms]
2024-01-07 18:37:51.376 [info] > git for-each-ref --format=%(refname)%00%(upstream:short)%00%(objectname)%00%(upstream:track)%00%(upstream:remotename)%00%(upstream:remoteref) refs/heads/master refs/remotes/master [4ms]
2024-01-07 18:37:51.440 [info] > git status -z -uall [55ms]
2024-01-07 18:37:56.485 [info] > git config --get commit.template [12ms]
2024-01-07 18:37:56.488 [info] > git for-each-ref --format=%(refname)%00%(upstream:short)%00%(objectname)%00%(upstream:track)%00%(upstream:remotename)%00%(upstream:remoteref) refs/heads/master refs/remotes/master [6ms]
2024-01-07 18:37:56.541 [info] > git status -z -uall [44ms]
2024-01-07 18:38:01.582 [info] > git config --get commit.template [13ms]
2024-01-07 18:38:01.585 [info] > git for-each-ref --format=%(refname)%00%(upstream:short)%00%(objectname)%00%(upstream:track)%00%(upstream:remotename)%00%(upstream:remoteref) refs/heads/master refs/remotes/master [6ms]
2024-01-07 18:38:01.655 [info] > git status -z -uall [61ms]
2024-01-07 18:38:06.703 [info] > git config --get commit.template [14ms]
2024-01-07 18:38:06.704 [info] > git for-each-ref --format=%(refname)%00%(upstream:short)%00%(objectname)%00%(upstream:track)%00%(upstream:remotename)%00%(upstream:remoteref) refs/heads/master refs/remotes/master [3ms]
2024-01-07 18:38:06.796 [info] > git status -z -uall [81ms]
2024-01-07 18:45:59.790 [info] > git config --get commit.template [5ms]
2024-01-07 18:45:59.861 [info] > git for-each-ref --format=%(refname)%00%(upstream:short)%00%(objectname)%00%(upstream:track)%00%(upstream:remotename)%00%(upstream:remoteref) refs/heads/master refs/remotes/master [19ms]
2024-01-07 18:46:00.048 [info] > git status -z -uall [160ms]
2024-01-07 18:46:05.096 [info] > git config --get commit.template [10ms]
2024-01-07 18:46:05.099 [info] > git for-each-ref --format=%(refname)%00%(upstream:short)%00%(objectname)%00%(upstream:track)%00%(upstream:remotename)%00%(upstream:remoteref) refs/heads/master refs/remotes/master [3ms]
2024-01-07 18:46:05.147 [info] > git status -z -uall [41ms]
