2024-01-08 22:35:07.986 [info] 記錄層級: Info
2024-01-08 22:35:07.986 [info] 正在驗證在下列位置找到的 Git: "git"
2024-01-08 22:35:07.986 [info] 正在使用來自 "2.34.1" 的 Git "git"
2024-01-08 22:35:07.986 [info] > git rev-parse --show-toplevel [8ms]
2024-01-08 22:35:07.987 [info] > git rev-parse --git-dir --git-common-dir [9ms]
2024-01-08 22:35:07.987 [info] Open repository: /home/johnchu
2024-01-08 22:35:07.987 [info] > git config --get commit.template [36ms]
2024-01-08 22:35:07.987 [info] > git rev-parse --show-toplevel [31ms]
2024-01-08 22:35:07.987 [info] > git for-each-ref --format=%(refname)%00%(upstream:short)%00%(objectname)%00%(upstream:track)%00%(upstream:remotename)%00%(upstream:remoteref) refs/heads/master refs/remotes/master [17ms]
2024-01-08 22:35:07.987 [info] > git rev-parse --show-toplevel [251ms]
2024-01-08 22:35:07.987 [info] > git status -z -uall [240ms]
2024-01-08 22:35:07.987 [info] > git rev-parse --show-toplevel [17ms]
2024-01-08 22:35:07.987 [info] > git config --get commit.template [14ms]
2024-01-08 22:35:07.987 [info] > git rev-parse --show-toplevel [14ms]
2024-01-08 22:35:07.987 [info] > git for-each-ref --format=%(refname)%00%(upstream:short)%00%(objectname)%00%(upstream:track)%00%(upstream:remotename)%00%(upstream:remoteref) refs/heads/master refs/remotes/master [18ms]
2024-01-08 22:35:07.987 [info] > git status -z -uall [83ms]
2024-01-08 22:35:07.987 [info] > git rev-parse --show-toplevel [110ms]
2024-01-08 22:35:08.136 [info] > git show --textconv :eazyweb.py [14ms]
2024-01-08 22:35:08.146 [info] > git ls-files --stage -- /home/johnchu/eazyweb.py [13ms]
2024-01-08 22:35:08.161 [info] > git cat-file -s d9036c5aa38a3cd01128a577e79bd089b7a68d33 [3ms]
2024-01-08 22:35:08.512 [info] > git check-ignore -v -z --stdin [16ms]
2024-01-08 22:35:10.714 [info] > git config --get commit.template [12ms]
2024-01-08 22:35:10.766 [info] > git for-each-ref --format=%(refname)%00%(upstream:short)%00%(objectname)%00%(upstream:track)%00%(upstream:remotename)%00%(upstream:remoteref) refs/heads/master refs/remotes/master [2ms]
2024-01-08 22:35:10.960 [info] > git status -z -uall [158ms]
2024-01-08 22:35:17.067 [info] > git config --get commit.template [17ms]
2024-01-08 22:35:17.070 [info] > git for-each-ref --format=%(refname)%00%(upstream:short)%00%(objectname)%00%(upstream:track)%00%(upstream:remotename)%00%(upstream:remoteref) refs/heads/master refs/remotes/master [4ms]
2024-01-08 22:35:17.130 [info] > git status -z -uall [51ms]
2024-01-08 22:35:18.886 [info] > git show --textconv :master.py [10ms]
2024-01-08 22:35:18.894 [info] > git ls-files --stage -- /home/johnchu/master.py [9ms]
2024-01-08 22:35:19.156 [info] > git check-ignore -v -z --stdin [10ms]
2024-01-08 22:35:22.164 [info] > git config --get commit.template [19ms]
2024-01-08 22:35:22.165 [info] > git for-each-ref --format=%(refname)%00%(upstream:short)%00%(objectname)%00%(upstream:track)%00%(upstream:remotename)%00%(upstream:remoteref) refs/heads/master refs/remotes/master [4ms]
2024-01-08 22:35:22.239 [info] > git status -z -uall [61ms]
2024-01-08 22:35:27.283 [info] > git for-each-ref --format=%(refname)%00%(upstream:short)%00%(objectname)%00%(upstream:track)%00%(upstream:remotename)%00%(upstream:remoteref) refs/heads/master refs/remotes/master [14ms]
2024-01-08 22:35:27.284 [info] > git config --get commit.template [25ms]
2024-01-08 22:35:27.337 [info] > git status -z -uall [44ms]
2024-01-08 22:35:32.364 [info] > git config --get commit.template [12ms]
2024-01-08 22:35:32.365 [info] > git for-each-ref --format=%(refname)%00%(upstream:short)%00%(objectname)%00%(upstream:track)%00%(upstream:remotename)%00%(upstream:remoteref) refs/heads/master refs/remotes/master [2ms]
2024-01-08 22:35:32.423 [info] > git status -z -uall [50ms]
2024-01-08 22:35:37.458 [info] > git config --get commit.template [15ms]
2024-01-08 22:35:37.459 [info] > git for-each-ref --format=%(refname)%00%(upstream:short)%00%(objectname)%00%(upstream:track)%00%(upstream:remotename)%00%(upstream:remoteref) refs/heads/master refs/remotes/master [3ms]
2024-01-08 22:35:37.528 [info] > git status -z -uall [51ms]
2024-01-08 22:35:42.568 [info] > git config --get commit.template [17ms]
2024-01-08 22:35:42.569 [info] > git for-each-ref --format=%(refname)%00%(upstream:short)%00%(objectname)%00%(upstream:track)%00%(upstream:remotename)%00%(upstream:remoteref) refs/heads/master refs/remotes/master [3ms]
2024-01-08 22:35:42.623 [info] > git status -z -uall [47ms]
2024-01-08 22:35:47.660 [info] > git config --get commit.template [17ms]
2024-01-08 22:35:47.668 [info] > git for-each-ref --format=%(refname)%00%(upstream:short)%00%(objectname)%00%(upstream:track)%00%(upstream:remotename)%00%(upstream:remoteref) refs/heads/master refs/remotes/master [10ms]
2024-01-08 22:35:47.723 [info] > git status -z -uall [46ms]
2024-01-08 22:35:52.748 [info] > git config --get commit.template [10ms]
2024-01-08 22:35:52.749 [info] > git for-each-ref --format=%(refname)%00%(upstream:short)%00%(objectname)%00%(upstream:track)%00%(upstream:remotename)%00%(upstream:remoteref) refs/heads/master refs/remotes/master [2ms]
2024-01-08 22:35:52.809 [info] > git status -z -uall [45ms]
2024-01-08 22:35:57.844 [info] > git config --get commit.template [18ms]
2024-01-08 22:35:57.845 [info] > git for-each-ref --format=%(refname)%00%(upstream:short)%00%(objectname)%00%(upstream:track)%00%(upstream:remotename)%00%(upstream:remoteref) refs/heads/master refs/remotes/master [7ms]
2024-01-08 22:35:57.903 [info] > git status -z -uall [49ms]
2024-01-08 22:36:03.791 [info] > git config --get commit.template [4ms]
2024-01-08 22:36:03.807 [info] > git for-each-ref --format=%(refname)%00%(upstream:short)%00%(objectname)%00%(upstream:track)%00%(upstream:remotename)%00%(upstream:remoteref) refs/heads/master refs/remotes/master [2ms]
2024-01-08 22:36:04.007 [info] > git status -z -uall [191ms]
2024-01-08 22:36:09.037 [info] > git config --get commit.template [10ms]
2024-01-08 22:36:09.037 [info] > git for-each-ref --format=%(refname)%00%(upstream:short)%00%(objectname)%00%(upstream:track)%00%(upstream:remotename)%00%(upstream:remoteref) refs/heads/master refs/remotes/master [2ms]
2024-01-08 22:36:09.107 [info] > git status -z -uall [62ms]
2024-01-08 22:36:45.911 [info] > git config --get commit.template [21ms]
2024-01-08 22:36:45.912 [info] > git for-each-ref --format=%(refname)%00%(upstream:short)%00%(objectname)%00%(upstream:track)%00%(upstream:remotename)%00%(upstream:remoteref) refs/heads/master refs/remotes/master [5ms]
2024-01-08 22:36:46.107 [info] > git status -z -uall [182ms]
2024-01-08 22:36:51.148 [info] > git config --get commit.template [11ms]
2024-01-08 22:36:51.150 [info] > git for-each-ref --format=%(refname)%00%(upstream:short)%00%(objectname)%00%(upstream:track)%00%(upstream:remotename)%00%(upstream:remoteref) refs/heads/master refs/remotes/master [3ms]
2024-01-08 22:36:51.230 [info] > git status -z -uall [68ms]
2024-01-08 22:36:56.269 [info] > git config --get commit.template [19ms]
2024-01-08 22:36:56.273 [info] > git for-each-ref --format=%(refname)%00%(upstream:short)%00%(objectname)%00%(upstream:track)%00%(upstream:remotename)%00%(upstream:remoteref) refs/heads/master refs/remotes/master [6ms]
2024-01-08 22:36:56.362 [info] > git status -z -uall [75ms]
2024-01-08 22:37:31.964 [info] > git config --get commit.template [17ms]
2024-01-08 22:37:31.966 [info] > git for-each-ref --format=%(refname)%00%(upstream:short)%00%(objectname)%00%(upstream:track)%00%(upstream:remotename)%00%(upstream:remoteref) refs/heads/master refs/remotes/master [4ms]
2024-01-08 22:37:32.197 [info] > git status -z -uall [214ms]
2024-01-08 22:37:37.400 [info] > git config --get commit.template [17ms]
2024-01-08 22:37:37.401 [info] > git for-each-ref --format=%(refname)%00%(upstream:short)%00%(objectname)%00%(upstream:track)%00%(upstream:remotename)%00%(upstream:remoteref) refs/heads/master refs/remotes/master [3ms]
2024-01-08 22:37:37.492 [info] > git status -z -uall [81ms]
2024-01-08 22:37:42.602 [info] > git config --get commit.template [15ms]
2024-01-08 22:37:42.602 [info] > git for-each-ref --format=%(refname)%00%(upstream:short)%00%(objectname)%00%(upstream:track)%00%(upstream:remotename)%00%(upstream:remoteref) refs/heads/master refs/remotes/master [3ms]
2024-01-08 22:37:42.695 [info] > git status -z -uall [82ms]
2024-01-08 22:37:51.370 [info] > git config --get commit.template [20ms]
2024-01-08 22:37:51.374 [info] > git for-each-ref --format=%(refname)%00%(upstream:short)%00%(objectname)%00%(upstream:track)%00%(upstream:remotename)%00%(upstream:remoteref) refs/heads/master refs/remotes/master [6ms]
2024-01-08 22:37:51.490 [info] > git status -z -uall [99ms]
2024-01-08 22:37:56.610 [info] > git config --get commit.template [16ms]
2024-01-08 22:37:56.611 [info] > git for-each-ref --format=%(refname)%00%(upstream:short)%00%(objectname)%00%(upstream:track)%00%(upstream:remotename)%00%(upstream:remoteref) refs/heads/master refs/remotes/master [2ms]
2024-01-08 22:37:56.701 [info] > git status -z -uall [78ms]
2024-01-08 22:38:01.836 [info] > git config --get commit.template [30ms]
2024-01-08 22:38:01.842 [info] > git for-each-ref --format=%(refname)%00%(upstream:short)%00%(objectname)%00%(upstream:track)%00%(upstream:remotename)%00%(upstream:remoteref) refs/heads/master refs/remotes/master [7ms]
2024-01-08 22:38:01.979 [info] > git status -z -uall [104ms]
2024-01-08 22:38:07.090 [info] > git config --get commit.template [6ms]
2024-01-08 22:38:07.134 [info] > git for-each-ref --format=%(refname)%00%(upstream:short)%00%(objectname)%00%(upstream:track)%00%(upstream:remotename)%00%(upstream:remoteref) refs/heads/master refs/remotes/master [9ms]
2024-01-08 22:38:07.324 [info] > git status -z -uall [160ms]
2024-01-08 22:38:12.437 [info] > git config --get commit.template [15ms]
2024-01-08 22:38:12.438 [info] > git for-each-ref --format=%(refname)%00%(upstream:short)%00%(objectname)%00%(upstream:track)%00%(upstream:remotename)%00%(upstream:remoteref) refs/heads/master refs/remotes/master [5ms]
2024-01-08 22:38:12.564 [info] > git status -z -uall [115ms]
2024-01-08 22:38:29.002 [info] > git config --get commit.template [24ms]
2024-01-08 22:38:29.003 [info] > git for-each-ref --format=%(refname)%00%(upstream:short)%00%(objectname)%00%(upstream:track)%00%(upstream:remotename)%00%(upstream:remoteref) refs/heads/master refs/remotes/master [5ms]
2024-01-08 22:38:29.128 [info] > git status -z -uall [106ms]
2024-01-08 22:38:34.259 [info] > git config --get commit.template [15ms]
2024-01-08 22:38:34.260 [info] > git for-each-ref --format=%(refname)%00%(upstream:short)%00%(objectname)%00%(upstream:track)%00%(upstream:remotename)%00%(upstream:remoteref) refs/heads/master refs/remotes/master [3ms]
2024-01-08 22:38:34.344 [info] > git status -z -uall [73ms]
2024-01-08 22:38:39.451 [info] > git config --get commit.template [18ms]
2024-01-08 22:38:39.452 [info] > git for-each-ref --format=%(refname)%00%(upstream:short)%00%(objectname)%00%(upstream:track)%00%(upstream:remotename)%00%(upstream:remoteref) refs/heads/master refs/remotes/master [3ms]
2024-01-08 22:38:39.542 [info] > git status -z -uall [77ms]
2024-01-08 22:38:56.290 [info] > git config --get commit.template [26ms]
2024-01-08 22:38:56.292 [info] > git for-each-ref --format=%(refname)%00%(upstream:short)%00%(objectname)%00%(upstream:track)%00%(upstream:remotename)%00%(upstream:remoteref) refs/heads/master refs/remotes/master [4ms]
2024-01-08 22:38:56.402 [info] > git status -z -uall [93ms]
2024-01-08 22:39:01.516 [info] > git config --get commit.template [17ms]
2024-01-08 22:39:01.517 [info] > git for-each-ref --format=%(refname)%00%(upstream:short)%00%(objectname)%00%(upstream:track)%00%(upstream:remotename)%00%(upstream:remoteref) refs/heads/master refs/remotes/master [3ms]
2024-01-08 22:39:01.610 [info] > git status -z -uall [79ms]
2024-01-08 22:39:06.726 [info] > git config --get commit.template [17ms]
2024-01-08 22:39:06.727 [info] > git for-each-ref --format=%(refname)%00%(upstream:short)%00%(objectname)%00%(upstream:track)%00%(upstream:remotename)%00%(upstream:remoteref) refs/heads/master refs/remotes/master [3ms]
2024-01-08 22:39:06.820 [info] > git status -z -uall [76ms]
2024-01-08 22:39:11.929 [info] > git config --get commit.template [16ms]
2024-01-08 22:39:11.930 [info] > git for-each-ref --format=%(refname)%00%(upstream:short)%00%(objectname)%00%(upstream:track)%00%(upstream:remotename)%00%(upstream:remoteref) refs/heads/master refs/remotes/master [2ms]
2024-01-08 22:39:12.019 [info] > git status -z -uall [77ms]
2024-01-08 22:39:17.119 [info] > git config --get commit.template [6ms]
2024-01-08 22:39:17.138 [info] > git for-each-ref --format=%(refname)%00%(upstream:short)%00%(objectname)%00%(upstream:track)%00%(upstream:remotename)%00%(upstream:remoteref) refs/heads/master refs/remotes/master [3ms]
2024-01-08 22:39:17.235 [info] > git status -z -uall [79ms]
2024-01-08 22:39:22.360 [info] > git config --get commit.template [17ms]
2024-01-08 22:39:22.361 [info] > git for-each-ref --format=%(refname)%00%(upstream:short)%00%(objectname)%00%(upstream:track)%00%(upstream:remotename)%00%(upstream:remoteref) refs/heads/master refs/remotes/master [3ms]
2024-01-08 22:39:22.475 [info] > git status -z -uall [100ms]
2024-01-08 22:39:27.589 [info] > git config --get commit.template [16ms]
2024-01-08 22:39:27.591 [info] > git for-each-ref --format=%(refname)%00%(upstream:short)%00%(objectname)%00%(upstream:track)%00%(upstream:remotename)%00%(upstream:remoteref) refs/heads/master refs/remotes/master [3ms]
2024-01-08 22:39:27.679 [info] > git status -z -uall [78ms]
2024-01-08 22:39:32.791 [info] > git config --get commit.template [17ms]
2024-01-08 22:39:32.793 [info] > git for-each-ref --format=%(refname)%00%(upstream:short)%00%(objectname)%00%(upstream:track)%00%(upstream:remotename)%00%(upstream:remoteref) refs/heads/master refs/remotes/master [5ms]
2024-01-08 22:39:32.883 [info] > git status -z -uall [77ms]
2024-01-08 22:39:37.997 [info] > git config --get commit.template [14ms]
2024-01-08 22:39:37.998 [info] > git for-each-ref --format=%(refname)%00%(upstream:short)%00%(objectname)%00%(upstream:track)%00%(upstream:remotename)%00%(upstream:remoteref) refs/heads/master refs/remotes/master [3ms]
2024-01-08 22:39:38.104 [info] > git status -z -uall [95ms]
2024-01-08 22:39:43.218 [info] > git config --get commit.template [18ms]
2024-01-08 22:39:43.221 [info] > git for-each-ref --format=%(refname)%00%(upstream:short)%00%(objectname)%00%(upstream:track)%00%(upstream:remotename)%00%(upstream:remoteref) refs/heads/master refs/remotes/master [4ms]
2024-01-08 22:39:43.313 [info] > git status -z -uall [78ms]
2024-01-08 22:39:48.435 [info] > git config --get commit.template [22ms]
2024-01-08 22:39:48.436 [info] > git for-each-ref --format=%(refname)%00%(upstream:short)%00%(objectname)%00%(upstream:track)%00%(upstream:remotename)%00%(upstream:remoteref) refs/heads/master refs/remotes/master [4ms]
2024-01-08 22:39:48.525 [info] > git status -z -uall [76ms]
2024-01-08 22:39:53.646 [info] > git config --get commit.template [25ms]
2024-01-08 22:39:53.647 [info] > git for-each-ref --format=%(refname)%00%(upstream:short)%00%(objectname)%00%(upstream:track)%00%(upstream:remotename)%00%(upstream:remoteref) refs/heads/master refs/remotes/master [6ms]
2024-01-08 22:39:53.769 [info] > git status -z -uall [102ms]
2024-01-08 22:39:58.893 [info] > git config --get commit.template [16ms]
2024-01-08 22:39:58.894 [info] > git for-each-ref --format=%(refname)%00%(upstream:short)%00%(objectname)%00%(upstream:track)%00%(upstream:remotename)%00%(upstream:remoteref) refs/heads/master refs/remotes/master [2ms]
2024-01-08 22:39:58.979 [info] > git status -z -uall [73ms]
2024-01-08 22:40:04.077 [info] > git config --get commit.template [13ms]
2024-01-08 22:40:04.079 [info] > git for-each-ref --format=%(refname)%00%(upstream:short)%00%(objectname)%00%(upstream:track)%00%(upstream:remotename)%00%(upstream:remoteref) refs/heads/master refs/remotes/master [4ms]
2024-01-08 22:40:04.162 [info] > git status -z -uall [73ms]
2024-01-08 22:40:09.268 [info] > git config --get commit.template [13ms]
2024-01-08 22:40:09.270 [info] > git for-each-ref --format=%(refname)%00%(upstream:short)%00%(objectname)%00%(upstream:track)%00%(upstream:remotename)%00%(upstream:remoteref) refs/heads/master refs/remotes/master [3ms]
2024-01-08 22:40:09.371 [info] > git status -z -uall [89ms]
2024-01-08 22:40:14.488 [info] > git config --get commit.template [19ms]
2024-01-08 22:40:14.490 [info] > git for-each-ref --format=%(refname)%00%(upstream:short)%00%(objectname)%00%(upstream:track)%00%(upstream:remotename)%00%(upstream:remoteref) refs/heads/master refs/remotes/master [4ms]
2024-01-08 22:40:14.593 [info] > git status -z -uall [89ms]
2024-01-08 22:40:19.720 [info] > git config --get commit.template [16ms]
2024-01-08 22:40:19.723 [info] > git for-each-ref --format=%(refname)%00%(upstream:short)%00%(objectname)%00%(upstream:track)%00%(upstream:remotename)%00%(upstream:remoteref) refs/heads/master refs/remotes/master [4ms]
2024-01-08 22:40:19.823 [info] > git status -z -uall [82ms]
2024-01-08 22:40:24.938 [info] > git config --get commit.template [18ms]
2024-01-08 22:40:24.939 [info] > git for-each-ref --format=%(refname)%00%(upstream:short)%00%(objectname)%00%(upstream:track)%00%(upstream:remotename)%00%(upstream:remoteref) refs/heads/master refs/remotes/master [2ms]
2024-01-08 22:40:25.030 [info] > git status -z -uall [78ms]
2024-01-08 22:40:30.219 [info] > git config --get commit.template [21ms]
2024-01-08 22:40:30.225 [info] > git for-each-ref --format=%(refname)%00%(upstream:short)%00%(objectname)%00%(upstream:track)%00%(upstream:remotename)%00%(upstream:remoteref) refs/heads/master refs/remotes/master [6ms]
2024-01-08 22:40:30.327 [info] > git status -z -uall [82ms]
2024-01-08 22:40:35.435 [info] > git config --get commit.template [18ms]
2024-01-08 22:40:35.436 [info] > git for-each-ref --format=%(refname)%00%(upstream:short)%00%(objectname)%00%(upstream:track)%00%(upstream:remotename)%00%(upstream:remoteref) refs/heads/master refs/remotes/master [3ms]
2024-01-08 22:40:35.571 [info] > git status -z -uall [119ms]
2024-01-08 22:40:40.727 [info] > git config --get commit.template [32ms]
2024-01-08 22:40:40.728 [info] > git for-each-ref --format=%(refname)%00%(upstream:short)%00%(objectname)%00%(upstream:track)%00%(upstream:remotename)%00%(upstream:remoteref) refs/heads/master refs/remotes/master [3ms]
2024-01-08 22:40:40.918 [info] > git status -z -uall [169ms]
2024-01-08 22:40:46.025 [info] > git config --get commit.template [16ms]
2024-01-08 22:40:46.026 [info] > git for-each-ref --format=%(refname)%00%(upstream:short)%00%(objectname)%00%(upstream:track)%00%(upstream:remotename)%00%(upstream:remoteref) refs/heads/master refs/remotes/master [3ms]
2024-01-08 22:40:46.118 [info] > git status -z -uall [78ms]
2024-01-08 22:40:51.234 [info] > git config --get commit.template [19ms]
2024-01-08 22:40:51.236 [info] > git for-each-ref --format=%(refname)%00%(upstream:short)%00%(objectname)%00%(upstream:track)%00%(upstream:remotename)%00%(upstream:remoteref) refs/heads/master refs/remotes/master [2ms]
2024-01-08 22:40:51.332 [info] > git status -z -uall [81ms]
2024-01-08 22:40:56.443 [info] > git config --get commit.template [15ms]
2024-01-08 22:40:56.443 [info] > git for-each-ref --format=%(refname)%00%(upstream:short)%00%(objectname)%00%(upstream:track)%00%(upstream:remotename)%00%(upstream:remoteref) refs/heads/master refs/remotes/master [2ms]
2024-01-08 22:40:56.545 [info] > git status -z -uall [90ms]
2024-01-08 22:41:01.658 [info] > git config --get commit.template [18ms]
2024-01-08 22:41:01.660 [info] > git for-each-ref --format=%(refname)%00%(upstream:short)%00%(objectname)%00%(upstream:track)%00%(upstream:remotename)%00%(upstream:remoteref) refs/heads/master refs/remotes/master [3ms]
2024-01-08 22:41:01.764 [info] > git status -z -uall [90ms]
2024-01-08 22:41:06.862 [info] > git config --get commit.template [15ms]
2024-01-08 22:41:06.863 [info] > git for-each-ref --format=%(refname)%00%(upstream:short)%00%(objectname)%00%(upstream:track)%00%(upstream:remotename)%00%(upstream:remoteref) refs/heads/master refs/remotes/master [2ms]
2024-01-08 22:41:06.956 [info] > git status -z -uall [81ms]
2024-01-08 22:41:12.073 [info] > git config --get commit.template [17ms]
2024-01-08 22:41:12.075 [info] > git for-each-ref --format=%(refname)%00%(upstream:short)%00%(objectname)%00%(upstream:track)%00%(upstream:remotename)%00%(upstream:remoteref) refs/heads/master refs/remotes/master [3ms]
2024-01-08 22:41:12.169 [info] > git status -z -uall [80ms]
2024-01-08 22:41:17.281 [info] > git config --get commit.template [21ms]
2024-01-08 22:41:17.282 [info] > git for-each-ref --format=%(refname)%00%(upstream:short)%00%(objectname)%00%(upstream:track)%00%(upstream:remotename)%00%(upstream:remoteref) refs/heads/master refs/remotes/master [3ms]
2024-01-08 22:41:17.391 [info] > git status -z -uall [93ms]
2024-01-08 22:41:22.520 [info] > git config --get commit.template [16ms]
2024-01-08 22:41:22.521 [info] > git for-each-ref --format=%(refname)%00%(upstream:short)%00%(objectname)%00%(upstream:track)%00%(upstream:remotename)%00%(upstream:remoteref) refs/heads/master refs/remotes/master [3ms]
2024-01-08 22:41:22.617 [info] > git status -z -uall [83ms]
2024-01-08 22:41:27.739 [info] > git config --get commit.template [18ms]
2024-01-08 22:41:27.740 [info] > git for-each-ref --format=%(refname)%00%(upstream:short)%00%(objectname)%00%(upstream:track)%00%(upstream:remotename)%00%(upstream:remoteref) refs/heads/master refs/remotes/master [3ms]
2024-01-08 22:41:27.838 [info] > git status -z -uall [85ms]
2024-01-08 22:41:32.963 [info] > git config --get commit.template [20ms]
2024-01-08 22:41:32.965 [info] > git for-each-ref --format=%(refname)%00%(upstream:short)%00%(objectname)%00%(upstream:track)%00%(upstream:remotename)%00%(upstream:remoteref) refs/heads/master refs/remotes/master [4ms]
2024-01-08 22:41:33.059 [info] > git status -z -uall [79ms]
2024-01-08 22:41:38.161 [info] > git config --get commit.template [16ms]
2024-01-08 22:41:38.177 [info] > git for-each-ref --format=%(refname)%00%(upstream:short)%00%(objectname)%00%(upstream:track)%00%(upstream:remotename)%00%(upstream:remoteref) refs/heads/master refs/remotes/master [18ms]
2024-01-08 22:41:38.273 [info] > git status -z -uall [83ms]
2024-01-08 22:41:43.389 [info] > git config --get commit.template [16ms]
2024-01-08 22:41:43.390 [info] > git for-each-ref --format=%(refname)%00%(upstream:short)%00%(objectname)%00%(upstream:track)%00%(upstream:remotename)%00%(upstream:remoteref) refs/heads/master refs/remotes/master [2ms]
2024-01-08 22:41:43.483 [info] > git status -z -uall [81ms]
2024-01-08 22:41:48.611 [info] > git config --get commit.template [17ms]
2024-01-08 22:41:48.611 [info] > git for-each-ref --format=%(refname)%00%(upstream:short)%00%(objectname)%00%(upstream:track)%00%(upstream:remotename)%00%(upstream:remoteref) refs/heads/master refs/remotes/master [2ms]
2024-01-08 22:41:48.755 [info] > git status -z -uall [117ms]
2024-01-08 22:41:53.876 [info] > git config --get commit.template [16ms]
2024-01-08 22:41:53.878 [info] > git for-each-ref --format=%(refname)%00%(upstream:short)%00%(objectname)%00%(upstream:track)%00%(upstream:remotename)%00%(upstream:remoteref) refs/heads/master refs/remotes/master [3ms]
2024-01-08 22:41:53.964 [info] > git status -z -uall [76ms]
2024-01-08 22:41:59.068 [info] > git config --get commit.template [17ms]
2024-01-08 22:41:59.069 [info] > git for-each-ref --format=%(refname)%00%(upstream:short)%00%(objectname)%00%(upstream:track)%00%(upstream:remotename)%00%(upstream:remoteref) refs/heads/master refs/remotes/master [3ms]
2024-01-08 22:41:59.157 [info] > git status -z -uall [76ms]
2024-01-08 22:42:04.268 [info] > git config --get commit.template [16ms]
2024-01-08 22:42:04.269 [info] > git for-each-ref --format=%(refname)%00%(upstream:short)%00%(objectname)%00%(upstream:track)%00%(upstream:remotename)%00%(upstream:remoteref) refs/heads/master refs/remotes/master [2ms]
2024-01-08 22:42:04.352 [info] > git status -z -uall [71ms]
2024-01-08 22:42:09.480 [info] > git config --get commit.template [33ms]
2024-01-08 22:42:09.481 [info] > git for-each-ref --format=%(refname)%00%(upstream:short)%00%(objectname)%00%(upstream:track)%00%(upstream:remotename)%00%(upstream:remoteref) refs/heads/master refs/remotes/master [3ms]
2024-01-08 22:42:09.611 [info] > git status -z -uall [100ms]
2024-01-08 22:42:59.630 [info] > git config --get commit.template [21ms]
2024-01-08 22:42:59.631 [info] > git for-each-ref --format=%(refname)%00%(upstream:short)%00%(objectname)%00%(upstream:track)%00%(upstream:remotename)%00%(upstream:remoteref) refs/heads/master refs/remotes/master [6ms]
2024-01-08 22:42:59.860 [info] > git status -z -uall [216ms]
2024-01-08 22:43:04.965 [info] > git show --textconv :eazyweb.py [19ms]
2024-01-08 22:43:04.994 [info] > git ls-files --stage -- /home/johnchu/eazyweb.py [29ms]
2024-01-08 22:43:05.008 [info] > git config --get commit.template [17ms]
2024-01-08 22:43:05.027 [info] > git cat-file -s d9036c5aa38a3cd01128a577e79bd089b7a68d33 [22ms]
2024-01-08 22:43:05.029 [info] > git for-each-ref --format=%(refname)%00%(upstream:short)%00%(objectname)%00%(upstream:track)%00%(upstream:remotename)%00%(upstream:remoteref) refs/heads/master refs/remotes/master [6ms]
2024-01-08 22:43:05.128 [info] > git status -z -uall [89ms]
2024-01-08 22:43:07.495 [info] > git show --textconv :master.py [15ms]
2024-01-08 22:43:07.501 [info] > git ls-files --stage -- /home/johnchu/master.py [7ms]
2024-01-08 22:43:10.255 [info] > git config --get commit.template [19ms]
2024-01-08 22:43:10.257 [info] > git for-each-ref --format=%(refname)%00%(upstream:short)%00%(objectname)%00%(upstream:track)%00%(upstream:remotename)%00%(upstream:remoteref) refs/heads/master refs/remotes/master [2ms]
2024-01-08 22:43:10.365 [info] > git status -z -uall [92ms]
2024-01-08 22:43:15.463 [info] > git config --get commit.template [13ms]
2024-01-08 22:43:15.465 [info] > git for-each-ref --format=%(refname)%00%(upstream:short)%00%(objectname)%00%(upstream:track)%00%(upstream:remotename)%00%(upstream:remoteref) refs/heads/master refs/remotes/master [3ms]
2024-01-08 22:43:15.555 [info] > git status -z -uall [81ms]
2024-01-08 22:43:20.662 [info] > git config --get commit.template [16ms]
2024-01-08 22:43:20.663 [info] > git for-each-ref --format=%(refname)%00%(upstream:short)%00%(objectname)%00%(upstream:track)%00%(upstream:remotename)%00%(upstream:remoteref) refs/heads/master refs/remotes/master [3ms]
2024-01-08 22:43:20.755 [info] > git status -z -uall [77ms]
2024-01-08 22:43:25.876 [info] > git config --get commit.template [19ms]
2024-01-08 22:43:25.878 [info] > git for-each-ref --format=%(refname)%00%(upstream:short)%00%(objectname)%00%(upstream:track)%00%(upstream:remotename)%00%(upstream:remoteref) refs/heads/master refs/remotes/master [3ms]
2024-01-08 22:43:25.974 [info] > git status -z -uall [80ms]
2024-01-08 22:43:35.235 [info] > git config --get commit.template [25ms]
2024-01-08 22:43:35.237 [info] > git for-each-ref --format=%(refname)%00%(upstream:short)%00%(objectname)%00%(upstream:track)%00%(upstream:remotename)%00%(upstream:remoteref) refs/heads/master refs/remotes/master [3ms]
2024-01-08 22:43:35.350 [info] > git status -z -uall [92ms]
2024-01-08 22:43:40.635 [info] > git config --get commit.template [66ms]
2024-01-08 22:43:40.639 [info] > git for-each-ref --format=%(refname)%00%(upstream:short)%00%(objectname)%00%(upstream:track)%00%(upstream:remotename)%00%(upstream:remoteref) refs/heads/master refs/remotes/master [12ms]
2024-01-08 22:43:40.759 [info] > git status -z -uall [97ms]
2024-01-08 22:43:59.423 [info] > git config --get commit.template [21ms]
2024-01-08 22:43:59.425 [info] > git for-each-ref --format=%(refname)%00%(upstream:short)%00%(objectname)%00%(upstream:track)%00%(upstream:remotename)%00%(upstream:remoteref) refs/heads/master refs/remotes/master [6ms]
2024-01-08 22:43:59.608 [info] > git status -z -uall [163ms]
2024-01-08 22:44:40.931 [info] > git config --get commit.template [29ms]
2024-01-08 22:44:40.935 [info] > git for-each-ref --format=%(refname)%00%(upstream:short)%00%(objectname)%00%(upstream:track)%00%(upstream:remotename)%00%(upstream:remoteref) refs/heads/master refs/remotes/master [6ms]
2024-01-08 22:44:41.100 [info] > git status -z -uall [149ms]
2024-01-08 22:44:50.888 [info] > git config --get commit.template [17ms]
2024-01-08 22:44:50.889 [info] > git for-each-ref --format=%(refname)%00%(upstream:short)%00%(objectname)%00%(upstream:track)%00%(upstream:remotename)%00%(upstream:remoteref) refs/heads/master refs/remotes/master [4ms]
2024-01-08 22:44:51.029 [info] > git status -z -uall [126ms]
2024-01-08 22:45:00.525 [info] > git config --get commit.template [18ms]
2024-01-08 22:45:00.526 [info] > git for-each-ref --format=%(refname)%00%(upstream:short)%00%(objectname)%00%(upstream:track)%00%(upstream:remotename)%00%(upstream:remoteref) refs/heads/master refs/remotes/master [2ms]
2024-01-08 22:45:00.627 [info] > git status -z -uall [84ms]
2024-01-08 22:45:05.756 [info] > git config --get commit.template [22ms]
2024-01-08 22:45:05.758 [info] > git for-each-ref --format=%(refname)%00%(upstream:short)%00%(objectname)%00%(upstream:track)%00%(upstream:remotename)%00%(upstream:remoteref) refs/heads/master refs/remotes/master [3ms]
2024-01-08 22:45:05.854 [info] > git status -z -uall [80ms]
2024-01-08 22:45:10.964 [info] > git config --get commit.template [16ms]
2024-01-08 22:45:10.966 [info] > git for-each-ref --format=%(refname)%00%(upstream:short)%00%(objectname)%00%(upstream:track)%00%(upstream:remotename)%00%(upstream:remoteref) refs/heads/master refs/remotes/master [3ms]
2024-01-08 22:45:11.061 [info] > git status -z -uall [82ms]
2024-01-08 22:45:16.188 [info] > git config --get commit.template [21ms]
2024-01-08 22:45:16.190 [info] > git for-each-ref --format=%(refname)%00%(upstream:short)%00%(objectname)%00%(upstream:track)%00%(upstream:remotename)%00%(upstream:remoteref) refs/heads/master refs/remotes/master [3ms]
2024-01-08 22:45:16.316 [info] > git status -z -uall [111ms]
2024-01-08 22:45:21.460 [info] > git config --get commit.template [18ms]
2024-01-08 22:45:21.463 [info] > git for-each-ref --format=%(refname)%00%(upstream:short)%00%(objectname)%00%(upstream:track)%00%(upstream:remotename)%00%(upstream:remoteref) refs/heads/master refs/remotes/master [4ms]
2024-01-08 22:45:21.558 [info] > git status -z -uall [83ms]
2024-01-08 22:45:26.669 [info] > git config --get commit.template [5ms]
2024-01-08 22:45:26.693 [info] > git for-each-ref --format=%(refname)%00%(upstream:short)%00%(objectname)%00%(upstream:track)%00%(upstream:remotename)%00%(upstream:remoteref) refs/heads/master refs/remotes/master [5ms]
2024-01-08 22:45:26.811 [info] > git status -z -uall [100ms]
2024-01-08 22:45:32.393 [info] > git config --get commit.template [18ms]
2024-01-08 22:45:32.394 [info] > git for-each-ref --format=%(refname)%00%(upstream:short)%00%(objectname)%00%(upstream:track)%00%(upstream:remotename)%00%(upstream:remoteref) refs/heads/master refs/remotes/master [2ms]
2024-01-08 22:45:32.496 [info] > git status -z -uall [88ms]
2024-01-08 22:45:37.615 [info] > git config --get commit.template [18ms]
2024-01-08 22:45:37.616 [info] > git for-each-ref --format=%(refname)%00%(upstream:short)%00%(objectname)%00%(upstream:track)%00%(upstream:remotename)%00%(upstream:remoteref) refs/heads/master refs/remotes/master [3ms]
2024-01-08 22:45:37.721 [info] > git status -z -uall [92ms]
2024-01-08 22:45:44.931 [info] > git config --get commit.template [11ms]
2024-01-08 22:45:44.949 [info] > git for-each-ref --format=%(refname)%00%(upstream:short)%00%(objectname)%00%(upstream:track)%00%(upstream:remotename)%00%(upstream:remoteref) refs/heads/master refs/remotes/master [4ms]
2024-01-08 22:45:45.048 [info] > git status -z -uall [86ms]
2024-01-08 22:45:50.173 [info] > git config --get commit.template [20ms]
2024-01-08 22:45:50.175 [info] > git for-each-ref --format=%(refname)%00%(upstream:short)%00%(objectname)%00%(upstream:track)%00%(upstream:remotename)%00%(upstream:remoteref) refs/heads/master refs/remotes/master [4ms]
2024-01-08 22:45:50.273 [info] > git status -z -uall [82ms]
2024-01-08 22:46:16.986 [info] > git config --get commit.template [14ms]
2024-01-08 22:46:16.987 [info] > git for-each-ref --format=%(refname)%00%(upstream:short)%00%(objectname)%00%(upstream:track)%00%(upstream:remotename)%00%(upstream:remoteref) refs/heads/master refs/remotes/master [2ms]
2024-01-08 22:46:17.082 [info] > git status -z -uall [85ms]
