2024-01-02 14:51:46.695 [info] Experiment 'pythonRecommendTensorboardExtcf' is active
2024-01-02 14:51:46.695 [info] Experiment 'pythonREPLSmartSend' is active
2024-01-02 14:51:46.696 [info] Experiment 'pythonTerminalEnvVarActivationcf' is active
2024-01-02 14:51:46.696 [info] Experiment 'pythonTestAdapter' is active
2024-01-02 14:51:46.696 [info] Default formatter is set to null for workspace /home/johnchu
2024-01-02 14:51:46.696 [info] Test server listening.
2024-01-02 14:51:46.701 [warning] Failed to check if /usr/local/bin/python3 is an executable [Error: ENOENT: no such file or directory, lstat '/usr/local/bin/python3'] {
  errno: -2,
  code: 'ENOENT',
  syscall: 'lstat',
  path: '/usr/local/bin/python3'
}
2024-01-02 14:51:46.748 [info] > /usr/local/bin/python3 -I ./.vscode-server/extensions/ms-python.python-2023.22.1/pythonFiles/get_output_via_markers.py ./.vscode-server/extensions/ms-python.python-2023.22.1/pythonFiles/interpreterInfo.py
2024-01-02 14:51:46.754 [error] [Error: Command failed: /usr/local/bin/python3 -I /home/johnchu/.vscode-server/extensions/ms-python.python-2023.22.1/pythonFiles/get_output_via_markers.py /home/johnchu/.vscode-server/extensions/ms-python.python-2023.22.1/pythonFiles/interpreterInfo.py
/bin/sh: 1: /usr/local/bin/python3: not found

	at ChildProcess.exithandler (node:child_process:420:12)
	at ChildProcess.emit (node:events:525:35)
	at maybeClose (node:internal/child_process:1091:16)
	at Socket.<anonymous> (node:internal/child_process:449:11)
	at Socket.emit (node:events:513:28)
	at Pipe.<anonymous> (node:net:322:12)] {
  code: 127,
  killed: false,
  signal: null,
  cmd: '/usr/local/bin/python3 -I /home/johnchu/.vscode-server/extensions/ms-python.python-2023.22.1/pythonFiles/get_output_via_markers.py /home/johnchu/.vscode-server/extensions/ms-python.python-2023.22.1/pythonFiles/interpreterInfo.py'
}
2024-01-02 14:51:46.768 [warning] Retry failed, storage update failed for key PYTHON_GLOBAL_STORAGE_KEYS
2024-01-02 14:51:46.768 [warning] Retry failed, storage update failed for key PYTHON_WORKSPACE_STORAGE_KEYS
2024-01-02 14:51:46.769 [warning] Retry failed, storage update failed for key PYTHON_WORKSPACE_STORAGE_KEYS
2024-01-02 14:51:46.769 [warning] Retry failed, storage update failed for key PYTHON_WORKSPACE_STORAGE_KEYS
2024-01-02 14:51:47.693 [warning] Failed to check if /usr/local/bin/python3 is an executable [Error: ENOENT: no such file or directory, lstat '/usr/local/bin/python3'] {
  errno: -2,
  code: 'ENOENT',
  syscall: 'lstat',
  path: '/usr/local/bin/python3'
}
2024-01-02 14:51:48.766 [info] > /usr/local/bin/python3 -I ./.vscode-server/extensions/ms-python.python-2023.22.1/pythonFiles/get_output_via_markers.py ./.vscode-server/extensions/ms-python.python-2023.22.1/pythonFiles/interpreterInfo.py
2024-01-02 14:51:48.770 [error] [Error: Command failed: /usr/local/bin/python3 -I /home/johnchu/.vscode-server/extensions/ms-python.python-2023.22.1/pythonFiles/get_output_via_markers.py /home/johnchu/.vscode-server/extensions/ms-python.python-2023.22.1/pythonFiles/interpreterInfo.py
/bin/sh: 1: /usr/local/bin/python3: not found

	at ChildProcess.exithandler (node:child_process:420:12)
	at ChildProcess.emit (node:events:525:35)
	at maybeClose (node:internal/child_process:1091:16)
	at ChildProcess._handle.onexit (node:internal/child_process:302:5)] {
  code: 127,
  killed: false,
  signal: null,
  cmd: '/usr/local/bin/python3 -I /home/johnchu/.vscode-server/extensions/ms-python.python-2023.22.1/pythonFiles/get_output_via_markers.py /home/johnchu/.vscode-server/extensions/ms-python.python-2023.22.1/pythonFiles/interpreterInfo.py'
}
2024-01-02 14:51:48.779 [warning] Failed to check if /usr/local/bin/python3 is an executable [Error: ENOENT: no such file or directory, lstat '/usr/local/bin/python3'] {
  errno: -2,
  code: 'ENOENT',
  syscall: 'lstat',
  path: '/usr/local/bin/python3'
}
2024-01-02 14:51:48.860 [warning] Failed to check if /usr/local/bin/python3 is an executable [Error: ENOENT: no such file or directory, lstat '/usr/local/bin/python3'] {
  errno: -2,
  code: 'ENOENT',
  syscall: 'lstat',
  path: '/usr/local/bin/python3'
}
2024-01-02 14:51:48.865 [warning] Failed to check if /usr/local/bin/python3 is an executable [Error: ENOENT: no such file or directory, lstat '/usr/local/bin/python3'] {
  errno: -2,
  code: 'ENOENT',
  syscall: 'lstat',
  path: '/usr/local/bin/python3'
}
2024-01-02 14:51:48.866 [warning] Failed to check if /usr/local/bin/python3 is an executable [Error: ENOENT: no such file or directory, lstat '/usr/local/bin/python3'] {
  errno: -2,
  code: 'ENOENT',
  syscall: 'lstat',
  path: '/usr/local/bin/python3'
}
2024-01-02 14:51:48.881 [warning] Retry failed, storage update failed for key PYTHON_GLOBAL_STORAGE_KEYS
2024-01-02 14:51:48.884 [warning] Failed to check if /usr/local/bin/python3 is an executable [Error: ENOENT: no such file or directory, lstat '/usr/local/bin/python3'] {
  errno: -2,
  code: 'ENOENT',
  syscall: 'lstat',
  path: '/usr/local/bin/python3'
}
2024-01-02 14:51:48.934 [warning] Failed to check if /usr/local/bin/python3 is an executable [Error: ENOENT: no such file or directory, lstat '/usr/local/bin/python3'] {
  errno: -2,
  code: 'ENOENT',
  syscall: 'lstat',
  path: '/usr/local/bin/python3'
}
2024-01-02 14:51:48.949 [warning] Failed to check if /usr/local/bin/python3 is an executable [Error: ENOENT: no such file or directory, lstat '/usr/local/bin/python3'] {
  errno: -2,
  code: 'ENOENT',
  syscall: 'lstat',
  path: '/usr/local/bin/python3'
}
2024-01-02 14:51:48.957 [error] Invalid Python Path '/usr/local/bin/python3'
2024-01-02 14:51:49.658 [error] [
  'Failed to start language server, Class name = h, completed in 768ms, has a falsy return value, Arg 1: <Uri:/home/johnchu>, Arg 2: undefined, Arg 3: <argument cannot be serialized for logging>, Return Value: undefined',
  [s [Error]: Request initialize failed with message: You may install and use any number of copies of the software only with Microsoft Visual Studio, Visual Studio for Mac, Visual Studio Code, Azure DevOps, Team Foundation Server, and successor Microsoft products and services (collectively, the “Visual Studio Products and Services”) to develop and test your applications. The software is licensed, not sold. This agreement only gives you some rights to use the software. Microsoft reserves all other rights. You may not: work around any technical limitations in the software that only allow you to use it in certain ways; reverse engineer, decompile or disassemble the software, or otherwise attempt to derive the source code for the software, except and to the extent required by third party licensing terms governing use of certain open source components that may be included in the software; remove, minimize, block, or modify any notices of Microsoft or its suppliers in the software; use the software in any way that is against the law or to create or propagate malware; or share, publish, distribute, or lease the software (except for any distributable code, subject to the terms above), provide the software as a stand-alone offering for others to use, or transfer the software or this agreement to any third party.
  
  
  	at /home/johnchu/.vscode-server/extensions/ms-python.python-2023.22.1/out/client/extension.js:2:2339625
  	at re (/home/johnchu/.vscode-server/extensions/ms-python.python-2023.22.1/out/client/extension.js:2:2339919)
  	at /home/johnchu/.vscode-server/extensions/ms-python.python-2023.22.1/out/client/extension.js:2:2334703
  	at Immediate.<anonymous> (/home/johnchu/.vscode-server/extensions/ms-python.python-2023.22.1/out/client/extension.js:2:2334723)
  	at process.processImmediate (node:internal/timers:476:21)] {
    code: -32603,
    data: undefined
  }
]
2024-01-02 14:51:49.660 [error] [
  'Starting language server, Class name = d, completed in 771ms, has a falsy return value, , Return Value: undefined',
  [s [Error]: Request initialize failed with message: You may install and use any number of copies of the software only with Microsoft Visual Studio, Visual Studio for Mac, Visual Studio Code, Azure DevOps, Team Foundation Server, and successor Microsoft products and services (collectively, the “Visual Studio Products and Services”) to develop and test your applications. The software is licensed, not sold. This agreement only gives you some rights to use the software. Microsoft reserves all other rights. You may not: work around any technical limitations in the software that only allow you to use it in certain ways; reverse engineer, decompile or disassemble the software, or otherwise attempt to derive the source code for the software, except and to the extent required by third party licensing terms governing use of certain open source components that may be included in the software; remove, minimize, block, or modify any notices of Microsoft or its suppliers in the software; use the software in any way that is against the law or to create or propagate malware; or share, publish, distribute, or lease the software (except for any distributable code, subject to the terms above), provide the software as a stand-alone offering for others to use, or transfer the software or this agreement to any third party.
  
  
  	at /home/johnchu/.vscode-server/extensions/ms-python.python-2023.22.1/out/client/extension.js:2:2339625
  	at re (/home/johnchu/.vscode-server/extensions/ms-python.python-2023.22.1/out/client/extension.js:2:2339919)
  	at /home/johnchu/.vscode-server/extensions/ms-python.python-2023.22.1/out/client/extension.js:2:2334703
  	at Immediate.<anonymous> (/home/johnchu/.vscode-server/extensions/ms-python.python-2023.22.1/out/client/extension.js:2:2334723)
  	at process.processImmediate (node:internal/timers:476:21)] {
    code: -32603,
    data: undefined
  }
]
2024-01-02 14:51:49.661 [error] [
  'Failed to start language server, Class name = d, completed in 774ms, has a falsy return value, Arg 1: <Uri:/home/johnchu>, Arg 2: undefined, Return Value: undefined',
  [s [Error]: Request initialize failed with message: You may install and use any number of copies of the software only with Microsoft Visual Studio, Visual Studio for Mac, Visual Studio Code, Azure DevOps, Team Foundation Server, and successor Microsoft products and services (collectively, the “Visual Studio Products and Services”) to develop and test your applications. The software is licensed, not sold. This agreement only gives you some rights to use the software. Microsoft reserves all other rights. You may not: work around any technical limitations in the software that only allow you to use it in certain ways; reverse engineer, decompile or disassemble the software, or otherwise attempt to derive the source code for the software, except and to the extent required by third party licensing terms governing use of certain open source components that may be included in the software; remove, minimize, block, or modify any notices of Microsoft or its suppliers in the software; use the software in any way that is against the law or to create or propagate malware; or share, publish, distribute, or lease the software (except for any distributable code, subject to the terms above), provide the software as a stand-alone offering for others to use, or transfer the software or this agreement to any third party.
  
  
  	at /home/johnchu/.vscode-server/extensions/ms-python.python-2023.22.1/out/client/extension.js:2:2339625
  	at re (/home/johnchu/.vscode-server/extensions/ms-python.python-2023.22.1/out/client/extension.js:2:2339919)
  	at /home/johnchu/.vscode-server/extensions/ms-python.python-2023.22.1/out/client/extension.js:2:2334703
  	at Immediate.<anonymous> (/home/johnchu/.vscode-server/extensions/ms-python.python-2023.22.1/out/client/extension.js:2:2334723)
  	at process.processImmediate (node:internal/timers:476:21)] {
    code: -32603,
    data: undefined
  }
]
2024-01-02 14:51:49.662 [error] [
  'Failed to activate a workspace, Class name = g, completed in 2984ms, has a falsy return value, Arg 1: <Uri:/home/johnchu/ip.py>, Return Value: undefined',
  [s [Error]: Request initialize failed with message: You may install and use any number of copies of the software only with Microsoft Visual Studio, Visual Studio for Mac, Visual Studio Code, Azure DevOps, Team Foundation Server, and successor Microsoft products and services (collectively, the “Visual Studio Products and Services”) to develop and test your applications. The software is licensed, not sold. This agreement only gives you some rights to use the software. Microsoft reserves all other rights. You may not: work around any technical limitations in the software that only allow you to use it in certain ways; reverse engineer, decompile or disassemble the software, or otherwise attempt to derive the source code for the software, except and to the extent required by third party licensing terms governing use of certain open source components that may be included in the software; remove, minimize, block, or modify any notices of Microsoft or its suppliers in the software; use the software in any way that is against the law or to create or propagate malware; or share, publish, distribute, or lease the software (except for any distributable code, subject to the terms above), provide the software as a stand-alone offering for others to use, or transfer the software or this agreement to any third party.
  
  
  	at /home/johnchu/.vscode-server/extensions/ms-python.python-2023.22.1/out/client/extension.js:2:2339625
  	at re (/home/johnchu/.vscode-server/extensions/ms-python.python-2023.22.1/out/client/extension.js:2:2339919)
  	at /home/johnchu/.vscode-server/extensions/ms-python.python-2023.22.1/out/client/extension.js:2:2334703
  	at Immediate.<anonymous> (/home/johnchu/.vscode-server/extensions/ms-python.python-2023.22.1/out/client/extension.js:2:2334723)
  	at process.processImmediate (node:internal/timers:476:21)] {
    code: -32603,
    data: undefined
  }
]
2024-01-02 14:51:49.662 [error] Failure during activation. [s [Error]: Request initialize failed with message: You may install and use any number of copies of the software only with Microsoft Visual Studio, Visual Studio for Mac, Visual Studio Code, Azure DevOps, Team Foundation Server, and successor Microsoft products and services (collectively, the “Visual Studio Products and Services”) to develop and test your applications. The software is licensed, not sold. This agreement only gives you some rights to use the software. Microsoft reserves all other rights. You may not: work around any technical limitations in the software that only allow you to use it in certain ways; reverse engineer, decompile or disassemble the software, or otherwise attempt to derive the source code for the software, except and to the extent required by third party licensing terms governing use of certain open source components that may be included in the software; remove, minimize, block, or modify any notices of Microsoft or its suppliers in the software; use the software in any way that is against the law or to create or propagate malware; or share, publish, distribute, or lease the software (except for any distributable code, subject to the terms above), provide the software as a stand-alone offering for others to use, or transfer the software or this agreement to any third party.


	at /home/johnchu/.vscode-server/extensions/ms-python.python-2023.22.1/out/client/extension.js:2:2339625
	at re (/home/johnchu/.vscode-server/extensions/ms-python.python-2023.22.1/out/client/extension.js:2:2339919)
	at /home/johnchu/.vscode-server/extensions/ms-python.python-2023.22.1/out/client/extension.js:2:2334703
	at Immediate.<anonymous> (/home/johnchu/.vscode-server/extensions/ms-python.python-2023.22.1/out/client/extension.js:2:2334723)
	at process.processImmediate (node:internal/timers:476:21)] {
  code: -32603,
  data: undefined
}
2024-01-02 14:51:49.662 [error] sendStartupTelemetry() failed. [s [Error]: Request initialize failed with message: You may install and use any number of copies of the software only with Microsoft Visual Studio, Visual Studio for Mac, Visual Studio Code, Azure DevOps, Team Foundation Server, and successor Microsoft products and services (collectively, the “Visual Studio Products and Services”) to develop and test your applications. The software is licensed, not sold. This agreement only gives you some rights to use the software. Microsoft reserves all other rights. You may not: work around any technical limitations in the software that only allow you to use it in certain ways; reverse engineer, decompile or disassemble the software, or otherwise attempt to derive the source code for the software, except and to the extent required by third party licensing terms governing use of certain open source components that may be included in the software; remove, minimize, block, or modify any notices of Microsoft or its suppliers in the software; use the software in any way that is against the law or to create or propagate malware; or share, publish, distribute, or lease the software (except for any distributable code, subject to the terms above), provide the software as a stand-alone offering for others to use, or transfer the software or this agreement to any third party.


	at /home/johnchu/.vscode-server/extensions/ms-python.python-2023.22.1/out/client/extension.js:2:2339625
	at re (/home/johnchu/.vscode-server/extensions/ms-python.python-2023.22.1/out/client/extension.js:2:2339919)
	at /home/johnchu/.vscode-server/extensions/ms-python.python-2023.22.1/out/client/extension.js:2:2334703
	at Immediate.<anonymous> (/home/johnchu/.vscode-server/extensions/ms-python.python-2023.22.1/out/client/extension.js:2:2334723)
	at process.processImmediate (node:internal/timers:476:21)] {
  code: -32603,
  data: undefined
}
2024-01-02 14:52:02.418 [warning] Failed to check if /usr/local/bin/python3 is an executable [Error: ENOENT: no such file or directory, lstat '/usr/local/bin/python3'] {
  errno: -2,
  code: 'ENOENT',
  syscall: 'lstat',
  path: '/usr/local/bin/python3'
}
2024-01-02 14:52:02.446 [warning] Failed to check if /usr/local/bin/python3 is an executable [Error: ENOENT: no such file or directory, lstat '/usr/local/bin/python3'] {
  errno: -2,
  code: 'ENOENT',
  syscall: 'lstat',
  path: '/usr/local/bin/python3'
}
2024-01-02 14:52:02.452 [warning] Failed to check if /usr/local/bin/python3 is an executable [Error: ENOENT: no such file or directory, lstat '/usr/local/bin/python3'] {
  errno: -2,
  code: 'ENOENT',
  syscall: 'lstat',
  path: '/usr/local/bin/python3'
}
2024-01-02 14:52:02.466 [warning] Failed to check if /usr/local/bin/python3 is an executable [Error: ENOENT: no such file or directory, lstat '/usr/local/bin/python3'] {
  errno: -2,
  code: 'ENOENT',
  syscall: 'lstat',
  path: '/usr/local/bin/python3'
}
2024-01-02 14:52:02.477 [warning] Failed to check if /usr/local/bin/python3 is an executable [Error: ENOENT: no such file or directory, lstat '/usr/local/bin/python3'] {
  errno: -2,
  code: 'ENOENT',
  syscall: 'lstat',
  path: '/usr/local/bin/python3'
}
2024-01-02 14:52:02.483 [error] Invalid Python Path '/usr/local/bin/python3'
2024-01-02 14:52:10.496 [info] > conda info --json
2024-01-02 14:52:10.500 [warning] Failed to check if /usr/local/bin/python3 is an executable [Error: ENOENT: no such file or directory, lstat '/usr/local/bin/python3'] {
  errno: -2,
  code: 'ENOENT',
  syscall: 'lstat',
  path: '/usr/local/bin/python3'
}
2024-01-02 14:52:10.514 [info] Found: /bin/python3 --> /bin/python3.10
2024-01-02 14:52:10.517 [info] Found: /bin/python3.10 --> /bin/python3.10
2024-01-02 14:52:10.536 [info] Found: /usr/bin/python3 --> /usr/bin/python3.10
2024-01-02 14:52:10.537 [info] Found: /usr/bin/python3.10 --> /usr/bin/python3.10
2024-01-02 14:52:10.571 [info] > /bin/python3 -I ./.vscode-server/extensions/ms-python.python-2023.22.1/pythonFiles/get_output_via_markers.py ./.vscode-server/extensions/ms-python.python-2023.22.1/pythonFiles/interpreterInfo.py
2024-01-02 14:52:10.595 [info] > /usr/bin/python3 -I ./.vscode-server/extensions/ms-python.python-2023.22.1/pythonFiles/get_output_via_markers.py ./.vscode-server/extensions/ms-python.python-2023.22.1/pythonFiles/interpreterInfo.py
2024-01-02 14:52:10.653 [warning] Failed to check if /usr/local/bin/python3 is an executable [Error: ENOENT: no such file or directory, lstat '/usr/local/bin/python3'] {
  errno: -2,
  code: 'ENOENT',
  syscall: 'lstat',
  path: '/usr/local/bin/python3'
}
2024-01-02 14:52:10.654 [warning] Failed to check if /usr/local/bin/python3 is an executable [Error: ENOENT: no such file or directory, lstat '/usr/local/bin/python3'] {
  errno: -2,
  code: 'ENOENT',
  syscall: 'lstat',
  path: '/usr/local/bin/python3'
}
2024-01-02 14:52:10.675 [warning] Failed to check if /usr/local/bin/python3 is an executable [Error: ENOENT: no such file or directory, lstat '/usr/local/bin/python3'] {
  errno: -2,
  code: 'ENOENT',
  syscall: 'lstat',
  path: '/usr/local/bin/python3'
}
2024-01-02 14:52:16.485 [info] Discover tests for workspace name: johnchu - uri: /home/johnchu
2024-01-02 14:52:16.485 [info] Python interpreter path: /bin/python3
2024-01-02 14:52:20.773 [info] DAP Server launched with command: /bin/python3 /home/johnchu/.vscode-server/extensions/ms-python.python-2023.22.1/pythonFiles/lib/python/debugpy/adapter
2024-01-02 14:52:22.384 [info] Send text to terminal:  /usr/bin/env /bin/python3 /home/johnchu/.vscode-server/extensions/ms-python.python-2023.22.1/pythonFiles/lib/python/debugpy/adapter/../../debugpy/launcher 34015 -- /home/johnchu/ip.py 
2024-01-02 14:54:01.338 [info] DAP Server launched with command: /bin/python3 /home/johnchu/.vscode-server/extensions/ms-python.python-2023.22.1/pythonFiles/lib/python/debugpy/adapter
2024-01-02 14:54:01.448 [info] Discover tests for workspace name: johnchu - uri: /home/johnchu/ip.py
2024-01-02 14:54:01.540 [info] Send text to terminal:  cd /home/johnchu ; /usr/bin/env /bin/python3 /home/johnchu/.vscode-server/extensions/ms-python.python-2023.22.1/pythonFiles/lib/python/debugpy/adapter/../../debugpy/launcher 56203 -- /home/johnchu/ip.py 
2024-01-02 14:54:24.486 [info] Discover tests for workspace name: johnchu - uri: /home/johnchu
2024-01-02 15:08:11.758 [info] Discover tests for workspace name: johnchu - uri: /home/johnchu/app.py
2024-01-02 15:08:11.764 [info] DAP Server launched with command: /bin/python3 /home/johnchu/.vscode-server/extensions/ms-python.python-2023.22.1/pythonFiles/lib/python/debugpy/adapter
2024-01-02 15:08:11.959 [info] Send text to terminal:  cd /home/johnchu ; /usr/bin/env /bin/python3 /home/johnchu/.vscode-server/extensions/ms-python.python-2023.22.1/pythonFiles/lib/python/debugpy/adapter/../../debugpy/launcher 43911 -- /home/johnchu/app.py 
2024-01-02 15:09:25.203 [info] DAP Server launched with command: /bin/python3 /home/johnchu/.vscode-server/extensions/ms-python.python-2023.22.1/pythonFiles/lib/python/debugpy/adapter
2024-01-02 15:09:25.220 [info] Discover tests for workspace name: johnchu - uri: /home/johnchu/app.py
2024-01-02 15:09:25.409 [info] Send text to terminal:  cd /home/johnchu ; /usr/bin/env /bin/python3 /home/johnchu/.vscode-server/extensions/ms-python.python-2023.22.1/pythonFiles/lib/python/debugpy/adapter/../../debugpy/launcher 33557 -- /home/johnchu/app.py 
2024-01-02 15:09:47.901 [info] DAP Server launched with command: /bin/python3 /home/johnchu/.vscode-server/extensions/ms-python.python-2023.22.1/pythonFiles/lib/python/debugpy/adapter
2024-01-02 15:09:48.021 [info] Discover tests for workspace name: johnchu - uri: /home/johnchu/app.py
2024-01-02 15:09:48.113 [info] Send text to terminal:  cd /home/johnchu ; /usr/bin/env /bin/python3 /home/johnchu/.vscode-server/extensions/ms-python.python-2023.22.1/pythonFiles/lib/python/debugpy/adapter/../../debugpy/launcher 53919 -- /home/johnchu/app.py 
2024-01-02 15:11:20.888 [info] DAP Server launched with command: /bin/python3 /home/johnchu/.vscode-server/extensions/ms-python.python-2023.22.1/pythonFiles/lib/python/debugpy/adapter
2024-01-02 15:11:20.916 [info] Discover tests for workspace name: johnchu - uri: /home/johnchu/app.py
2024-01-02 15:11:21.082 [info] Send text to terminal:  cd /home/johnchu ; /usr/bin/env /bin/python3 /home/johnchu/.vscode-server/extensions/ms-python.python-2023.22.1/pythonFiles/lib/python/debugpy/adapter/../../debugpy/launcher 45521 -- /home/johnchu/app.py 
2024-01-02 15:12:06.838 [info] DAP Server launched with command: /bin/python3 /home/johnchu/.vscode-server/extensions/ms-python.python-2023.22.1/pythonFiles/lib/python/debugpy/adapter
2024-01-02 15:12:07.039 [info] Send text to terminal:  cd /home/johnchu ; /usr/bin/env /bin/python3 /home/johnchu/.vscode-server/extensions/ms-python.python-2023.22.1/pythonFiles/lib/python/debugpy/adapter/../../debugpy/launcher 42021 -- /home/johnchu/app.py 
2024-01-02 15:13:39.178 [info] Discover tests for workspace name: johnchu - uri: /home/johnchu/app.py
2024-01-02 15:13:39.189 [info] DAP Server launched with command: /bin/python3 /home/johnchu/.vscode-server/extensions/ms-python.python-2023.22.1/pythonFiles/lib/python/debugpy/adapter
2024-01-02 15:13:39.392 [info] Send text to terminal:  cd /home/johnchu ; /usr/bin/env /bin/python3 /home/johnchu/.vscode-server/extensions/ms-python.python-2023.22.1/pythonFiles/lib/python/debugpy/adapter/../../debugpy/launcher 49063 -- /home/johnchu/app.py 
2024-01-02 15:46:38.183 [info] Discover tests for workspace name: johnchu - uri: /home/johnchu/eazyweb.py
2024-01-02 15:46:38.211 [info] DAP Server launched with command: /bin/python3 /home/johnchu/.vscode-server/extensions/ms-python.python-2023.22.1/pythonFiles/lib/python/debugpy/adapter
2024-01-02 15:46:38.606 [info] Send text to terminal:  cd /home/johnchu ; /usr/bin/env /bin/python3 /home/johnchu/.vscode-server/extensions/ms-python.python-2023.22.1/pythonFiles/lib/python/debugpy/adapter/../../debugpy/launcher 59817 -- /home/johnchu/eazyweb.py 
2024-01-02 15:47:33.735 [info] DAP Server launched with command: /bin/python3 /home/johnchu/.vscode-server/extensions/ms-python.python-2023.22.1/pythonFiles/lib/python/debugpy/adapter
2024-01-02 15:47:33.920 [info] Send text to terminal:  cd /home/johnchu ; /usr/bin/env /bin/python3 /home/johnchu/.vscode-server/extensions/ms-python.python-2023.22.1/pythonFiles/lib/python/debugpy/adapter/../../debugpy/launcher 55215 -- /home/johnchu/eazyweb.py 
2024-01-02 16:27:18.500 [info] Discover tests for workspace name: johnchu - uri: /home/johnchu/app.py
2024-01-02 16:27:23.006 [info] DAP Server launched with command: /bin/python3 /home/johnchu/.vscode-server/extensions/ms-python.python-2023.22.1/pythonFiles/lib/python/debugpy/adapter
2024-01-02 16:27:23.294 [info] Send text to terminal:  cd /home/johnchu ; /usr/bin/env /bin/python3 /home/johnchu/.vscode-server/extensions/ms-python.python-2023.22.1/pythonFiles/lib/python/debugpy/adapter/../../debugpy/launcher 56259 -- /home/johnchu/app.py 
2024-01-02 16:27:51.385 [info] DAP Server launched with command: /bin/python3 /home/johnchu/.vscode-server/extensions/ms-python.python-2023.22.1/pythonFiles/lib/python/debugpy/adapter
2024-01-02 16:27:51.539 [info] Discover tests for workspace name: johnchu - uri: /home/johnchu/app.py
2024-01-02 16:27:51.606 [info] Send text to terminal:  cd /home/johnchu ; /usr/bin/env /bin/python3 /home/johnchu/.vscode-server/extensions/ms-python.python-2023.22.1/pythonFiles/lib/python/debugpy/adapter/../../debugpy/launcher 49695 -- /home/johnchu/app.py 
2024-01-02 16:28:12.070 [info] DAP Server launched with command: /bin/python3 /home/johnchu/.vscode-server/extensions/ms-python.python-2023.22.1/pythonFiles/lib/python/debugpy/adapter
2024-01-02 16:28:12.194 [info] Discover tests for workspace name: johnchu - uri: /home/johnchu/app.py
2024-01-02 16:28:12.279 [info] Send text to terminal:  cd /home/johnchu ; /usr/bin/env /bin/python3 /home/johnchu/.vscode-server/extensions/ms-python.python-2023.22.1/pythonFiles/lib/python/debugpy/adapter/../../debugpy/launcher 43283 -- /home/johnchu/app.py 
2024-01-02 16:28:49.175 [info] DAP Server launched with command: /bin/python3 /home/johnchu/.vscode-server/extensions/ms-python.python-2023.22.1/pythonFiles/lib/python/debugpy/adapter
2024-01-02 16:28:49.377 [info] Send text to terminal:  cd /home/johnchu ; /usr/bin/env /bin/python3 /home/johnchu/.vscode-server/extensions/ms-python.python-2023.22.1/pythonFiles/lib/python/debugpy/adapter/../../debugpy/launcher 52093 -- /home/johnchu/app.py 
2024-01-02 16:30:16.524 [info] DAP Server launched with command: /bin/python3 /home/johnchu/.vscode-server/extensions/ms-python.python-2023.22.1/pythonFiles/lib/python/debugpy/adapter
2024-01-02 16:30:16.664 [info] Discover tests for workspace name: johnchu - uri: /home/johnchu/app.py
2024-01-02 16:30:16.829 [info] Send text to terminal:  cd /home/johnchu ; /usr/bin/env /bin/python3 /home/johnchu/.vscode-server/extensions/ms-python.python-2023.22.1/pythonFiles/lib/python/debugpy/adapter/../../debugpy/launcher 41969 -- /home/johnchu/app.py 
2024-01-02 16:30:23.932 [info] Discover tests for workspace name: johnchu - uri: /home/johnchu/app.py
2024-01-02 16:30:24.459 [info] DAP Server launched with command: /bin/python3 /home/johnchu/.vscode-server/extensions/ms-python.python-2023.22.1/pythonFiles/lib/python/debugpy/adapter
2024-01-02 16:30:24.666 [info] Send text to terminal:  cd /home/johnchu ; /usr/bin/env /bin/python3 /home/johnchu/.vscode-server/extensions/ms-python.python-2023.22.1/pythonFiles/lib/python/debugpy/adapter/../../debugpy/launcher 51695 -- /home/johnchu/app.py 
2024-01-02 16:31:06.327 [info] DAP Server launched with command: /bin/python3 /home/johnchu/.vscode-server/extensions/ms-python.python-2023.22.1/pythonFiles/lib/python/debugpy/adapter
2024-01-02 16:31:06.455 [info] Discover tests for workspace name: johnchu - uri: /home/johnchu/app.py
2024-01-02 16:31:06.533 [info] Send text to terminal:  cd /home/johnchu ; /usr/bin/env /bin/python3 /home/johnchu/.vscode-server/extensions/ms-python.python-2023.22.1/pythonFiles/lib/python/debugpy/adapter/../../debugpy/launcher 43703 -- /home/johnchu/app.py 
2024-01-02 16:33:28.336 [info] DAP Server launched with command: /bin/python3 /home/johnchu/.vscode-server/extensions/ms-python.python-2023.22.1/pythonFiles/lib/python/debugpy/adapter
2024-01-02 16:33:28.611 [info] Send text to terminal:  cd /home/johnchu ; /usr/bin/env /bin/python3 /home/johnchu/.vscode-server/extensions/ms-python.python-2023.22.1/pythonFiles/lib/python/debugpy/adapter/../../debugpy/launcher 43473 -- /home/johnchu/app.py 
2024-01-02 16:35:26.758 [info] DAP Server launched with command: /bin/python3 /home/johnchu/.vscode-server/extensions/ms-python.python-2023.22.1/pythonFiles/lib/python/debugpy/adapter
2024-01-02 16:35:26.976 [info] Send text to terminal:  cd /home/johnchu ; /usr/bin/env /bin/python3 /home/johnchu/.vscode-server/extensions/ms-python.python-2023.22.1/pythonFiles/lib/python/debugpy/adapter/../../debugpy/launcher 60749 -- /home/johnchu/app.py 
2024-01-02 16:36:26.003 [info] DAP Server launched with command: /bin/python3 /home/johnchu/.vscode-server/extensions/ms-python.python-2023.22.1/pythonFiles/lib/python/debugpy/adapter
2024-01-02 16:36:26.022 [info] Discover tests for workspace name: johnchu - uri: /home/johnchu/app.py
2024-01-02 16:36:26.208 [info] Send text to terminal:  cd /home/johnchu ; /usr/bin/env /bin/python3 /home/johnchu/.vscode-server/extensions/ms-python.python-2023.22.1/pythonFiles/lib/python/debugpy/adapter/../../debugpy/launcher 58413 -- /home/johnchu/app.py 
