2024-01-05 21:35:54.478 [info] 記錄層級: Info
2024-01-05 21:35:54.478 [info] 正在驗證在下列位置找到的 Git: "git"
2024-01-05 21:35:54.478 [info] 正在使用來自 "2.34.1" 的 Git "git"
2024-01-05 21:35:54.478 [info] > git rev-parse --show-toplevel [4ms]
2024-01-05 21:35:54.478 [info] > git rev-parse --git-dir --git-common-dir [4ms]
2024-01-05 21:35:54.478 [info] Open repository: /home/johnchu
2024-01-05 21:35:54.478 [info] > git config --get commit.template [15ms]
2024-01-05 21:35:54.478 [info] > git rev-parse --show-toplevel [7ms]
2024-01-05 21:35:54.478 [info] > git for-each-ref --format=%(refname)%00%(upstream:short)%00%(objectname)%00%(upstream:track)%00%(upstream:remotename)%00%(upstream:remoteref) refs/heads/master refs/remotes/master [29ms]
2024-01-05 21:35:54.478 [info] > git rev-parse --show-toplevel [32ms]
2024-01-05 21:35:54.478 [info] > git status -z -uall [83ms]
2024-01-05 21:35:54.478 [info] > git rev-parse --show-toplevel [111ms]
2024-01-05 21:35:54.478 [info] > git config --get commit.template [160ms]
2024-01-05 21:35:54.478 [info] > git rev-parse --show-toplevel [3ms]
2024-01-05 21:35:54.480 [info] > git rev-parse --show-toplevel [6ms]
2024-01-05 21:35:54.483 [info] > git for-each-ref --format=%(refname)%00%(upstream:short)%00%(objectname)%00%(upstream:track)%00%(upstream:remotename)%00%(upstream:remoteref) refs/heads/master refs/remotes/master [16ms]
2024-01-05 21:35:54.572 [info] > git status -z -uall [82ms]
2024-01-05 21:35:55.023 [info] > git check-ignore -v -z --stdin [15ms]
2024-01-05 21:35:56.763 [info] > git show --textconv :eazyweb.py [17ms]
2024-01-05 21:35:56.846 [info] > git ls-files --stage -- /home/johnchu/eazyweb.py [84ms]
2024-01-05 21:35:56.880 [info] > git cat-file -s 050643d40cd09cede9838246691dbcb058a60829 [21ms]
2024-01-05 21:35:56.929 [info] > git config --get commit.template [31ms]
2024-01-05 21:35:56.931 [info] > git for-each-ref --format=%(refname)%00%(upstream:short)%00%(objectname)%00%(upstream:track)%00%(upstream:remotename)%00%(upstream:remoteref) refs/heads/master refs/remotes/master [6ms]
2024-01-05 21:35:57.022 [info] > git status -z -uall [83ms]
2024-01-05 21:36:02.135 [info] > git config --get commit.template [10ms]
2024-01-05 21:36:02.138 [info] > git for-each-ref --format=%(refname)%00%(upstream:short)%00%(objectname)%00%(upstream:track)%00%(upstream:remotename)%00%(upstream:remoteref) refs/heads/master refs/remotes/master [4ms]
2024-01-05 21:36:02.223 [info] > git status -z -uall [71ms]
2024-01-05 21:36:07.270 [info] > git config --get commit.template [14ms]
2024-01-05 21:36:07.272 [info] > git for-each-ref --format=%(refname)%00%(upstream:short)%00%(objectname)%00%(upstream:track)%00%(upstream:remotename)%00%(upstream:remoteref) refs/heads/master refs/remotes/master [3ms]
2024-01-05 21:36:07.337 [info] > git status -z -uall [54ms]
2024-01-05 21:36:12.388 [info] > git config --get commit.template [18ms]
2024-01-05 21:36:12.389 [info] > git for-each-ref --format=%(refname)%00%(upstream:short)%00%(objectname)%00%(upstream:track)%00%(upstream:remotename)%00%(upstream:remoteref) refs/heads/master refs/remotes/master [3ms]
2024-01-05 21:36:12.449 [info] > git status -z -uall [52ms]
2024-01-05 21:36:17.490 [info] > git config --get commit.template [12ms]
2024-01-05 21:36:17.491 [info] > git for-each-ref --format=%(refname)%00%(upstream:short)%00%(objectname)%00%(upstream:track)%00%(upstream:remotename)%00%(upstream:remoteref) refs/heads/master refs/remotes/master [2ms]
2024-01-05 21:36:17.553 [info] > git status -z -uall [53ms]
2024-01-05 21:36:22.593 [info] > git config --get commit.template [13ms]
2024-01-05 21:36:22.595 [info] > git for-each-ref --format=%(refname)%00%(upstream:short)%00%(objectname)%00%(upstream:track)%00%(upstream:remotename)%00%(upstream:remoteref) refs/heads/master refs/remotes/master [4ms]
2024-01-05 21:36:22.656 [info] > git status -z -uall [52ms]
2024-01-05 21:36:27.694 [info] > git config --get commit.template [12ms]
2024-01-05 21:36:27.696 [info] > git for-each-ref --format=%(refname)%00%(upstream:short)%00%(objectname)%00%(upstream:track)%00%(upstream:remotename)%00%(upstream:remoteref) refs/heads/master refs/remotes/master [3ms]
2024-01-05 21:36:27.767 [info] > git status -z -uall [59ms]
2024-01-05 21:36:32.803 [info] > git config --get commit.template [10ms]
2024-01-05 21:36:32.804 [info] > git for-each-ref --format=%(refname)%00%(upstream:short)%00%(objectname)%00%(upstream:track)%00%(upstream:remotename)%00%(upstream:remoteref) refs/heads/master refs/remotes/master [3ms]
2024-01-05 21:36:32.926 [info] > git status -z -uall [109ms]
2024-01-05 21:36:37.968 [info] > git config --get commit.template [7ms]
2024-01-05 21:36:37.987 [info] > git for-each-ref --format=%(refname)%00%(upstream:short)%00%(objectname)%00%(upstream:track)%00%(upstream:remotename)%00%(upstream:remoteref) refs/heads/master refs/remotes/master [5ms]
2024-01-05 21:36:38.068 [info] > git status -z -uall [67ms]
2024-01-05 21:36:43.102 [info] > git config --get commit.template [8ms]
2024-01-05 21:36:43.103 [info] > git for-each-ref --format=%(refname)%00%(upstream:short)%00%(objectname)%00%(upstream:track)%00%(upstream:remotename)%00%(upstream:remoteref) refs/heads/master refs/remotes/master [3ms]
2024-01-05 21:36:43.170 [info] > git status -z -uall [59ms]
2024-01-05 21:36:48.213 [info] > git config --get commit.template [16ms]
2024-01-05 21:36:48.218 [info] > git for-each-ref --format=%(refname)%00%(upstream:short)%00%(objectname)%00%(upstream:track)%00%(upstream:remotename)%00%(upstream:remoteref) refs/heads/master refs/remotes/master [6ms]
2024-01-05 21:36:48.294 [info] > git status -z -uall [65ms]
2024-01-05 21:36:53.336 [info] > git config --get commit.template [11ms]
2024-01-05 21:36:53.337 [info] > git for-each-ref --format=%(refname)%00%(upstream:short)%00%(objectname)%00%(upstream:track)%00%(upstream:remotename)%00%(upstream:remoteref) refs/heads/master refs/remotes/master [2ms]
2024-01-05 21:36:53.421 [info] > git status -z -uall [76ms]
2024-01-05 21:36:58.699 [info] > git config --get commit.template [24ms]
2024-01-05 21:36:58.702 [info] > git for-each-ref --format=%(refname)%00%(upstream:short)%00%(objectname)%00%(upstream:track)%00%(upstream:remotename)%00%(upstream:remoteref) refs/heads/master refs/remotes/master [6ms]
2024-01-05 21:36:58.807 [info] > git status -z -uall [89ms]
2024-01-05 21:37:19.937 [info] > git config --get commit.template [35ms]
2024-01-05 21:37:19.945 [info] > git for-each-ref --format=%(refname)%00%(upstream:short)%00%(objectname)%00%(upstream:track)%00%(upstream:remotename)%00%(upstream:remoteref) refs/heads/master refs/remotes/master [9ms]
2024-01-05 21:37:20.074 [info] > git status -z -uall [101ms]
2024-01-05 21:37:25.125 [info] > git config --get commit.template [13ms]
2024-01-05 21:37:25.127 [info] > git for-each-ref --format=%(refname)%00%(upstream:short)%00%(objectname)%00%(upstream:track)%00%(upstream:remotename)%00%(upstream:remoteref) refs/heads/master refs/remotes/master [3ms]
2024-01-05 21:37:25.182 [info] > git status -z -uall [43ms]
2024-01-05 21:37:30.245 [info] > git config --get commit.template [31ms]
2024-01-05 21:37:30.247 [info] > git for-each-ref --format=%(refname)%00%(upstream:short)%00%(objectname)%00%(upstream:track)%00%(upstream:remotename)%00%(upstream:remoteref) refs/heads/master refs/remotes/master [13ms]
2024-01-05 21:37:30.308 [info] > git status -z -uall [51ms]
2024-01-05 21:37:35.341 [info] > git config --get commit.template [5ms]
2024-01-05 21:37:35.352 [info] > git for-each-ref --format=%(refname)%00%(upstream:short)%00%(objectname)%00%(upstream:track)%00%(upstream:remotename)%00%(upstream:remoteref) refs/heads/master refs/remotes/master [3ms]
2024-01-05 21:37:35.401 [info] > git status -z -uall [41ms]
2024-01-05 21:37:40.442 [info] > git config --get commit.template [17ms]
2024-01-05 21:37:40.444 [info] > git for-each-ref --format=%(refname)%00%(upstream:short)%00%(objectname)%00%(upstream:track)%00%(upstream:remotename)%00%(upstream:remoteref) refs/heads/master refs/remotes/master [5ms]
2024-01-05 21:37:40.500 [info] > git status -z -uall [47ms]
2024-01-05 21:37:45.545 [info] > git config --get commit.template [23ms]
2024-01-05 21:37:45.548 [info] > git for-each-ref --format=%(refname)%00%(upstream:short)%00%(objectname)%00%(upstream:track)%00%(upstream:remotename)%00%(upstream:remoteref) refs/heads/master refs/remotes/master [6ms]
2024-01-05 21:37:45.619 [info] > git status -z -uall [61ms]
2024-01-05 21:37:50.656 [info] > git config --get commit.template [11ms]
2024-01-05 21:37:50.661 [info] > git for-each-ref --format=%(refname)%00%(upstream:short)%00%(objectname)%00%(upstream:track)%00%(upstream:remotename)%00%(upstream:remoteref) refs/heads/master refs/remotes/master [6ms]
2024-01-05 21:37:50.717 [info] > git status -z -uall [47ms]
2024-01-05 21:37:55.773 [info] > git config --get commit.template [34ms]
2024-01-05 21:37:55.774 [info] > git for-each-ref --format=%(refname)%00%(upstream:short)%00%(objectname)%00%(upstream:track)%00%(upstream:remotename)%00%(upstream:remoteref) refs/heads/master refs/remotes/master [4ms]
2024-01-05 21:37:55.844 [info] > git status -z -uall [58ms]
2024-01-05 21:38:00.883 [info] > git config --get commit.template [13ms]
2024-01-05 21:38:00.885 [info] > git for-each-ref --format=%(refname)%00%(upstream:short)%00%(objectname)%00%(upstream:track)%00%(upstream:remotename)%00%(upstream:remoteref) refs/heads/master refs/remotes/master [4ms]
2024-01-05 21:38:00.940 [info] > git status -z -uall [47ms]
2024-01-05 21:38:05.975 [info] > git config --get commit.template [10ms]
2024-01-05 21:38:05.978 [info] > git for-each-ref --format=%(refname)%00%(upstream:short)%00%(objectname)%00%(upstream:track)%00%(upstream:remotename)%00%(upstream:remoteref) refs/heads/master refs/remotes/master [4ms]
2024-01-05 21:38:06.029 [info] > git status -z -uall [44ms]
2024-01-05 21:38:11.066 [info] > git config --get commit.template [11ms]
2024-01-05 21:38:11.069 [info] > git for-each-ref --format=%(refname)%00%(upstream:short)%00%(objectname)%00%(upstream:track)%00%(upstream:remotename)%00%(upstream:remoteref) refs/heads/master refs/remotes/master [6ms]
2024-01-05 21:38:11.121 [info] > git status -z -uall [43ms]
2024-01-05 21:38:16.157 [info] > git config --get commit.template [17ms]
2024-01-05 21:38:16.159 [info] > git for-each-ref --format=%(refname)%00%(upstream:short)%00%(objectname)%00%(upstream:track)%00%(upstream:remotename)%00%(upstream:remoteref) refs/heads/master refs/remotes/master [7ms]
2024-01-05 21:38:16.217 [info] > git status -z -uall [50ms]
2024-01-05 21:38:21.253 [info] > git config --get commit.template [15ms]
2024-01-05 21:38:21.255 [info] > git for-each-ref --format=%(refname)%00%(upstream:short)%00%(objectname)%00%(upstream:track)%00%(upstream:remotename)%00%(upstream:remoteref) refs/heads/master refs/remotes/master [3ms]
2024-01-05 21:38:21.309 [info] > git status -z -uall [46ms]
2024-01-05 21:38:26.354 [info] > git config --get commit.template [18ms]
2024-01-05 21:38:26.356 [info] > git for-each-ref --format=%(refname)%00%(upstream:short)%00%(objectname)%00%(upstream:track)%00%(upstream:remotename)%00%(upstream:remoteref) refs/heads/master refs/remotes/master [6ms]
2024-01-05 21:38:26.431 [info] > git status -z -uall [66ms]
2024-01-05 21:41:03.244 [info] > git config --get commit.template [12ms]
2024-01-05 21:41:03.295 [info] > git for-each-ref --format=%(refname)%00%(upstream:short)%00%(objectname)%00%(upstream:track)%00%(upstream:remotename)%00%(upstream:remoteref) refs/heads/master refs/remotes/master [9ms]
2024-01-05 21:41:03.531 [info] > git status -z -uall [206ms]
2024-01-05 21:43:12.895 [info] > git config --get commit.template [3ms]
2024-01-05 21:43:12.923 [info] > git for-each-ref --format=%(refname)%00%(upstream:short)%00%(objectname)%00%(upstream:track)%00%(upstream:remotename)%00%(upstream:remoteref) refs/heads/master refs/remotes/master [6ms]
2024-01-05 21:43:13.076 [info] > git status -z -uall [131ms]
2024-01-05 21:43:18.150 [info] > git config --get commit.template [12ms]
2024-01-05 21:43:18.153 [info] > git for-each-ref --format=%(refname)%00%(upstream:short)%00%(objectname)%00%(upstream:track)%00%(upstream:remotename)%00%(upstream:remoteref) refs/heads/master refs/remotes/master [6ms]
2024-01-05 21:43:18.224 [info] > git status -z -uall [61ms]
2024-01-05 21:44:30.329 [info] > git config --get commit.template [52ms]
2024-01-05 21:44:30.332 [info] > git for-each-ref --format=%(refname)%00%(upstream:short)%00%(objectname)%00%(upstream:track)%00%(upstream:remotename)%00%(upstream:remoteref) refs/heads/master refs/remotes/master [11ms]
2024-01-05 21:44:30.425 [info] > git status -z -uall [78ms]
2024-01-05 21:44:35.493 [info] > git config --get commit.template [23ms]
2024-01-05 21:44:35.499 [info] > git for-each-ref --format=%(refname)%00%(upstream:short)%00%(objectname)%00%(upstream:track)%00%(upstream:remotename)%00%(upstream:remoteref) refs/heads/master refs/remotes/master [9ms]
2024-01-05 21:44:35.612 [info] > git status -z -uall [91ms]
2024-01-05 21:44:40.652 [info] > git config --get commit.template [16ms]
2024-01-05 21:44:40.654 [info] > git for-each-ref --format=%(refname)%00%(upstream:short)%00%(objectname)%00%(upstream:track)%00%(upstream:remotename)%00%(upstream:remoteref) refs/heads/master refs/remotes/master [2ms]
2024-01-05 21:44:40.709 [info] > git status -z -uall [48ms]
2024-01-05 21:44:45.745 [info] > git config --get commit.template [11ms]
2024-01-05 21:44:45.746 [info] > git for-each-ref --format=%(refname)%00%(upstream:short)%00%(objectname)%00%(upstream:track)%00%(upstream:remotename)%00%(upstream:remoteref) refs/heads/master refs/remotes/master [3ms]
2024-01-05 21:44:45.798 [info] > git status -z -uall [45ms]
2024-01-05 21:44:50.835 [info] > git config --get commit.template [15ms]
2024-01-05 21:44:50.838 [info] > git for-each-ref --format=%(refname)%00%(upstream:short)%00%(objectname)%00%(upstream:track)%00%(upstream:remotename)%00%(upstream:remoteref) refs/heads/master refs/remotes/master [7ms]
2024-01-05 21:44:50.889 [info] > git status -z -uall [44ms]
2024-01-05 21:44:55.929 [info] > git config --get commit.template [10ms]
2024-01-05 21:44:55.931 [info] > git for-each-ref --format=%(refname)%00%(upstream:short)%00%(objectname)%00%(upstream:track)%00%(upstream:remotename)%00%(upstream:remoteref) refs/heads/master refs/remotes/master [4ms]
2024-01-05 21:44:55.993 [info] > git status -z -uall [49ms]
2024-01-05 21:45:01.040 [info] > git config --get commit.template [12ms]
2024-01-05 21:45:01.041 [info] > git for-each-ref --format=%(refname)%00%(upstream:short)%00%(objectname)%00%(upstream:track)%00%(upstream:remotename)%00%(upstream:remoteref) refs/heads/master refs/remotes/master [2ms]
2024-01-05 21:45:01.099 [info] > git status -z -uall [46ms]
2024-01-05 21:45:06.142 [info] > git config --get commit.template [15ms]
2024-01-05 21:45:06.143 [info] > git for-each-ref --format=%(refname)%00%(upstream:short)%00%(objectname)%00%(upstream:track)%00%(upstream:remotename)%00%(upstream:remoteref) refs/heads/master refs/remotes/master [4ms]
2024-01-05 21:45:06.206 [info] > git status -z -uall [54ms]
2024-01-05 21:45:11.261 [info] > git config --get commit.template [19ms]
2024-01-05 21:45:11.263 [info] > git for-each-ref --format=%(refname)%00%(upstream:short)%00%(objectname)%00%(upstream:track)%00%(upstream:remotename)%00%(upstream:remoteref) refs/heads/master refs/remotes/master [10ms]
2024-01-05 21:45:11.356 [info] > git status -z -uall [77ms]
2024-01-05 21:46:35.957 [info] > git config --get commit.template [29ms]
2024-01-05 21:46:35.961 [info] > git for-each-ref --format=%(refname)%00%(upstream:short)%00%(objectname)%00%(upstream:track)%00%(upstream:remotename)%00%(upstream:remoteref) refs/heads/master refs/remotes/master [6ms]
2024-01-05 21:46:36.050 [info] > git status -z -uall [72ms]
2024-01-05 21:46:41.099 [info] > git config --get commit.template [15ms]
2024-01-05 21:46:41.100 [info] > git for-each-ref --format=%(refname)%00%(upstream:short)%00%(objectname)%00%(upstream:track)%00%(upstream:remotename)%00%(upstream:remoteref) refs/heads/master refs/remotes/master [4ms]
2024-01-05 21:46:41.155 [info] > git status -z -uall [47ms]
2024-01-05 21:46:46.202 [info] > git config --get commit.template [15ms]
2024-01-05 21:46:46.203 [info] > git for-each-ref --format=%(refname)%00%(upstream:short)%00%(objectname)%00%(upstream:track)%00%(upstream:remotename)%00%(upstream:remoteref) refs/heads/master refs/remotes/master [3ms]
2024-01-05 21:46:46.262 [info] > git status -z -uall [51ms]
2024-01-05 21:46:51.304 [info] > git config --get commit.template [10ms]
2024-01-05 21:46:51.307 [info] > git for-each-ref --format=%(refname)%00%(upstream:short)%00%(objectname)%00%(upstream:track)%00%(upstream:remotename)%00%(upstream:remoteref) refs/heads/master refs/remotes/master [3ms]
2024-01-05 21:46:51.362 [info] > git status -z -uall [45ms]
2024-01-05 21:46:56.407 [info] > git config --get commit.template [13ms]
2024-01-05 21:46:56.409 [info] > git for-each-ref --format=%(refname)%00%(upstream:short)%00%(objectname)%00%(upstream:track)%00%(upstream:remotename)%00%(upstream:remoteref) refs/heads/master refs/remotes/master [3ms]
2024-01-05 21:46:56.469 [info] > git status -z -uall [47ms]
2024-01-05 21:47:01.520 [info] > git config --get commit.template [17ms]
2024-01-05 21:47:01.522 [info] > git for-each-ref --format=%(refname)%00%(upstream:short)%00%(objectname)%00%(upstream:track)%00%(upstream:remotename)%00%(upstream:remoteref) refs/heads/master refs/remotes/master [5ms]
2024-01-05 21:47:01.579 [info] > git status -z -uall [44ms]
2024-01-05 21:47:06.625 [info] > git config --get commit.template [16ms]
2024-01-05 21:47:06.628 [info] > git for-each-ref --format=%(refname)%00%(upstream:short)%00%(objectname)%00%(upstream:track)%00%(upstream:remotename)%00%(upstream:remoteref) refs/heads/master refs/remotes/master [5ms]
2024-01-05 21:47:06.686 [info] > git status -z -uall [47ms]
2024-01-05 21:47:11.738 [info] > git config --get commit.template [21ms]
2024-01-05 21:47:11.741 [info] > git for-each-ref --format=%(refname)%00%(upstream:short)%00%(objectname)%00%(upstream:track)%00%(upstream:remotename)%00%(upstream:remoteref) refs/heads/master refs/remotes/master [6ms]
2024-01-05 21:47:11.812 [info] > git status -z -uall [62ms]
2024-01-05 21:47:16.866 [info] > git config --get commit.template [31ms]
2024-01-05 21:47:16.868 [info] > git for-each-ref --format=%(refname)%00%(upstream:short)%00%(objectname)%00%(upstream:track)%00%(upstream:remotename)%00%(upstream:remoteref) refs/heads/master refs/remotes/master [3ms]
2024-01-05 21:47:16.930 [info] > git status -z -uall [52ms]
2024-01-05 21:47:21.970 [info] > git config --get commit.template [15ms]
2024-01-05 21:47:21.971 [info] > git for-each-ref --format=%(refname)%00%(upstream:short)%00%(objectname)%00%(upstream:track)%00%(upstream:remotename)%00%(upstream:remoteref) refs/heads/master refs/remotes/master [2ms]
2024-01-05 21:47:22.029 [info] > git status -z -uall [44ms]
2024-01-05 21:47:27.066 [info] > git config --get commit.template [13ms]
2024-01-05 21:47:27.071 [info] > git for-each-ref --format=%(refname)%00%(upstream:short)%00%(objectname)%00%(upstream:track)%00%(upstream:remotename)%00%(upstream:remoteref) refs/heads/master refs/remotes/master [8ms]
2024-01-05 21:47:27.119 [info] > git status -z -uall [40ms]
2024-01-05 21:47:32.163 [info] > git config --get commit.template [23ms]
2024-01-05 21:47:32.164 [info] > git for-each-ref --format=%(refname)%00%(upstream:short)%00%(objectname)%00%(upstream:track)%00%(upstream:remotename)%00%(upstream:remoteref) refs/heads/master refs/remotes/master [3ms]
2024-01-05 21:47:32.239 [info] > git status -z -uall [65ms]
2024-01-05 21:47:37.276 [info] > git config --get commit.template [11ms]
2024-01-05 21:47:37.277 [info] > git for-each-ref --format=%(refname)%00%(upstream:short)%00%(objectname)%00%(upstream:track)%00%(upstream:remotename)%00%(upstream:remoteref) refs/heads/master refs/remotes/master [2ms]
2024-01-05 21:47:37.329 [info] > git status -z -uall [44ms]
2024-01-05 21:47:42.387 [info] > git config --get commit.template [18ms]
2024-01-05 21:47:42.390 [info] > git for-each-ref --format=%(refname)%00%(upstream:short)%00%(objectname)%00%(upstream:track)%00%(upstream:remotename)%00%(upstream:remoteref) refs/heads/master refs/remotes/master [6ms]
2024-01-05 21:47:42.489 [info] > git status -z -uall [87ms]
2024-01-05 21:47:47.566 [info] > git config --get commit.template [20ms]
2024-01-05 21:47:47.568 [info] > git for-each-ref --format=%(refname)%00%(upstream:short)%00%(objectname)%00%(upstream:track)%00%(upstream:remotename)%00%(upstream:remoteref) refs/heads/master refs/remotes/master [5ms]
2024-01-05 21:47:47.657 [info] > git status -z -uall [78ms]
2024-01-05 21:47:52.718 [info] > git config --get commit.template [22ms]
2024-01-05 21:47:52.719 [info] > git for-each-ref --format=%(refname)%00%(upstream:short)%00%(objectname)%00%(upstream:track)%00%(upstream:remotename)%00%(upstream:remoteref) refs/heads/master refs/remotes/master [8ms]
2024-01-05 21:47:52.805 [info] > git status -z -uall [76ms]
2024-01-05 21:48:27.144 [info] > git config --get commit.template [14ms]
2024-01-05 21:48:27.145 [info] > git for-each-ref --format=%(refname)%00%(upstream:short)%00%(objectname)%00%(upstream:track)%00%(upstream:remotename)%00%(upstream:remoteref) refs/heads/master refs/remotes/master [2ms]
2024-01-05 21:48:27.202 [info] > git status -z -uall [49ms]
2024-01-05 21:48:32.257 [info] > git config --get commit.template [25ms]
2024-01-05 21:48:32.260 [info] > git for-each-ref --format=%(refname)%00%(upstream:short)%00%(objectname)%00%(upstream:track)%00%(upstream:remotename)%00%(upstream:remoteref) refs/heads/master refs/remotes/master [4ms]
2024-01-05 21:48:32.374 [info] > git status -z -uall [89ms]
2024-01-05 21:48:33.100 [info] > git show --textconv :eazyweb.py [24ms]
2024-01-05 21:48:33.102 [info] > git ls-files --stage -- /home/johnchu/eazyweb.py [10ms]
2024-01-05 21:48:33.117 [info] > git cat-file -s 050643d40cd09cede9838246691dbcb058a60829 [5ms]
2024-01-05 21:48:37.463 [info] > git config --get commit.template [58ms]
2024-01-05 21:48:37.468 [info] > git for-each-ref --format=%(refname)%00%(upstream:short)%00%(objectname)%00%(upstream:track)%00%(upstream:remotename)%00%(upstream:remoteref) refs/heads/master refs/remotes/master [8ms]
2024-01-05 21:48:37.596 [info] > git status -z -uall [92ms]
2024-01-05 21:48:41.503 [info] > git show --textconv :eazyweb.py [11ms]
2024-01-05 21:48:41.509 [info] > git ls-files --stage -- /home/johnchu/eazyweb.py [7ms]
2024-01-05 21:48:41.521 [info] > git cat-file -s 050643d40cd09cede9838246691dbcb058a60829 [4ms]
2024-01-05 21:49:15.653 [info] > git config --get commit.template [20ms]
2024-01-05 21:49:15.654 [info] > git for-each-ref --format=%(refname)%00%(upstream:short)%00%(objectname)%00%(upstream:track)%00%(upstream:remotename)%00%(upstream:remoteref) refs/heads/master refs/remotes/master [10ms]
2024-01-05 21:49:15.722 [info] > git status -z -uall [56ms]
2024-01-05 21:49:31.805 [info] > git config --get commit.template [16ms]
2024-01-05 21:49:31.807 [info] > git for-each-ref --format=%(refname)%00%(upstream:short)%00%(objectname)%00%(upstream:track)%00%(upstream:remotename)%00%(upstream:remoteref) refs/heads/master refs/remotes/master [4ms]
2024-01-05 21:49:31.863 [info] > git status -z -uall [48ms]
2024-01-05 21:49:36.916 [info] > git config --get commit.template [14ms]
2024-01-05 21:49:36.919 [info] > git for-each-ref --format=%(refname)%00%(upstream:short)%00%(objectname)%00%(upstream:track)%00%(upstream:remotename)%00%(upstream:remoteref) refs/heads/master refs/remotes/master [3ms]
2024-01-05 21:49:37.062 [info] > git status -z -uall [132ms]
2024-01-05 21:59:58.652 [info] > git config --get commit.template [20ms]
2024-01-05 21:59:58.655 [info] > git for-each-ref --format=%(refname)%00%(upstream:short)%00%(objectname)%00%(upstream:track)%00%(upstream:remotename)%00%(upstream:remoteref) refs/heads/master refs/remotes/master [6ms]
2024-01-05 21:59:58.793 [info] > git status -z -uall [123ms]
2024-01-05 22:00:03.855 [info] > git config --get commit.template [12ms]
2024-01-05 22:00:03.856 [info] > git for-each-ref --format=%(refname)%00%(upstream:short)%00%(objectname)%00%(upstream:track)%00%(upstream:remotename)%00%(upstream:remoteref) refs/heads/master refs/remotes/master [3ms]
2024-01-05 22:00:03.914 [info] > git status -z -uall [50ms]
2024-01-05 22:00:08.956 [info] > git config --get commit.template [17ms]
2024-01-05 22:00:08.958 [info] > git for-each-ref --format=%(refname)%00%(upstream:short)%00%(objectname)%00%(upstream:track)%00%(upstream:remotename)%00%(upstream:remoteref) refs/heads/master refs/remotes/master [3ms]
2024-01-05 22:00:09.017 [info] > git status -z -uall [50ms]
2024-01-05 22:00:52.439 [info] > git config --get commit.template [34ms]
2024-01-05 22:00:52.441 [info] > git for-each-ref --format=%(refname)%00%(upstream:short)%00%(objectname)%00%(upstream:track)%00%(upstream:remotename)%00%(upstream:remoteref) refs/heads/master refs/remotes/master [2ms]
2024-01-05 22:00:52.527 [info] > git status -z -uall [71ms]
2024-01-05 22:00:57.578 [info] > git config --get commit.template [15ms]
2024-01-05 22:00:57.580 [info] > git for-each-ref --format=%(refname)%00%(upstream:short)%00%(objectname)%00%(upstream:track)%00%(upstream:remotename)%00%(upstream:remoteref) refs/heads/master refs/remotes/master [3ms]
2024-01-05 22:00:57.643 [info] > git status -z -uall [52ms]
2024-01-05 22:04:43.638 [info] > git config --get commit.template [16ms]
2024-01-05 22:04:43.647 [info] > git for-each-ref --format=%(refname)%00%(upstream:short)%00%(objectname)%00%(upstream:track)%00%(upstream:remotename)%00%(upstream:remoteref) refs/heads/master refs/remotes/master [11ms]
2024-01-05 22:04:43.728 [info] > git status -z -uall [73ms]
2024-01-05 22:04:48.819 [info] > git config --get commit.template [39ms]
2024-01-05 22:04:48.822 [info] > git for-each-ref --format=%(refname)%00%(upstream:short)%00%(objectname)%00%(upstream:track)%00%(upstream:remotename)%00%(upstream:remoteref) refs/heads/master refs/remotes/master [9ms]
2024-01-05 22:04:48.955 [info] > git status -z -uall [115ms]
