2024-01-08 22:48:25.713 [info] 記錄層級: Info
2024-01-08 22:48:25.714 [info] 正在驗證在下列位置找到的 Git: "git"
2024-01-08 22:48:25.714 [info] 正在使用來自 "2.34.1" 的 Git "git"
2024-01-08 22:48:25.714 [info] > git rev-parse --show-toplevel [347ms]
2024-01-08 22:48:25.714 [info] > git rev-parse --git-dir --git-common-dir [29ms]
2024-01-08 22:48:25.714 [info] Open repository: /home/johnchu
2024-01-08 22:48:25.714 [info] > git rev-parse --show-toplevel [23ms]
2024-01-08 22:48:25.714 [info] > git config --get commit.template [45ms]
2024-01-08 22:48:25.733 [info] > git rev-parse --show-toplevel [20ms]
2024-01-08 22:48:27.184 [info] > git for-each-ref --format=%(refname)%00%(upstream:short)%00%(objectname)%00%(upstream:track)%00%(upstream:remotename)%00%(upstream:remoteref) refs/heads/master refs/remotes/master [1461ms]
2024-01-08 22:48:27.214 [info] > git rev-parse --show-toplevel [1475ms]
2024-01-08 22:48:27.728 [info] > git check-ignore -v -z --stdin [558ms]
2024-01-08 22:48:27.729 [info] > git rev-parse --show-toplevel [505ms]
2024-01-08 22:48:27.766 [info] > git rev-parse --show-toplevel [7ms]
2024-01-08 22:48:29.324 [info] > git check-ignore -v -z --stdin [67ms]
2024-01-08 22:48:29.339 [info] > git status -z -uall [2127ms]
2024-01-08 22:48:31.278 [info] > git config --get commit.template [183ms]
2024-01-08 22:48:31.335 [info] > git show --textconv :master.py [23ms]
2024-01-08 22:48:31.336 [info] > git for-each-ref --format=%(refname)%00%(upstream:short)%00%(objectname)%00%(upstream:track)%00%(upstream:remotename)%00%(upstream:remoteref) refs/heads/master refs/remotes/master [45ms]
2024-01-08 22:48:31.348 [info] > git ls-files --stage -- /home/johnchu/master.py [19ms]
2024-01-08 22:48:31.561 [info] > git status -z -uall [215ms]
2024-01-08 22:48:44.847 [info] > git config --get commit.template [11ms]
2024-01-08 22:48:44.881 [info] > git for-each-ref --format=%(refname)%00%(upstream:short)%00%(objectname)%00%(upstream:track)%00%(upstream:remotename)%00%(upstream:remoteref) refs/heads/master refs/remotes/master [10ms]
2024-01-08 22:48:45.050 [info] > git status -z -uall [155ms]
2024-01-08 22:48:50.609 [info] > git config --get commit.template [30ms]
2024-01-08 22:48:50.610 [info] > git for-each-ref --format=%(refname)%00%(upstream:short)%00%(objectname)%00%(upstream:track)%00%(upstream:remotename)%00%(upstream:remoteref) refs/heads/master refs/remotes/master [4ms]
2024-01-08 22:48:50.726 [info] > git status -z -uall [102ms]
2024-01-08 22:48:55.865 [info] > git config --get commit.template [17ms]
2024-01-08 22:48:55.866 [info] > git for-each-ref --format=%(refname)%00%(upstream:short)%00%(objectname)%00%(upstream:track)%00%(upstream:remotename)%00%(upstream:remoteref) refs/heads/master refs/remotes/master [6ms]
2024-01-08 22:48:55.950 [info] > git status -z -uall [73ms]
2024-01-08 22:49:01.080 [info] > git config --get commit.template [17ms]
2024-01-08 22:49:01.082 [info] > git for-each-ref --format=%(refname)%00%(upstream:short)%00%(objectname)%00%(upstream:track)%00%(upstream:remotename)%00%(upstream:remoteref) refs/heads/master refs/remotes/master [3ms]
2024-01-08 22:49:01.210 [info] > git status -z -uall [103ms]
2024-01-08 22:49:06.348 [info] > git config --get commit.template [15ms]
2024-01-08 22:49:06.350 [info] > git for-each-ref --format=%(refname)%00%(upstream:short)%00%(objectname)%00%(upstream:track)%00%(upstream:remotename)%00%(upstream:remoteref) refs/heads/master refs/remotes/master [6ms]
2024-01-08 22:49:06.448 [info] > git status -z -uall [88ms]
2024-01-08 22:49:11.580 [info] > git config --get commit.template [17ms]
2024-01-08 22:49:11.581 [info] > git for-each-ref --format=%(refname)%00%(upstream:short)%00%(objectname)%00%(upstream:track)%00%(upstream:remotename)%00%(upstream:remoteref) refs/heads/master refs/remotes/master [3ms]
2024-01-08 22:49:11.676 [info] > git status -z -uall [74ms]
2024-01-08 22:49:16.791 [info] > git config --get commit.template [14ms]
2024-01-08 22:49:16.793 [info] > git for-each-ref --format=%(refname)%00%(upstream:short)%00%(objectname)%00%(upstream:track)%00%(upstream:remotename)%00%(upstream:remoteref) refs/heads/master refs/remotes/master [4ms]
2024-01-08 22:49:16.896 [info] > git status -z -uall [93ms]
2024-01-08 22:49:22.037 [info] > git config --get commit.template [27ms]
2024-01-08 22:49:22.040 [info] > git for-each-ref --format=%(refname)%00%(upstream:short)%00%(objectname)%00%(upstream:track)%00%(upstream:remotename)%00%(upstream:remoteref) refs/heads/master refs/remotes/master [4ms]
2024-01-08 22:49:22.194 [info] > git status -z -uall [140ms]
2024-01-08 22:49:27.327 [info] > git config --get commit.template [15ms]
2024-01-08 22:49:27.327 [info] > git for-each-ref --format=%(refname)%00%(upstream:short)%00%(objectname)%00%(upstream:track)%00%(upstream:remotename)%00%(upstream:remoteref) refs/heads/master refs/remotes/master [3ms]
2024-01-08 22:49:27.412 [info] > git status -z -uall [75ms]
2024-01-08 22:49:32.549 [info] > git config --get commit.template [15ms]
2024-01-08 22:49:32.550 [info] > git for-each-ref --format=%(refname)%00%(upstream:short)%00%(objectname)%00%(upstream:track)%00%(upstream:remotename)%00%(upstream:remoteref) refs/heads/master refs/remotes/master [3ms]
2024-01-08 22:49:32.652 [info] > git status -z -uall [89ms]
2024-01-08 22:49:37.762 [info] > git config --get commit.template [14ms]
2024-01-08 22:49:37.763 [info] > git for-each-ref --format=%(refname)%00%(upstream:short)%00%(objectname)%00%(upstream:track)%00%(upstream:remotename)%00%(upstream:remoteref) refs/heads/master refs/remotes/master [3ms]
2024-01-08 22:49:37.851 [info] > git status -z -uall [77ms]
2024-01-08 22:49:42.995 [info] > git config --get commit.template [17ms]
2024-01-08 22:49:42.996 [info] > git for-each-ref --format=%(refname)%00%(upstream:short)%00%(objectname)%00%(upstream:track)%00%(upstream:remotename)%00%(upstream:remoteref) refs/heads/master refs/remotes/master [3ms]
2024-01-08 22:49:43.095 [info] > git status -z -uall [88ms]
2024-01-08 22:49:48.228 [info] > git config --get commit.template [21ms]
2024-01-08 22:49:48.243 [info] > git for-each-ref --format=%(refname)%00%(upstream:short)%00%(objectname)%00%(upstream:track)%00%(upstream:remotename)%00%(upstream:remoteref) refs/heads/master refs/remotes/master [17ms]
2024-01-08 22:49:48.366 [info] > git status -z -uall [106ms]
2024-01-08 22:49:53.548 [info] > git config --get commit.template [16ms]
2024-01-08 22:49:53.549 [info] > git for-each-ref --format=%(refname)%00%(upstream:short)%00%(objectname)%00%(upstream:track)%00%(upstream:remotename)%00%(upstream:remoteref) refs/heads/master refs/remotes/master [2ms]
2024-01-08 22:49:53.887 [info] > git status -z -uall [326ms]
2024-01-08 22:52:00.120 [info] > git config --get commit.template [93ms]
2024-01-08 22:52:00.123 [info] > git for-each-ref --format=%(refname)%00%(upstream:short)%00%(objectname)%00%(upstream:track)%00%(upstream:remotename)%00%(upstream:remoteref) refs/heads/master refs/remotes/master [14ms]
2024-01-08 22:52:00.517 [info] > git status -z -uall [362ms]
2024-01-08 22:52:05.858 [info] > git config --get commit.template [20ms]
2024-01-08 22:52:05.861 [info] > git for-each-ref --format=%(refname)%00%(upstream:short)%00%(objectname)%00%(upstream:track)%00%(upstream:remotename)%00%(upstream:remoteref) refs/heads/master refs/remotes/master [5ms]
2024-01-08 22:52:05.978 [info] > git status -z -uall [101ms]
2024-01-08 22:52:11.093 [info] > git config --get commit.template [17ms]
2024-01-08 22:52:11.095 [info] > git for-each-ref --format=%(refname)%00%(upstream:short)%00%(objectname)%00%(upstream:track)%00%(upstream:remotename)%00%(upstream:remoteref) refs/heads/master refs/remotes/master [7ms]
2024-01-08 22:52:11.215 [info] > git status -z -uall [104ms]
2024-01-08 22:53:06.113 [info] > git config --get commit.template [29ms]
2024-01-08 22:53:06.114 [info] > git for-each-ref --format=%(refname)%00%(upstream:short)%00%(objectname)%00%(upstream:track)%00%(upstream:remotename)%00%(upstream:remoteref) refs/heads/master refs/remotes/master [4ms]
2024-01-08 22:53:06.376 [info] > git status -z -uall [252ms]
2024-01-08 22:53:11.540 [info] > git config --get commit.template [18ms]
2024-01-08 22:53:11.541 [info] > git for-each-ref --format=%(refname)%00%(upstream:short)%00%(objectname)%00%(upstream:track)%00%(upstream:remotename)%00%(upstream:remoteref) refs/heads/master refs/remotes/master [3ms]
2024-01-08 22:53:11.643 [info] > git status -z -uall [86ms]
2024-01-08 22:53:16.746 [info] > git config --get commit.template [2ms]
2024-01-08 22:53:16.812 [info] > git for-each-ref --format=%(refname)%00%(upstream:short)%00%(objectname)%00%(upstream:track)%00%(upstream:remotename)%00%(upstream:remoteref) refs/heads/master refs/remotes/master [6ms]
2024-01-08 22:53:16.921 [info] > git status -z -uall [80ms]
2024-01-08 22:53:22.047 [info] > git config --get commit.template [15ms]
2024-01-08 22:53:22.048 [info] > git for-each-ref --format=%(refname)%00%(upstream:short)%00%(objectname)%00%(upstream:track)%00%(upstream:remotename)%00%(upstream:remoteref) refs/heads/master refs/remotes/master [5ms]
2024-01-08 22:53:22.212 [info] > git status -z -uall [145ms]
2024-01-08 22:53:27.351 [info] > git config --get commit.template [14ms]
2024-01-08 22:53:27.352 [info] > git for-each-ref --format=%(refname)%00%(upstream:short)%00%(objectname)%00%(upstream:track)%00%(upstream:remotename)%00%(upstream:remoteref) refs/heads/master refs/remotes/master [3ms]
2024-01-08 22:53:27.444 [info] > git status -z -uall [78ms]
