2024-01-08 22:48:23.411 [info] Extension host with pid 1419 started
2024-01-08 22:48:23.411 [error] Error: EEXIST: file already exists, open '/home/johnchu/.vscode-server/data/User/workspaceStorage/d7bf03a1a47cdbd01257807d333c1f38/vscode.lock'
2024-01-08 22:48:23.446 [info] Lock '/home/johnchu/.vscode-server/data/User/workspaceStorage/d7bf03a1a47cdbd01257807d333c1f38/vscode.lock': Could not acquire lock, checking if the file is stale.
2024-01-08 22:48:23.467 [info] Lock '/home/johnchu/.vscode-server/data/User/workspaceStorage/d7bf03a1a47cdbd01257807d333c1f38/vscode.lock': The pid 1762 appears to be gone.
2024-01-08 22:48:23.467 [info] Lock '/home/johnchu/.vscode-server/data/User/workspaceStorage/d7bf03a1a47cdbd01257807d333c1f38/vscode.lock': Deleting a stale lock.
2024-01-08 22:48:23.526 [info] ExtensionService#_doActivateExtension vscode.emmet, startup: false, activationEvent: 'onLanguage'
2024-01-08 22:48:23.529 [info] ExtensionService#_doActivateExtension ms-python.python, startup: false, activationEvent: 'onLanguage:python'
2024-01-08 22:48:23.539 [info] Lock '/home/johnchu/.vscode-server/data/User/workspaceStorage/d7bf03a1a47cdbd01257807d333c1f38/vscode.lock': Lock acquired.
2024-01-08 22:48:24.534 [info] ExtensionService#_doActivateExtension vscode.git-base, startup: true, activationEvent: '*', root cause: vscode.git
2024-01-08 22:48:24.609 [info] ExtensionService#_doActivateExtension vscode.git, startup: true, activationEvent: '*'
2024-01-08 22:48:24.610 [info] ExtensionService#_doActivateExtension vscode.github, startup: true, activationEvent: '*'
2024-01-08 22:48:26.399 [warning] Using default string since no string found in i18n bundle that has the key: You need to select a Python interpreter before you start debugging.

Tip: click on "Select Interpreter" in the status bar.
2024-01-08 22:48:26.399 [warning] Using default string since no string found in i18n bundle that has the key: The Python extension now includes Pylance to improve completions, code navigation, overall performance and much more! You can learn more about the update and learn how to change your language server [here](https://aka.ms/new-python-bundle).

Read Pylance's license [here](https://marketplace.visualstudio.com/items/ms-python.vscode-pylance/license).
2024-01-08 22:48:26.399 [warning] Using default string since no string found in i18n bundle that has the key: Python is unable to parse the code provided. Please
    turn off Smart Send if you wish to always run line by line or explicitly select code
    to force run. See [logs](command:{0}) for more details
2024-01-08 22:48:26.401 [warning] Using default string since no string found in i18n bundle that has the key: The Microsoft Python Language Server has reached end of life. Your language server has been set to the default for Python in VS Code, Pylance.

If you'd like to change your language server, you can learn about how to do so [here](https://devblogs.microsoft.com/python/python-in-visual-studio-code-may-2021-release/#configuring-your-language-server).

Read Pylance's license [here](https://marketplace.visualstudio.com/items/ms-python.vscode-pylance/license).
2024-01-08 22:48:27.978 [info] ExtensionService#_doActivateExtension ms-python.vscode-pylance, startup: false, activationEvent: 'onLanguage:python'
2024-01-08 22:48:29.116 [info] Eager extensions activated
2024-01-08 22:48:29.118 [info] ExtensionService#_doActivateExtension vscode.debug-auto-launch, startup: false, activationEvent: 'onStartupFinished'
2024-01-08 22:48:29.119 [info] ExtensionService#_doActivateExtension vscode.merge-conflict, startup: false, activationEvent: 'onStartupFinished'
2024-01-08 22:48:29.623 [warning] [Decorations] CAPPING events from decorations provider vscode.git 6965
2024-01-08 22:48:31.712 [warning] [Decorations] CAPPING events from decorations provider vscode.git 7008
2024-01-08 22:48:45.287 [warning] [Decorations] CAPPING events from decorations provider vscode.git 7009
2024-01-08 22:48:50.804 [warning] [Decorations] CAPPING events from decorations provider vscode.git 7020
2024-01-08 22:48:56.028 [warning] [Decorations] CAPPING events from decorations provider vscode.git 7020
2024-01-08 22:49:01.279 [warning] [Decorations] CAPPING events from decorations provider vscode.git 7020
2024-01-08 22:49:06.521 [warning] [Decorations] CAPPING events from decorations provider vscode.git 7020
2024-01-08 22:49:11.745 [warning] [Decorations] CAPPING events from decorations provider vscode.git 7020
2024-01-08 22:49:16.972 [warning] [Decorations] CAPPING events from decorations provider vscode.git 7020
2024-01-08 22:49:22.265 [warning] [Decorations] CAPPING events from decorations provider vscode.git 7020
2024-01-08 22:49:27.493 [warning] [Decorations] CAPPING events from decorations provider vscode.git 7020
2024-01-08 22:49:32.719 [warning] [Decorations] CAPPING events from decorations provider vscode.git 7020
2024-01-08 22:49:37.939 [warning] [Decorations] CAPPING events from decorations provider vscode.git 7020
2024-01-08 22:49:43.169 [warning] [Decorations] CAPPING events from decorations provider vscode.git 7020
2024-01-08 22:49:48.495 [warning] [Decorations] CAPPING events from decorations provider vscode.git 7020
2024-01-08 22:49:53.991 [warning] [Decorations] CAPPING events from decorations provider vscode.git 7021
2024-01-08 22:52:00.771 [warning] [Decorations] CAPPING events from decorations provider vscode.git 7021
2024-01-08 22:52:06.044 [warning] [Decorations] CAPPING events from decorations provider vscode.git 7021
2024-01-08 22:52:11.293 [warning] [Decorations] CAPPING events from decorations provider vscode.git 7021
2024-01-08 22:53:06.477 [warning] [Decorations] CAPPING events from decorations provider vscode.git 7021
2024-01-08 22:53:11.713 [warning] [Decorations] CAPPING events from decorations provider vscode.git 7021
2024-01-08 22:53:16.995 [warning] [Decorations] CAPPING events from decorations provider vscode.git 7021
2024-01-08 22:53:22.293 [warning] [Decorations] CAPPING events from decorations provider vscode.git 7021
2024-01-08 22:53:27.515 [warning] [Decorations] CAPPING events from decorations provider vscode.git 7022
